Using pre-set license
Built from '2021.3/staging' branch; Version is '2021.3.5f1 (40eb3a945986) revision 4254522'; Using compiler version '192829333'; Build Type 'Release'
OS: 'Windows 10  (10.0.19045) 64bit Professional' Language: 'ru' Physical Memory: 8097 MB
BatchMode: 1, IsHumanControllingUs: 0, StartBugReporterOnCrash: 0, Is64bit: 1, IsPro: 1

COMMAND LINE ARGUMENTS:
C:\Program Files\Unity\Hub\Editor\2021.3.5f1\Editor\Unity.exe
-adb2
-batchMode
-noUpm
-name
AssetImportWorker0
-projectPath
C:/Users/Algo/Documents/GitHub/project-3d
-logFile
Logs/AssetImportWorker0.log
-srvPort
63910
Successfully changed project path to: C:/Users/Algo/Documents/GitHub/project-3d
C:/Users/Algo/Documents/GitHub/project-3d
[UnityMemory] Configuration Parameters - Can be set up in boot.config
    "memorysetup-bucket-allocator-granularity=16"
    "memorysetup-bucket-allocator-bucket-count=8"
    "memorysetup-bucket-allocator-block-size=33554432"
    "memorysetup-bucket-allocator-block-count=8"
    "memorysetup-main-allocator-block-size=16777216"
    "memorysetup-thread-allocator-block-size=16777216"
    "memorysetup-gfx-main-allocator-block-size=16777216"
    "memorysetup-gfx-thread-allocator-block-size=16777216"
    "memorysetup-cache-allocator-block-size=4194304"
    "memorysetup-typetree-allocator-block-size=2097152"
    "memorysetup-profiler-bucket-allocator-granularity=16"
    "memorysetup-profiler-bucket-allocator-bucket-count=8"
    "memorysetup-profiler-bucket-allocator-block-size=33554432"
    "memorysetup-profiler-bucket-allocator-block-count=8"
    "memorysetup-profiler-allocator-block-size=16777216"
    "memorysetup-profiler-editor-allocator-block-size=1048576"
    "memorysetup-temp-allocator-size-main=16777216"
    "memorysetup-job-temp-allocator-block-size=2097152"
    "memorysetup-job-temp-allocator-block-size-background=1048576"
    "memorysetup-job-temp-allocator-reduction-small-platforms=262144"
    "memorysetup-temp-allocator-size-background-worker=32768"
    "memorysetup-temp-allocator-size-job-worker=262144"
    "memorysetup-temp-allocator-size-preload-manager=33554432"
    "memorysetup-temp-allocator-size-nav-mesh-worker=65536"
    "memorysetup-temp-allocator-size-audio-worker=65536"
    "memorysetup-temp-allocator-size-cloud-worker=32768"
    "memorysetup-temp-allocator-size-gi-baking-worker=262144"
    "memorysetup-temp-allocator-size-gfx=262144"
Refreshing native plugins compatible for Editor in 174.21 ms, found 3 plugins.
Preloading 0 native plugins for Editor in 0.00 ms.
Initialize engine version: 2021.3.5f1 (40eb3a945986)
[Subsystems] Discovering subsystems at path C:/Program Files/Unity/Hub/Editor/2021.3.5f1/Editor/Data/Resources/UnitySubsystems
[Subsystems] Discovering subsystems at path C:/Users/Algo/Documents/GitHub/project-3d/Assets
GfxDevice: creating device client; threaded=0; jobified=0
Direct3D:
    Version:  Direct3D 11.0 [level 11.0]
    Renderer: NVIDIA GeForce 920MX (ID=0x134f)
    Vendor:   NVIDIA
    VRAM:     2020 MB
    Driver:   22.21.13.8264
Initialize mono
Mono path[0] = 'C:/Program Files/Unity/Hub/Editor/2021.3.5f1/Editor/Data/Managed'
Mono path[1] = 'C:/Program Files/Unity/Hub/Editor/2021.3.5f1/Editor/Data/MonoBleedingEdge/lib/mono/unityjit-win32'
Mono config path = 'C:/Program Files/Unity/Hub/Editor/2021.3.5f1/Editor/Data/MonoBleedingEdge/etc'
Using monoOptions --debugger-agent=transport=dt_socket,embedding=1,server=y,suspend=n,address=127.0.0.1:56372
Begin MonoManager ReloadAssembly
Registering precompiled unity dll's ...
Register platform support module: C:/Program Files/Unity/Hub/Editor/2021.3.5f1/Editor/Data/PlaybackEngines/WindowsStandaloneSupport/UnityEditor.WindowsStandalone.Extensions.dll
Registered in 0.010489 seconds.
Native extension for WindowsStandalone target not found
Refreshing native plugins compatible for Editor in 198.37 ms, found 3 plugins.
Preloading 0 native plugins for Editor in 0.00 ms.
Mono: successfully reloaded assembly
- Completed reload, in  1.211 seconds
Domain Reload Profiling:
	ReloadAssembly (1211ms)
		BeginReloadAssembly (170ms)
			ExecutionOrderSort (0ms)
			DisableScriptedObjects (0ms)
			BackupInstance (0ms)
			ReleaseScriptingObjects (0ms)
			CreateAndSetChildDomain (1ms)
		EndReloadAssembly (839ms)
			LoadAssemblies (166ms)
			RebuildTransferFunctionScriptingTraits (0ms)
			SetupTypeCache (193ms)
			ReleaseScriptCaches (0ms)
			RebuildScriptCaches (45ms)
			SetupLoadedEditorAssemblies (513ms)
				LogAssemblyErrors (0ms)
				InitializePlatformSupportModulesInManaged (14ms)
				SetLoadedEditorAssemblies (0ms)
				RefreshPlugins (199ms)
				BeforeProcessingInitializeOnLoad (3ms)
				ProcessInitializeOnLoadAttributes (208ms)
				ProcessInitializeOnLoadMethodAttributes (90ms)
				AfterProcessingInitializeOnLoad (0ms)
				EditorAssembliesLoaded (0ms)
			ExecutionOrderSort2 (0ms)
			AwakeInstancesAfterBackupRestoration (0ms)
Platform modules already initialized, skipping
Registering precompiled user dll's ...
Registered in 0.009906 seconds.
Begin MonoManager ReloadAssembly
Symbol file LoadedFromMemory doesn't match image C:\Users\Algo\Documents\GitHub\project-3d\Library\PackageCache\com.unity.visualscripting@1.7.8\Editor\VisualScripting.Core\Dependencies\YamlDotNet\Unity.VisualScripting.YamlDotNet.dll
Symbol file LoadedFromMemory doesn't match image C:\Users\Algo\Documents\GitHub\project-3d\Library\PackageCache\com.unity.visualscripting@1.7.8\Editor\VisualScripting.Core\Dependencies\DotNetZip\Unity.VisualScripting.IonicZip.dll
Native extension for WindowsStandalone target not found
Refreshing native plugins compatible for Editor in 0.94 ms, found 3 plugins.
Preloading 0 native plugins for Editor in 0.00 ms.
Mono: successfully reloaded assembly
- Completed reload, in  1.812 seconds
Domain Reload Profiling:
	ReloadAssembly (1813ms)
		BeginReloadAssembly (214ms)
			ExecutionOrderSort (0ms)
			DisableScriptedObjects (13ms)
			BackupInstance (0ms)
			ReleaseScriptingObjects (0ms)
			CreateAndSetChildDomain (34ms)
		EndReloadAssembly (1407ms)
			LoadAssemblies (161ms)
			RebuildTransferFunctionScriptingTraits (0ms)
			SetupTypeCache (483ms)
			ReleaseScriptCaches (1ms)
			RebuildScriptCaches (88ms)
			SetupLoadedEditorAssemblies (615ms)
				LogAssemblyErrors (0ms)
				InitializePlatformSupportModulesInManaged (11ms)
				SetLoadedEditorAssemblies (1ms)
				RefreshPlugins (1ms)
				BeforeProcessingInitializeOnLoad (155ms)
				ProcessInitializeOnLoadAttributes (390ms)
				ProcessInitializeOnLoadMethodAttributes (45ms)
				AfterProcessingInitializeOnLoad (12ms)
				EditorAssembliesLoaded (0ms)
			ExecutionOrderSort2 (0ms)
			AwakeInstancesAfterBackupRestoration (12ms)
Platform modules already initialized, skipping
========================================================================
Worker process is ready to serve import requests
Launched and connected shader compiler UnityShaderCompiler.exe after 0.09 seconds
Refreshing native plugins compatible for Editor in 1.54 ms, found 3 plugins.
Preloading 0 native plugins for Editor in 0.00 ms.
Unloading 3378 Unused Serialized files (Serialized files now loaded: 0)
Unloading 27 unused Assets / (111.5 KB). Loaded Objects now: 3842.
Memory consumption went from 120.3 MB to 120.2 MB.
Total: 6.036000 ms (FindLiveObjects: 0.409400 ms CreateObjectMapping: 0.335300 ms MarkObjects: 5.089900 ms  DeleteObjects: 0.199100 ms)

AssetImportParameters requested are different than current active one (requested -> active):
  custom:video-decoder-ogg-theora: a1e56fd34408186e4bbccfd4996cb3dc -> 
  custom:container-muxer-webm: aa71ff27fc2769a1b78a27578f13a17b -> 
  custom:container-demuxer-webm: 4f35f7cbe854078d1ac9338744f61a02 -> 
  custom:video-encoder-webm-vp8: eb34c28f22e8b96e1ab97ce403110664 -> 
  custom:audio-encoder-webm-vorbis: bf7c407c2cedff20999df2af8eb42d56 -> 
  custom:framework-win-MediaFoundation: 216162199b28c13a410421893ffa2e32 -> 
  custom:container-demuxer-ogg: 62fdf1f143b41e24485cea50d1cbac27 -> 
  custom:video-decoder-webm-vp8: 9c59270c3fd7afecdb556c50c9e8de78 -> 
  custom:audio-decoder-ogg-vorbis: bf7c407c2cedff20999df2af8eb42d56 -> 
========================================================================
Received Import Request.
  Time since last request: 319896.842437 seconds.
  path: Assets/Code
  artifactKey: Guid(92cd512514f654a8cad5db81f1f66631) Importer(815301076,1909f56bfc062723c751e8b465ee728b)
Start importing Assets/Code using Guid(92cd512514f654a8cad5db81f1f66631) Importer(815301076,1909f56bfc062723c751e8b465ee728b)  -> (artifact id: '38f0774570106fbfc27d73fbb38a749a') in 0.029761 seconds 
========================================================================
Received Import Request.
  Time since last request: 14.033746 seconds.
  path: Assets/Code/SceneChange.cs
  artifactKey: Guid(bbf79772c2dab9449b17d84216c96516) Importer(815301076,1909f56bfc062723c751e8b465ee728b)
Start importing Assets/Code/SceneChange.cs using Guid(bbf79772c2dab9449b17d84216c96516) Importer(815301076,1909f56bfc062723c751e8b465ee728b)  -> (artifact id: '4a47e34b45f43bc829603d5e48d47db3') in 0.107373 seconds 
========================================================================
Received Prepare
Registering precompiled user dll's ...
Registered in 0.011910 seconds.
Begin MonoManager ReloadAssembly
Symbol file LoadedFromMemory doesn't match image C:\Users\Algo\Documents\GitHub\project-3d\Library\PackageCache\com.unity.visualscripting@1.7.8\Editor\VisualScripting.Core\Dependencies\YamlDotNet\Unity.VisualScripting.YamlDotNet.dll
Symbol file LoadedFromMemory doesn't match image C:\Users\Algo\Documents\GitHub\project-3d\Library\PackageCache\com.unity.visualscripting@1.7.8\Editor\VisualScripting.Core\Dependencies\DotNetZip\Unity.VisualScripting.IonicZip.dll
Native extension for WindowsStandalone target not found
Refreshing native plugins compatible for Editor in 0.97 ms, found 3 plugins.
Preloading 0 native plugins for Editor in 0.00 ms.
Mono: successfully reloaded assembly
- Completed reload, in  2.205 seconds
Domain Reload Profiling:
	ReloadAssembly (2206ms)
		BeginReloadAssembly (302ms)
			ExecutionOrderSort (0ms)
			DisableScriptedObjects (8ms)
			BackupInstance (0ms)
			ReleaseScriptingObjects (0ms)
			CreateAndSetChildDomain (59ms)
		EndReloadAssembly (1514ms)
			LoadAssemblies (220ms)
			RebuildTransferFunctionScriptingTraits (0ms)
			SetupTypeCache (584ms)
			ReleaseScriptCaches (2ms)
			RebuildScriptCaches (76ms)
			SetupLoadedEditorAssemblies (622ms)
				LogAssemblyErrors (0ms)
				InitializePlatformSupportModulesInManaged (27ms)
				SetLoadedEditorAssemblies (1ms)
				RefreshPlugins (1ms)
				BeforeProcessingInitializeOnLoad (137ms)
				ProcessInitializeOnLoadAttributes (393ms)
				ProcessInitializeOnLoadMethodAttributes (47ms)
				AfterProcessingInitializeOnLoad (15ms)
				EditorAssembliesLoaded (0ms)
			ExecutionOrderSort2 (0ms)
			AwakeInstancesAfterBackupRestoration (14ms)
Platform modules already initialized, skipping
Refreshing native plugins compatible for Editor in 4.87 ms, found 3 plugins.
Preloading 0 native plugins for Editor in 0.00 ms.
Unloading 3373 Unused Serialized files (Serialized files now loaded: 0)
Unloading 20 unused Assets / (79.2 KB). Loaded Objects now: 3846.
Memory consumption went from 120.2 MB to 120.1 MB.
Total: 6.339800 ms (FindLiveObjects: 0.525200 ms CreateObjectMapping: 0.495200 ms MarkObjects: 5.129200 ms  DeleteObjects: 0.187900 ms)

AssetImportParameters requested are different than current active one (requested -> active):
  custom:video-decoder-ogg-theora: a1e56fd34408186e4bbccfd4996cb3dc -> 
  custom:container-muxer-webm: aa71ff27fc2769a1b78a27578f13a17b -> 
  custom:container-demuxer-webm: 4f35f7cbe854078d1ac9338744f61a02 -> 
  custom:video-encoder-webm-vp8: eb34c28f22e8b96e1ab97ce403110664 -> 
  custom:audio-encoder-webm-vorbis: bf7c407c2cedff20999df2af8eb42d56 -> 
  custom:framework-win-MediaFoundation: 216162199b28c13a410421893ffa2e32 -> 
  custom:container-demuxer-ogg: 62fdf1f143b41e24485cea50d1cbac27 -> 
  custom:video-decoder-webm-vp8: 9c59270c3fd7afecdb556c50c9e8de78 -> 
  custom:audio-decoder-ogg-vorbis: bf7c407c2cedff20999df2af8eb42d56 -> 
========================================================================
Received Import Request.
  Time since last request: 368.779155 seconds.
  path: Assets/Levels
  artifactKey: Guid(ef001a490f047404e845606c6b8d06ec) Importer(815301076,1909f56bfc062723c751e8b465ee728b)
Start importing Assets/Levels using Guid(ef001a490f047404e845606c6b8d06ec) Importer(815301076,1909f56bfc062723c751e8b465ee728b)  -> (artifact id: '0b756c57f7ce960fb9e5dfc7f425c99c') in 0.036650 seconds 
========================================================================
Received Import Request.
  Time since last request: 2.085488 seconds.
  path: Assets/Levels/Models
  artifactKey: Guid(e212d3057e2eab04cbadbc4cd62b4837) Importer(815301076,1909f56bfc062723c751e8b465ee728b)
Start importing Assets/Levels/Models using Guid(e212d3057e2eab04cbadbc4cd62b4837) Importer(815301076,1909f56bfc062723c751e8b465ee728b)  -> (artifact id: 'e63128bf863a42c62581d4646652998d') in 0.024818 seconds 
========================================================================
Received Import Request.
  Time since last request: 0.063251 seconds.
  path: Assets/Levels/Models/Arrows.fbx
  artifactKey: Guid(2debf46a854eead4abdc01f0ab771ade) Importer(815301076,1909f56bfc062723c751e8b465ee728b)
Start importing Assets/Levels/Models/Arrows.fbx using Guid(2debf46a854eead4abdc01f0ab771ade) Importer(815301076,1909f56bfc062723c751e8b465ee728b)  -> (artifact id: 'e733649f12c666d9b464e606713d2ac0') in 0.237880 seconds 
========================================================================
Received Import Request.
  Time since last request: 0.000110 seconds.
  path: Assets/Levels/Models/Spikes.fbx
  artifactKey: Guid(0b5a4e47006de6045990ec766be2d40b) Importer(815301076,1909f56bfc062723c751e8b465ee728b)
Start importing Assets/Levels/Models/Spikes.fbx using Guid(0b5a4e47006de6045990ec766be2d40b) Importer(815301076,1909f56bfc062723c751e8b465ee728b)  -> (artifact id: '2873cf8969854e6efeb0908ef9b02cdb') in 0.057254 seconds 
========================================================================
Received Import Request.
  Time since last request: 0.000040 seconds.
  path: Assets/Levels/Models/Gates.fbx
  artifactKey: Guid(91bbc30387e50154e98be52501da6a35) Importer(815301076,1909f56bfc062723c751e8b465ee728b)
Start importing Assets/Levels/Models/Gates.fbx using Guid(91bbc30387e50154e98be52501da6a35) Importer(815301076,1909f56bfc062723c751e8b465ee728b)  -> (artifact id: 'd6b26bec882859a3076a985fdfcbf742') in 0.288472 seconds 
========================================================================
Received Import Request.
  Time since last request: 4.520189 seconds.
  path: Assets/Levels/Prefabs/Arrows.prefab
  artifactKey: Guid(ab24d77cc405e044493411195981a52e) Importer(815301076,1909f56bfc062723c751e8b465ee728b)
Start importing Assets/Levels/Prefabs/Arrows.prefab using Guid(ab24d77cc405e044493411195981a52e) Importer(815301076,1909f56bfc062723c751e8b465ee728b)  -> (artifact id: '6ec24c43d9cb1bf5a5f9fa3ffebb3265') in 0.043390 seconds 
========================================================================
Received Import Request.
  Time since last request: 0.000040 seconds.
  path: Assets/Levels/Prefabs/GrayGates.prefab
  artifactKey: Guid(f2493059275f0c647a91ecb98248a8c1) Importer(815301076,1909f56bfc062723c751e8b465ee728b)
Start importing Assets/Levels/Prefabs/GrayGates.prefab using Guid(f2493059275f0c647a91ecb98248a8c1) Importer(815301076,1909f56bfc062723c751e8b465ee728b)  -> (artifact id: '9f9d8ecc262cbc4336b8382d45144e24') in 0.057544 seconds 
========================================================================
Received Import Request.
  Time since last request: 0.000039 seconds.
  path: Assets/Levels/Prefabs/Button.prefab
  artifactKey: Guid(1e70e3ead0ae86b40b730eb8bb504d0d) Importer(815301076,1909f56bfc062723c751e8b465ee728b)
Start importing Assets/Levels/Prefabs/Button.prefab using Guid(1e70e3ead0ae86b40b730eb8bb504d0d) Importer(815301076,1909f56bfc062723c751e8b465ee728b)  -> (artifact id: 'de876501bd38aa6068414fdb5dfbb15c') in 0.049881 seconds 
========================================================================
Received Import Request.
  Time since last request: 0.000112 seconds.
  path: Assets/Levels/Prefabs/Chest.prefab
  artifactKey: Guid(ca5b0431c3b7f2f45a1a7bed07c71913) Importer(815301076,1909f56bfc062723c751e8b465ee728b)
Start importing Assets/Levels/Prefabs/Chest.prefab using Guid(ca5b0431c3b7f2f45a1a7bed07c71913) Importer(815301076,1909f56bfc062723c751e8b465ee728b)  -> (artifact id: '4e92e00aa1c75f794836adf0de224031') in 0.099572 seconds 
========================================================================
Received Import Request.
  Time since last request: 0.000034 seconds.
  path: Assets/Levels/Prefabs/Spikes.prefab
  artifactKey: Guid(541e74e9c769f0447b1b65516b61b526) Importer(815301076,1909f56bfc062723c751e8b465ee728b)
Start importing Assets/Levels/Prefabs/Spikes.prefab using Guid(541e74e9c769f0447b1b65516b61b526) Importer(815301076,1909f56bfc062723c751e8b465ee728b)  -> (artifact id: '26c15f5e169da1a5d4146dc731e4042c') in 0.053557 seconds 
========================================================================
Received Import Request.
  Time since last request: 39.855027 seconds.
  path: Assets/Levels/Prefabs/Spikes.prefab
  artifactKey: Guid(541e74e9c769f0447b1b65516b61b526) Importer(815301076,1909f56bfc062723c751e8b465ee728b)
Start importing Assets/Levels/Prefabs/Spikes.prefab using Guid(541e74e9c769f0447b1b65516b61b526) Importer(815301076,1909f56bfc062723c751e8b465ee728b)  -> (artifact id: '397519e30a4c528c88211ccb867f7db3') in 0.032992 seconds 
========================================================================
Received Import Request.
  Time since last request: 33.876897 seconds.
  path: Assets/Levels/Prefabs/Spikes.prefab
  artifactKey: Guid(541e74e9c769f0447b1b65516b61b526) Importer(815301076,1909f56bfc062723c751e8b465ee728b)
Start importing Assets/Levels/Prefabs/Spikes.prefab using Guid(541e74e9c769f0447b1b65516b61b526) Importer(815301076,1909f56bfc062723c751e8b465ee728b)  -> (artifact id: '2b5f75cf76efaa0c79b8562e17734d6b') in 0.021001 seconds 
========================================================================
Received Import Request.
  Time since last request: 46.346989 seconds.
  path: Assets/Code/SceneChange.cs
  artifactKey: Guid(bbf79772c2dab9449b17d84216c96516) Importer(815301076,1909f56bfc062723c751e8b465ee728b)
Start importing Assets/Code/SceneChange.cs using Guid(bbf79772c2dab9449b17d84216c96516) Importer(815301076,1909f56bfc062723c751e8b465ee728b)  -> (artifact id: '079da8e96e2e630d782ac9d6b26c9c72') in 0.004050 seconds 
========================================================================
Received Import Request.
  Time since last request: 18.512763 seconds.
  path: Assets/Levels/Prefabs/Spikes.prefab
  artifactKey: Guid(541e74e9c769f0447b1b65516b61b526) Importer(815301076,1909f56bfc062723c751e8b465ee728b)
Start importing Assets/Levels/Prefabs/Spikes.prefab using Guid(541e74e9c769f0447b1b65516b61b526) Importer(815301076,1909f56bfc062723c751e8b465ee728b)  -> (artifact id: 'd15bffe983572080b4be84ca016aeeff') in 0.017122 seconds 
========================================================================
Received Prepare
Registering precompiled user dll's ...
Registered in 0.011914 seconds.
Begin MonoManager ReloadAssembly
Symbol file LoadedFromMemory doesn't match image C:\Users\Algo\Documents\GitHub\project-3d\Library\PackageCache\com.unity.visualscripting@1.7.8\Editor\VisualScripting.Core\Dependencies\YamlDotNet\Unity.VisualScripting.YamlDotNet.dll
Symbol file LoadedFromMemory doesn't match image C:\Users\Algo\Documents\GitHub\project-3d\Library\PackageCache\com.unity.visualscripting@1.7.8\Editor\VisualScripting.Core\Dependencies\DotNetZip\Unity.VisualScripting.IonicZip.dll
Native extension for WindowsStandalone target not found
Refreshing native plugins compatible for Editor in 0.97 ms, found 3 plugins.
Preloading 0 native plugins for Editor in 0.00 ms.
Mono: successfully reloaded assembly
- Completed reload, in  1.852 seconds
Domain Reload Profiling:
	ReloadAssembly (1853ms)
		BeginReloadAssembly (277ms)
			ExecutionOrderSort (0ms)
			DisableScriptedObjects (7ms)
			BackupInstance (0ms)
			ReleaseScriptingObjects (0ms)
			CreateAndSetChildDomain (73ms)
		EndReloadAssembly (1372ms)
			LoadAssemblies (182ms)
			RebuildTransferFunctionScriptingTraits (0ms)
			SetupTypeCache (510ms)
			ReleaseScriptCaches (2ms)
			RebuildScriptCaches (70ms)
			SetupLoadedEditorAssemblies (562ms)
				LogAssemblyErrors (0ms)
				InitializePlatformSupportModulesInManaged (19ms)
				SetLoadedEditorAssemblies (1ms)
				RefreshPlugins (1ms)
				BeforeProcessingInitializeOnLoad (111ms)
				ProcessInitializeOnLoadAttributes (367ms)
				ProcessInitializeOnLoadMethodAttributes (47ms)
				AfterProcessingInitializeOnLoad (16ms)
				EditorAssembliesLoaded (0ms)
			ExecutionOrderSort2 (0ms)
			AwakeInstancesAfterBackupRestoration (13ms)
Platform modules already initialized, skipping
Refreshing native plugins compatible for Editor in 4.26 ms, found 3 plugins.
Preloading 0 native plugins for Editor in 0.00 ms.
Unloading 3373 Unused Serialized files (Serialized files now loaded: 0)
Unloading 20 unused Assets / (79.1 KB). Loaded Objects now: 3859.
Memory consumption went from 124.8 MB to 124.8 MB.
Total: 5.599600 ms (FindLiveObjects: 0.325300 ms CreateObjectMapping: 0.217800 ms MarkObjects: 4.901800 ms  DeleteObjects: 0.152900 ms)

AssetImportParameters requested are different than current active one (requested -> active):
  custom:video-decoder-ogg-theora: a1e56fd34408186e4bbccfd4996cb3dc -> 
  custom:container-muxer-webm: aa71ff27fc2769a1b78a27578f13a17b -> 
  custom:container-demuxer-webm: 4f35f7cbe854078d1ac9338744f61a02 -> 
  custom:video-encoder-webm-vp8: eb34c28f22e8b96e1ab97ce403110664 -> 
  custom:audio-encoder-webm-vorbis: bf7c407c2cedff20999df2af8eb42d56 -> 
  custom:framework-win-MediaFoundation: 216162199b28c13a410421893ffa2e32 -> 
  custom:container-demuxer-ogg: 62fdf1f143b41e24485cea50d1cbac27 -> 
  custom:video-decoder-webm-vp8: 9c59270c3fd7afecdb556c50c9e8de78 -> 
  custom:audio-decoder-ogg-vorbis: bf7c407c2cedff20999df2af8eb42d56 -> 
========================================================================
Received Import Request.
  Time since last request: 93.609473 seconds.
  path: Assets/ThirdPart/Wand and Circles/Polygon City Free Pack - Environment and Interior/Prefabs/Props/Awning.prefab
  artifactKey: Guid(420fe52ab6f4a194094884806f3777fa) Importer(815301076,1909f56bfc062723c751e8b465ee728b)
Start importing Assets/ThirdPart/Wand and Circles/Polygon City Free Pack - Environment and Interior/Prefabs/Props/Awning.prefab using Guid(420fe52ab6f4a194094884806f3777fa) Importer(815301076,1909f56bfc062723c751e8b465ee728b)  -> (artifact id: 'ee3cf6356518b118b1d2eefc704ad652') in 0.456058 seconds 
========================================================================
Received Import Request.
  Time since last request: 0.000033 seconds.
  path: Assets/ThirdPart/Wand and Circles/Polygon City Free Pack - Environment and Interior/Prefabs/Props/Battery.prefab
  artifactKey: Guid(12df0d05126af19479270fb722a69acb) Importer(815301076,1909f56bfc062723c751e8b465ee728b)
Start importing Assets/ThirdPart/Wand and Circles/Polygon City Free Pack - Environment and Interior/Prefabs/Props/Battery.prefab using Guid(12df0d05126af19479270fb722a69acb) Importer(815301076,1909f56bfc062723c751e8b465ee728b)  -> (artifact id: 'c5be3a2bd03c4c297dd3380ffd4f3feb') in 0.061787 seconds 
========================================================================
Received Import Request.
  Time since last request: 0.000054 seconds.
  path: Assets/ThirdPart/Polylised - Medieval Desert City/Prefabs/prefab_civilian_buildings/balcony_3.prefab
  artifactKey: Guid(473dc35e42dda5641bd3241cece97eea) Importer(815301076,1909f56bfc062723c751e8b465ee728b)
Start importing Assets/ThirdPart/Polylised - Medieval Desert City/Prefabs/prefab_civilian_buildings/balcony_3.prefab using Guid(473dc35e42dda5641bd3241cece97eea) Importer(815301076,1909f56bfc062723c751e8b465ee728b)  -> (artifact id: '8050fc51af8ec5f20491bc87bfb5d404') in 0.332980 seconds 
========================================================================
Received Import Request.
  Time since last request: 0.000047 seconds.
  path: Assets/ThirdPart/Wand and Circles/Polygon City Free Pack - Environment and Interior/Prefabs/Props/Bath.prefab
  artifactKey: Guid(7fb2cfb6c1dd3524abc5badb8f7da2fc) Importer(815301076,1909f56bfc062723c751e8b465ee728b)
Start importing Assets/ThirdPart/Wand and Circles/Polygon City Free Pack - Environment and Interior/Prefabs/Props/Bath.prefab using Guid(7fb2cfb6c1dd3524abc5badb8f7da2fc) Importer(815301076,1909f56bfc062723c751e8b465ee728b)  -> (artifact id: 'd53bc83919e5a7dc40ddcedc489a1585') in 0.042666 seconds 
========================================================================
Received Import Request.
  Time since last request: 0.000047 seconds.
  path: Assets/ThirdPart/Polylised - Medieval Desert City/Prefabs/prefab_props/banner.prefab
  artifactKey: Guid(195ee2530fc763341a03f3df4b50ed56) Importer(815301076,1909f56bfc062723c751e8b465ee728b)
Start importing Assets/ThirdPart/Polylised - Medieval Desert City/Prefabs/prefab_props/banner.prefab using Guid(195ee2530fc763341a03f3df4b50ed56) Importer(815301076,1909f56bfc062723c751e8b465ee728b)  -> (artifact id: '97dd0c032d8a85a67ea1da32000ee58f') in 0.062995 seconds 
========================================================================
Received Import Request.
  Time since last request: 0.000032 seconds.
  path: Assets/ThirdPart/Wand and Circles/Polygon City Free Pack - Environment and Interior/Prefabs/Stones/Big Stones/Big stone_0.prefab
  artifactKey: Guid(9ba39673b4ed1ab45b49a16faf85bc9b) Importer(815301076,1909f56bfc062723c751e8b465ee728b)
Start importing Assets/ThirdPart/Wand and Circles/Polygon City Free Pack - Environment and Interior/Prefabs/Stones/Big Stones/Big stone_0.prefab using Guid(9ba39673b4ed1ab45b49a16faf85bc9b) Importer(815301076,1909f56bfc062723c751e8b465ee728b)  -> (artifact id: '3ef6ca2347187d9422a7da500267cd86') in 0.064645 seconds 
========================================================================
Received Import Request.
  Time since last request: 0.000030 seconds.
  path: Assets/ThirdPart/Wand and Circles/Polygon City Free Pack - Environment and Interior/Prefabs/Props/Barrel.prefab
  artifactKey: Guid(2e324f98fec5eb644937a11ec2aa516f) Importer(815301076,1909f56bfc062723c751e8b465ee728b)
Start importing Assets/ThirdPart/Wand and Circles/Polygon City Free Pack - Environment and Interior/Prefabs/Props/Barrel.prefab using Guid(2e324f98fec5eb644937a11ec2aa516f) Importer(815301076,1909f56bfc062723c751e8b465ee728b)  -> (artifact id: 'f7840acf0e17100faa45c9aa40835d10') in 0.055525 seconds 
========================================================================
Received Import Request.
  Time since last request: 0.000040 seconds.
  path: Assets/ThirdPart/Wand and Circles/Polygon City Free Pack - Environment and Interior/Prefabs/Props/Barrel 4.prefab
  artifactKey: Guid(f16e4caecb55b0b489beca4bedc29547) Importer(815301076,1909f56bfc062723c751e8b465ee728b)
Start importing Assets/ThirdPart/Wand and Circles/Polygon City Free Pack - Environment and Interior/Prefabs/Props/Barrel 4.prefab using Guid(f16e4caecb55b0b489beca4bedc29547) Importer(815301076,1909f56bfc062723c751e8b465ee728b)  -> (artifact id: '07b2270ebe471b8f64b18afd6f71814b') in 0.057980 seconds 
========================================================================
Received Import Request.
  Time since last request: 0.000050 seconds.
  path: Assets/ThirdPart/Wand and Circles/Polygon City Free Pack - Environment and Interior/Prefabs/Stones/Big Stones/Big stone_2.prefab
  artifactKey: Guid(df7a67d7c28de8847be08621839e032c) Importer(815301076,1909f56bfc062723c751e8b465ee728b)
Start importing Assets/ThirdPart/Wand and Circles/Polygon City Free Pack - Environment and Interior/Prefabs/Stones/Big Stones/Big stone_2.prefab using Guid(df7a67d7c28de8847be08621839e032c) Importer(815301076,1909f56bfc062723c751e8b465ee728b)  -> (artifact id: '8dd12aa001bee6abf89ffd04b414829e') in 0.067553 seconds 
========================================================================
Received Import Request.
  Time since last request: 0.000067 seconds.
  path: Assets/ThirdPart/Wand and Circles/Polygon City Free Pack - Environment and Interior/Prefabs/Props/Awning 2.prefab
  artifactKey: Guid(2f44a6ca4e2a56c42afd9783843dc4d6) Importer(815301076,1909f56bfc062723c751e8b465ee728b)
Start importing Assets/ThirdPart/Wand and Circles/Polygon City Free Pack - Environment and Interior/Prefabs/Props/Awning 2.prefab using Guid(2f44a6ca4e2a56c42afd9783843dc4d6) Importer(815301076,1909f56bfc062723c751e8b465ee728b)  -> (artifact id: '4965eab412e7ddbf96c8d627a42dc023') in 0.060542 seconds 
========================================================================
Received Import Request.
  Time since last request: 0.000030 seconds.
  path: Assets/ThirdPart/Forest Arena/PrefabsRed/Pieces/BannerREDSmall.prefab
  artifactKey: Guid(97082509ed098dc4b908b2cffc1ce6f6) Importer(815301076,1909f56bfc062723c751e8b465ee728b)
Start importing Assets/ThirdPart/Forest Arena/PrefabsRed/Pieces/BannerREDSmall.prefab using Guid(97082509ed098dc4b908b2cffc1ce6f6) Importer(815301076,1909f56bfc062723c751e8b465ee728b)  -> (artifact id: 'afa15827aca232d696d1a9be529e29f3') in 0.118803 seconds 
========================================================================
Received Import Request.
  Time since last request: 0.000044 seconds.
  path: Assets/ThirdPart/Wand and Circles/Polygon City Free Pack - Environment and Interior/Prefabs/Props/Barrel 2.prefab
  artifactKey: Guid(672f2b4a110ae8441b9e2f69e9012e67) Importer(815301076,1909f56bfc062723c751e8b465ee728b)
Start importing Assets/ThirdPart/Wand and Circles/Polygon City Free Pack - Environment and Interior/Prefabs/Props/Barrel 2.prefab using Guid(672f2b4a110ae8441b9e2f69e9012e67) Importer(815301076,1909f56bfc062723c751e8b465ee728b)  -> (artifact id: 'e82234a39ffc173227a2d1799bbfc48c') in 0.044039 seconds 
========================================================================
Received Import Request.
  Time since last request: 0.000043 seconds.
  path: Assets/ThirdPart/Forest Arena/PrefabsGeneral/BlockLight.prefab
  artifactKey: Guid(e1cc1f3958939e942b3ef3ef153ef9be) Importer(815301076,1909f56bfc062723c751e8b465ee728b)
Start importing Assets/ThirdPart/Forest Arena/PrefabsGeneral/BlockLight.prefab using Guid(e1cc1f3958939e942b3ef3ef153ef9be) Importer(815301076,1909f56bfc062723c751e8b465ee728b)  -> (artifact id: 'e3cd121d3db4220c12dd091d8537a781') in 0.050896 seconds 
========================================================================
Received Import Request.
  Time since last request: 0.000031 seconds.
  path: Assets/ThirdPart/Forest Arena/PrefabsRed/Pieces/BannerRED.prefab
  artifactKey: Guid(e92c77f66160f094e9b62b8ad6ac2c01) Importer(815301076,1909f56bfc062723c751e8b465ee728b)
Start importing Assets/ThirdPart/Forest Arena/PrefabsRed/Pieces/BannerRED.prefab using Guid(e92c77f66160f094e9b62b8ad6ac2c01) Importer(815301076,1909f56bfc062723c751e8b465ee728b)  -> (artifact id: '045c505f7dec9e5feecee35e8ca1a853') in 0.044187 seconds 
========================================================================
Received Import Request.
  Time since last request: 0.000031 seconds.
  path: Assets/ThirdPart/Polylised - Medieval Desert City/Prefabs/prefab_civilian_buildings/balcony_1.prefab
  artifactKey: Guid(c38d9ad2091ce564cb30a5a72e673544) Importer(815301076,1909f56bfc062723c751e8b465ee728b)
Start importing Assets/ThirdPart/Polylised - Medieval Desert City/Prefabs/prefab_civilian_buildings/balcony_1.prefab using Guid(c38d9ad2091ce564cb30a5a72e673544) Importer(815301076,1909f56bfc062723c751e8b465ee728b)  -> (artifact id: '88f5bfb2d09c0655886f014bce5610d3') in 0.061750 seconds 
========================================================================
Received Import Request.
  Time since last request: 0.000026 seconds.
  path: Assets/ThirdPart/Forest Arena/PrefabsGeneral/BlocklDark.prefab
  artifactKey: Guid(48feaa0350d86c44fa75472da84a4e19) Importer(815301076,1909f56bfc062723c751e8b465ee728b)
Start importing Assets/ThirdPart/Forest Arena/PrefabsGeneral/BlocklDark.prefab using Guid(48feaa0350d86c44fa75472da84a4e19) Importer(815301076,1909f56bfc062723c751e8b465ee728b)  -> (artifact id: '5e9cf1d2ea1301d6fef69c20a883671b') in 0.041977 seconds 
========================================================================
Received Import Request.
  Time since last request: 0.000034 seconds.
  path: Assets/ThirdPart/Wand and Circles/Polygon City Free Pack - Environment and Interior/Prefabs/Stones/Big Stones/Big stone_4.prefab
  artifactKey: Guid(21166f7b1dcc13b4ba7e0f0c79c705eb) Importer(815301076,1909f56bfc062723c751e8b465ee728b)
Start importing Assets/ThirdPart/Wand and Circles/Polygon City Free Pack - Environment and Interior/Prefabs/Stones/Big Stones/Big stone_4.prefab using Guid(21166f7b1dcc13b4ba7e0f0c79c705eb) Importer(815301076,1909f56bfc062723c751e8b465ee728b)  -> (artifact id: '33e2e633ba27b778153ea1065597c507') in 0.043122 seconds 
========================================================================
Received Import Request.
  Time since last request: 0.000047 seconds.
  path: Assets/ThirdPart/Wand and Circles/Polygon City Free Pack - Environment and Interior/Prefabs/Stones/Big Stones/Big stone_3.prefab
  artifactKey: Guid(754cf91f22b8fd14495f7dd8ce051aae) Importer(815301076,1909f56bfc062723c751e8b465ee728b)
Start importing Assets/ThirdPart/Wand and Circles/Polygon City Free Pack - Environment and Interior/Prefabs/Stones/Big Stones/Big stone_3.prefab using Guid(754cf91f22b8fd14495f7dd8ce051aae) Importer(815301076,1909f56bfc062723c751e8b465ee728b)  -> (artifact id: '7d9be35f7937f42764ed955764954f94') in 0.075417 seconds 
========================================================================
Received Import Request.
  Time since last request: 0.000215 seconds.
  path: Assets/ThirdPart/Wand and Circles/Polygon City Free Pack - Environment and Interior/Prefabs/Props/Bench.prefab
  artifactKey: Guid(9176f5462c21b344998c3c078c3661f6) Importer(815301076,1909f56bfc062723c751e8b465ee728b)
Start importing Assets/ThirdPart/Wand and Circles/Polygon City Free Pack - Environment and Interior/Prefabs/Props/Bench.prefab using Guid(9176f5462c21b344998c3c078c3661f6) Importer(815301076,1909f56bfc062723c751e8b465ee728b)  -> (artifact id: 'c0d72cc07ae01ef38ae891b9d750d102') in 0.054762 seconds 
========================================================================
Received Import Request.
  Time since last request: 20.392330 seconds.
  path: Assets/Levels/Prefabs/Spikes.prefab
  artifactKey: Guid(541e74e9c769f0447b1b65516b61b526) Importer(815301076,1909f56bfc062723c751e8b465ee728b)
Start importing Assets/Levels/Prefabs/Spikes.prefab using Guid(541e74e9c769f0447b1b65516b61b526) Importer(815301076,1909f56bfc062723c751e8b465ee728b)  -> (artifact id: '033ab9cec8fa5affe018ab19ad857630') in 0.017494 seconds 
========================================================================
Received Prepare
Registering precompiled user dll's ...
Registered in 0.013243 seconds.
Begin MonoManager ReloadAssembly
Symbol file LoadedFromMemory doesn't match image C:\Users\Algo\Documents\GitHub\project-3d\Library\PackageCache\com.unity.visualscripting@1.7.8\Editor\VisualScripting.Core\Dependencies\YamlDotNet\Unity.VisualScripting.YamlDotNet.dll
Symbol file LoadedFromMemory doesn't match image C:\Users\Algo\Documents\GitHub\project-3d\Library\PackageCache\com.unity.visualscripting@1.7.8\Editor\VisualScripting.Core\Dependencies\DotNetZip\Unity.VisualScripting.IonicZip.dll
Native extension for WindowsStandalone target not found
Refreshing native plugins compatible for Editor in 1.92 ms, found 3 plugins.
Preloading 0 native plugins for Editor in 0.00 ms.
Mono: successfully reloaded assembly
- Completed reload, in  2.611 seconds
Domain Reload Profiling:
	ReloadAssembly (2616ms)
		BeginReloadAssembly (287ms)
			ExecutionOrderSort (0ms)
			DisableScriptedObjects (10ms)
			BackupInstance (0ms)
			ReleaseScriptingObjects (0ms)
			CreateAndSetChildDomain (98ms)
		EndReloadAssembly (2119ms)
			LoadAssemblies (175ms)
			RebuildTransferFunctionScriptingTraits (0ms)
			SetupTypeCache (531ms)
			ReleaseScriptCaches (2ms)
			RebuildScriptCaches (104ms)
			SetupLoadedEditorAssemblies (1176ms)
				LogAssemblyErrors (0ms)
				InitializePlatformSupportModulesInManaged (41ms)
				SetLoadedEditorAssemblies (4ms)
				RefreshPlugins (2ms)
				BeforeProcessingInitializeOnLoad (255ms)
				ProcessInitializeOnLoadAttributes (757ms)
				ProcessInitializeOnLoadMethodAttributes (92ms)
				AfterProcessingInitializeOnLoad (26ms)
				EditorAssembliesLoaded (1ms)
			ExecutionOrderSort2 (0ms)
			AwakeInstancesAfterBackupRestoration (26ms)
Platform modules already initialized, skipping
Refreshing native plugins compatible for Editor in 6.96 ms, found 3 plugins.
Preloading 0 native plugins for Editor in 0.00 ms.
Unloading 3373 Unused Serialized files (Serialized files now loaded: 0)
Unloading 20 unused Assets / (79.3 KB). Loaded Objects now: 3863.
Memory consumption went from 137.6 MB to 137.5 MB.
Total: 8.388900 ms (FindLiveObjects: 0.460100 ms CreateObjectMapping: 0.415800 ms MarkObjects: 7.292900 ms  DeleteObjects: 0.218700 ms)

AssetImportParameters requested are different than current active one (requested -> active):
  custom:video-decoder-ogg-theora: a1e56fd34408186e4bbccfd4996cb3dc -> 
  custom:container-muxer-webm: aa71ff27fc2769a1b78a27578f13a17b -> 
  custom:container-demuxer-webm: 4f35f7cbe854078d1ac9338744f61a02 -> 
  custom:video-encoder-webm-vp8: eb34c28f22e8b96e1ab97ce403110664 -> 
  custom:audio-encoder-webm-vorbis: bf7c407c2cedff20999df2af8eb42d56 -> 
  custom:framework-win-MediaFoundation: 216162199b28c13a410421893ffa2e32 -> 
  custom:container-demuxer-ogg: 62fdf1f143b41e24485cea50d1cbac27 -> 
  custom:video-decoder-webm-vp8: 9c59270c3fd7afecdb556c50c9e8de78 -> 
  custom:audio-decoder-ogg-vorbis: bf7c407c2cedff20999df2af8eb42d56 -> 
========================================================================
Received Prepare
Registering precompiled user dll's ...
Registered in 0.012909 seconds.
Begin MonoManager ReloadAssembly
Symbol file LoadedFromMemory doesn't match image C:\Users\Algo\Documents\GitHub\project-3d\Library\PackageCache\com.unity.visualscripting@1.7.8\Editor\VisualScripting.Core\Dependencies\YamlDotNet\Unity.VisualScripting.YamlDotNet.dll
Symbol file LoadedFromMemory doesn't match image C:\Users\Algo\Documents\GitHub\project-3d\Library\PackageCache\com.unity.visualscripting@1.7.8\Editor\VisualScripting.Core\Dependencies\DotNetZip\Unity.VisualScripting.IonicZip.dll
Native extension for WindowsStandalone target not found
Refreshing native plugins compatible for Editor in 2.52 ms, found 3 plugins.
Preloading 0 native plugins for Editor in 0.00 ms.
Mono: successfully reloaded assembly
- Completed reload, in  2.668 seconds
Domain Reload Profiling:
	ReloadAssembly (2670ms)
		BeginReloadAssembly (255ms)
			ExecutionOrderSort (0ms)
			DisableScriptedObjects (9ms)
			BackupInstance (0ms)
			ReleaseScriptingObjects (0ms)
			CreateAndSetChildDomain (70ms)
		EndReloadAssembly (2203ms)
			LoadAssemblies (168ms)
			RebuildTransferFunctionScriptingTraits (0ms)
			SetupTypeCache (517ms)
			ReleaseScriptCaches (3ms)
			RebuildScriptCaches (103ms)
			SetupLoadedEditorAssemblies (1260ms)
				LogAssemblyErrors (0ms)
				InitializePlatformSupportModulesInManaged (29ms)
				SetLoadedEditorAssemblies (3ms)
				RefreshPlugins (3ms)
				BeforeProcessingInitializeOnLoad (216ms)
				ProcessInitializeOnLoadAttributes (865ms)
				ProcessInitializeOnLoadMethodAttributes (110ms)
				AfterProcessingInitializeOnLoad (33ms)
				EditorAssembliesLoaded (0ms)
			ExecutionOrderSort2 (0ms)
			AwakeInstancesAfterBackupRestoration (34ms)
Platform modules already initialized, skipping
Refreshing native plugins compatible for Editor in 11.69 ms, found 3 plugins.
Preloading 0 native plugins for Editor in 0.00 ms.
Unloading 3373 Unused Serialized files (Serialized files now loaded: 0)
Unloading 20 unused Assets / (79.5 KB). Loaded Objects now: 3866.
Memory consumption went from 137.6 MB to 137.6 MB.
Total: 8.703100 ms (FindLiveObjects: 0.414400 ms CreateObjectMapping: 0.588500 ms MarkObjects: 7.536900 ms  DeleteObjects: 0.161400 ms)

AssetImportParameters requested are different than current active one (requested -> active):
  custom:video-decoder-ogg-theora: a1e56fd34408186e4bbccfd4996cb3dc -> 
  custom:container-muxer-webm: aa71ff27fc2769a1b78a27578f13a17b -> 
  custom:container-demuxer-webm: 4f35f7cbe854078d1ac9338744f61a02 -> 
  custom:video-encoder-webm-vp8: eb34c28f22e8b96e1ab97ce403110664 -> 
  custom:audio-encoder-webm-vorbis: bf7c407c2cedff20999df2af8eb42d56 -> 
  custom:framework-win-MediaFoundation: 216162199b28c13a410421893ffa2e32 -> 
  custom:container-demuxer-ogg: 62fdf1f143b41e24485cea50d1cbac27 -> 
  custom:video-decoder-webm-vp8: 9c59270c3fd7afecdb556c50c9e8de78 -> 
  custom:audio-decoder-ogg-vorbis: bf7c407c2cedff20999df2af8eb42d56 -> 
========================================================================
Received Prepare
Registering precompiled user dll's ...
Registered in 0.015750 seconds.
Begin MonoManager ReloadAssembly
Symbol file LoadedFromMemory doesn't match image C:\Users\Algo\Documents\GitHub\project-3d\Library\PackageCache\com.unity.visualscripting@1.7.8\Editor\VisualScripting.Core\Dependencies\YamlDotNet\Unity.VisualScripting.YamlDotNet.dll
Symbol file LoadedFromMemory doesn't match image C:\Users\Algo\Documents\GitHub\project-3d\Library\PackageCache\com.unity.visualscripting@1.7.8\Editor\VisualScripting.Core\Dependencies\DotNetZip\Unity.VisualScripting.IonicZip.dll
Native extension for WindowsStandalone target not found
Refreshing native plugins compatible for Editor in 1.33 ms, found 3 plugins.
Preloading 0 native plugins for Editor in 0.00 ms.
Mono: successfully reloaded assembly
- Completed reload, in  2.673 seconds
Domain Reload Profiling:
	ReloadAssembly (2675ms)
		BeginReloadAssembly (254ms)
			ExecutionOrderSort (0ms)
			DisableScriptedObjects (9ms)
			BackupInstance (0ms)
			ReleaseScriptingObjects (0ms)
			CreateAndSetChildDomain (64ms)
		EndReloadAssembly (2204ms)
			LoadAssemblies (176ms)
			RebuildTransferFunctionScriptingTraits (0ms)
			SetupTypeCache (535ms)
			ReleaseScriptCaches (1ms)
			RebuildScriptCaches (107ms)
			SetupLoadedEditorAssemblies (1270ms)
				LogAssemblyErrors (0ms)
				InitializePlatformSupportModulesInManaged (23ms)
				SetLoadedEditorAssemblies (1ms)
				RefreshPlugins (1ms)
				BeforeProcessingInitializeOnLoad (247ms)
				ProcessInitializeOnLoadAttributes (816ms)
				ProcessInitializeOnLoadMethodAttributes (131ms)
				AfterProcessingInitializeOnLoad (51ms)
				EditorAssembliesLoaded (0ms)
			ExecutionOrderSort2 (0ms)
			AwakeInstancesAfterBackupRestoration (27ms)
Platform modules already initialized, skipping
Refreshing native plugins compatible for Editor in 5.94 ms, found 3 plugins.
Preloading 0 native plugins for Editor in 0.00 ms.
Unloading 3373 Unused Serialized files (Serialized files now loaded: 0)
Unloading 20 unused Assets / (79.5 KB). Loaded Objects now: 3869.
Memory consumption went from 137.6 MB to 137.6 MB.
Total: 7.897400 ms (FindLiveObjects: 0.392800 ms CreateObjectMapping: 0.425500 ms MarkObjects: 6.851900 ms  DeleteObjects: 0.225200 ms)

AssetImportParameters requested are different than current active one (requested -> active):
  custom:video-decoder-ogg-theora: a1e56fd34408186e4bbccfd4996cb3dc -> 
  custom:container-muxer-webm: aa71ff27fc2769a1b78a27578f13a17b -> 
  custom:container-demuxer-webm: 4f35f7cbe854078d1ac9338744f61a02 -> 
  custom:video-encoder-webm-vp8: eb34c28f22e8b96e1ab97ce403110664 -> 
  custom:audio-encoder-webm-vorbis: bf7c407c2cedff20999df2af8eb42d56 -> 
  custom:framework-win-MediaFoundation: 216162199b28c13a410421893ffa2e32 -> 
  custom:container-demuxer-ogg: 62fdf1f143b41e24485cea50d1cbac27 -> 
  custom:video-decoder-webm-vp8: 9c59270c3fd7afecdb556c50c9e8de78 -> 
  custom:audio-decoder-ogg-vorbis: bf7c407c2cedff20999df2af8eb42d56 -> 
========================================================================
Received Import Request.
  Time since last request: 235.622983 seconds.
  path: Assets/ThirdPart/MegaPack1Lite/ToolsAndWeapons/Models/axe.fbx
  artifactKey: Guid(00ec6fc6a42644052a1940f602652cf0) Importer(815301076,1909f56bfc062723c751e8b465ee728b)
Start importing Assets/ThirdPart/MegaPack1Lite/ToolsAndWeapons/Models/axe.fbx using Guid(00ec6fc6a42644052a1940f602652cf0) Importer(815301076,1909f56bfc062723c751e8b465ee728b)  -> (artifact id: 'cda1b41c6a169be4e2a7ed74beb87d0c') in 0.578400 seconds 
========================================================================
Received Import Request.
  Time since last request: 0.000039 seconds.
  path: Assets/ThirdPart/Polylised - Medieval Desert City/Models/Unique_Buildings/building_base_a.FBX
  artifactKey: Guid(d0df16f92c0bef94a80314539b15eab6) Importer(815301076,1909f56bfc062723c751e8b465ee728b)
Start importing Assets/ThirdPart/Polylised - Medieval Desert City/Models/Unique_Buildings/building_base_a.FBX using Guid(d0df16f92c0bef94a80314539b15eab6) Importer(815301076,1909f56bfc062723c751e8b465ee728b)  -> (artifact id: '753eb4c53d8b31e2bb093ba2e42f9fd4') in 0.063902 seconds 
========================================================================
Received Import Request.
  Time since last request: 0.000038 seconds.
  path: Assets/ThirdPart/MegaPack1Lite/ToolsAndWeapons/Models/battle_axe.fbx
  artifactKey: Guid(56f480636f5ce4ad482c741a25b8c424) Importer(815301076,1909f56bfc062723c751e8b465ee728b)
Start importing Assets/ThirdPart/MegaPack1Lite/ToolsAndWeapons/Models/battle_axe.fbx using Guid(56f480636f5ce4ad482c741a25b8c424) Importer(815301076,1909f56bfc062723c751e8b465ee728b)  -> (artifact id: '47369b0392ab6199461c7d8e3dba3829') in 0.045068 seconds 
========================================================================
Received Import Request.
  Time since last request: 0.000032 seconds.
  path: Assets/ThirdPart/Polylised - Medieval Desert City/Models/Props/barrel_group.FBX
  artifactKey: Guid(a1431ac88ba4b0f4c861c48cee75e9e4) Importer(815301076,1909f56bfc062723c751e8b465ee728b)
Start importing Assets/ThirdPart/Polylised - Medieval Desert City/Models/Props/barrel_group.FBX using Guid(a1431ac88ba4b0f4c861c48cee75e9e4) Importer(815301076,1909f56bfc062723c751e8b465ee728b)  -> (artifact id: '70b6419c749df6b5d553fa982784649d') in 0.074082 seconds 
========================================================================
Received Import Request.
  Time since last request: 0.000033 seconds.
  path: Assets/ThirdPart/Polylised - Medieval Desert City/Models/Props/boat_01.FBX
  artifactKey: Guid(f01c51099a9686f4a9405d4e7e5cb26a) Importer(815301076,1909f56bfc062723c751e8b465ee728b)
Start importing Assets/ThirdPart/Polylised - Medieval Desert City/Models/Props/boat_01.FBX using Guid(f01c51099a9686f4a9405d4e7e5cb26a) Importer(815301076,1909f56bfc062723c751e8b465ee728b)  -> (artifact id: '4be228f1a8f1b2e299bef22a11468502') in 0.061570 seconds 
========================================================================
Received Import Request.
  Time since last request: 0.000043 seconds.
  path: Assets/ThirdPart/Polylised - Medieval Desert City/Models/Civilian_Buildings/balcony_3.FBX
  artifactKey: Guid(5e96d28a024c18b418bbbb7a456c20f7) Importer(815301076,1909f56bfc062723c751e8b465ee728b)
Start importing Assets/ThirdPart/Polylised - Medieval Desert City/Models/Civilian_Buildings/balcony_3.FBX using Guid(5e96d28a024c18b418bbbb7a456c20f7) Importer(815301076,1909f56bfc062723c751e8b465ee728b)  -> (artifact id: 'c04f4dd042281d5d54bc9b553959354c') in 0.076679 seconds 
========================================================================
Received Import Request.
  Time since last request: 0.000049 seconds.
  path: Assets/ThirdPart/Polylised - Medieval Desert City/Models/Unique_Buildings/castle_wall_corner_b.FBX
  artifactKey: Guid(23f7df39782ef59468f371bfa6e726d7) Importer(815301076,1909f56bfc062723c751e8b465ee728b)
Start importing Assets/ThirdPart/Polylised - Medieval Desert City/Models/Unique_Buildings/castle_wall_corner_b.FBX using Guid(23f7df39782ef59468f371bfa6e726d7) Importer(815301076,1909f56bfc062723c751e8b465ee728b)  -> (artifact id: 'c6950f4865a6239ae4e7def09d146352') in 0.058473 seconds 
========================================================================
Received Import Request.
  Time since last request: 0.000030 seconds.
  path: Assets/ThirdPart/Polylised - Medieval Desert City/Models/Unique_Buildings/castle_tower_round.FBX
  artifactKey: Guid(3aa8fc45fd385be41b6a3ced702258b3) Importer(815301076,1909f56bfc062723c751e8b465ee728b)
Start importing Assets/ThirdPart/Polylised - Medieval Desert City/Models/Unique_Buildings/castle_tower_round.FBX using Guid(3aa8fc45fd385be41b6a3ced702258b3) Importer(815301076,1909f56bfc062723c751e8b465ee728b)  -> (artifact id: 'a2802b8357d4662741033dc7e97d2f48') in 0.069276 seconds 
========================================================================
Received Import Request.
  Time since last request: 0.000595 seconds.
  path: Assets/ThirdPart/Polylised - Medieval Desert City/Models/Unique_Buildings/castle_wall_10m.FBX
  artifactKey: Guid(ad481c03603e6da49b1556aaec196664) Importer(815301076,1909f56bfc062723c751e8b465ee728b)
Start importing Assets/ThirdPart/Polylised - Medieval Desert City/Models/Unique_Buildings/castle_wall_10m.FBX using Guid(ad481c03603e6da49b1556aaec196664) Importer(815301076,1909f56bfc062723c751e8b465ee728b)  -> (artifact id: '78253c860ed80b31b992f52c343efb21') in 0.055626 seconds 
========================================================================
Received Import Request.
  Time since last request: 0.000043 seconds.
  path: Assets/ThirdPart/Polylised - Medieval Desert City/Models/Unique_Buildings/castle_wall_15m.FBX
  artifactKey: Guid(d80e2cb9a00dc204c9d38efaca9285c6) Importer(815301076,1909f56bfc062723c751e8b465ee728b)
Start importing Assets/ThirdPart/Polylised - Medieval Desert City/Models/Unique_Buildings/castle_wall_15m.FBX using Guid(d80e2cb9a00dc204c9d38efaca9285c6) Importer(815301076,1909f56bfc062723c751e8b465ee728b)  -> (artifact id: 'd00b1f2d37893c22bd11327551227b34') in 0.076220 seconds 
========================================================================
Received Import Request.
  Time since last request: 0.000049 seconds.
  path: Assets/ThirdPart/Forest Arena/Models/BrazierFBX.fbx
  artifactKey: Guid(319930a8944a2cf4888ff6023bf4021d) Importer(815301076,1909f56bfc062723c751e8b465ee728b)
Start importing Assets/ThirdPart/Forest Arena/Models/BrazierFBX.fbx using Guid(319930a8944a2cf4888ff6023bf4021d) Importer(815301076,1909f56bfc062723c751e8b465ee728b)  -> (artifact id: 'b8aafd47f5899daf3579e2060719e62d') in 0.075830 seconds 
========================================================================
Received Import Request.
  Time since last request: 0.000036 seconds.
  path: Assets/ThirdPart/Polylised - Medieval Desert City/Models/Unique_Buildings/castle_wall_corner_a.FBX
  artifactKey: Guid(db20f96f575428e41b67d94a2a1c0fd8) Importer(815301076,1909f56bfc062723c751e8b465ee728b)
Start importing Assets/ThirdPart/Polylised - Medieval Desert City/Models/Unique_Buildings/castle_wall_corner_a.FBX using Guid(db20f96f575428e41b67d94a2a1c0fd8) Importer(815301076,1909f56bfc062723c751e8b465ee728b)  -> (artifact id: '28f522977952a96af0ffe1378b5f12c7') in 0.069434 seconds 
========================================================================
Received Import Request.
  Time since last request: 0.000034 seconds.
  path: Assets/ThirdPart/Polylised - Medieval Desert City/Models/Unique_Buildings/building_base_b.FBX
  artifactKey: Guid(9230cbcd68250e145be36c2ffc7eedc5) Importer(815301076,1909f56bfc062723c751e8b465ee728b)
Start importing Assets/ThirdPart/Polylised - Medieval Desert City/Models/Unique_Buildings/building_base_b.FBX using Guid(9230cbcd68250e145be36c2ffc7eedc5) Importer(815301076,1909f56bfc062723c751e8b465ee728b)  -> (artifact id: '4d58757a17c782bc0fb0a5f001a65646') in 0.063941 seconds 
========================================================================
Received Import Request.
  Time since last request: 0.000041 seconds.
  path: Assets/ThirdPart/Polylised - Medieval Desert City/Models/Unique_Buildings/castle_portcullis.FBX
  artifactKey: Guid(5b1a3fcb4c46b8146b202121f665d06a) Importer(815301076,1909f56bfc062723c751e8b465ee728b)
Start importing Assets/ThirdPart/Polylised - Medieval Desert City/Models/Unique_Buildings/castle_portcullis.FBX using Guid(5b1a3fcb4c46b8146b202121f665d06a) Importer(815301076,1909f56bfc062723c751e8b465ee728b)  -> (artifact id: '64900a987d989ed09530cb767f69fb87') in 0.059425 seconds 
========================================================================
Received Import Request.
  Time since last request: 0.000078 seconds.
  path: Assets/ThirdPart/Polylised - Medieval Desert City/Models/Props/boat_02.FBX
  artifactKey: Guid(9b3f216a7f371474eab056058feb31bb) Importer(815301076,1909f56bfc062723c751e8b465ee728b)
Start importing Assets/ThirdPart/Polylised - Medieval Desert City/Models/Props/boat_02.FBX using Guid(9b3f216a7f371474eab056058feb31bb) Importer(815301076,1909f56bfc062723c751e8b465ee728b)  -> (artifact id: 'a155d55a906cd5b155aa1c6c9d97ecf9') in 0.072345 seconds 
========================================================================
Received Import Request.
  Time since last request: 0.000039 seconds.
  path: Assets/ThirdPart/Polylised - Medieval Desert City/Models/Unique_Buildings/castle_door_1.FBX
  artifactKey: Guid(71a99689b3357f847a20ce395f70afef) Importer(815301076,1909f56bfc062723c751e8b465ee728b)
Start importing Assets/ThirdPart/Polylised - Medieval Desert City/Models/Unique_Buildings/castle_door_1.FBX using Guid(71a99689b3357f847a20ce395f70afef) Importer(815301076,1909f56bfc062723c751e8b465ee728b)  -> (artifact id: '6ddee934f254c9300450ecadb8645aeb') in 0.066878 seconds 
========================================================================
Received Import Request.
  Time since last request: 0.778526 seconds.
  path: Assets/ThirdPart/Forest Arena/PrefabsGeneral/BlockSmallDark.prefab
  artifactKey: Guid(346d5af782851b44a88043323941a2cd) Importer(815301076,1909f56bfc062723c751e8b465ee728b)
Start importing Assets/ThirdPart/Forest Arena/PrefabsGeneral/BlockSmallDark.prefab using Guid(346d5af782851b44a88043323941a2cd) Importer(815301076,1909f56bfc062723c751e8b465ee728b)  -> (artifact id: 'd2b302b8c2cd567a1ad1287bebafa4ea') in 0.037618 seconds 
========================================================================
Received Import Request.
  Time since last request: 0.000034 seconds.
  path: Assets/ThirdPart/Wand and Circles/Polygon City Free Pack - Environment and Interior/Prefabs/Props/Book 1.prefab
  artifactKey: Guid(2cbe4e2044f02244aacc1bd01bc68118) Importer(815301076,1909f56bfc062723c751e8b465ee728b)
Start importing Assets/ThirdPart/Wand and Circles/Polygon City Free Pack - Environment and Interior/Prefabs/Props/Book 1.prefab using Guid(2cbe4e2044f02244aacc1bd01bc68118) Importer(815301076,1909f56bfc062723c751e8b465ee728b)  -> (artifact id: 'b553f4b6ba5cbe316ef7c7cf4b719a4f') in 0.053411 seconds 
========================================================================
Received Import Request.
  Time since last request: 0.000041 seconds.
  path: Assets/ThirdPart/Wand and Circles/Polygon City Free Pack - Environment and Interior/Prefabs/Props/Bottle 2.prefab
  artifactKey: Guid(d28303eaf6a5a2343911f662a49ab3e3) Importer(815301076,1909f56bfc062723c751e8b465ee728b)
Start importing Assets/ThirdPart/Wand and Circles/Polygon City Free Pack - Environment and Interior/Prefabs/Props/Bottle 2.prefab using Guid(d28303eaf6a5a2343911f662a49ab3e3) Importer(815301076,1909f56bfc062723c751e8b465ee728b)  -> (artifact id: '2d2ffbeb350d7d384dec72ab9b77d6c4') in 0.054055 seconds 
========================================================================
Received Import Request.
  Time since last request: 0.000039 seconds.
  path: Assets/ThirdPart/Polylised - Medieval Desert City/Prefabs/prefab_props/boat_03.prefab
  artifactKey: Guid(6feceae911d87fa43973eb944d04162f) Importer(815301076,1909f56bfc062723c751e8b465ee728b)
Start importing Assets/ThirdPart/Polylised - Medieval Desert City/Prefabs/prefab_props/boat_03.prefab using Guid(6feceae911d87fa43973eb944d04162f) Importer(815301076,1909f56bfc062723c751e8b465ee728b)  -> (artifact id: '784e559e1d0367b6406d9e3d535d604a') in 0.078201 seconds 
========================================================================
Received Import Request.
  Time since last request: 0.000033 seconds.
  path: Assets/ThirdPart/Polylised - Medieval Desert City/Prefabs/prefab_props/boat_02.prefab
  artifactKey: Guid(571a69f902adb9846a5eabd744415ecc) Importer(815301076,1909f56bfc062723c751e8b465ee728b)
Start importing Assets/ThirdPart/Polylised - Medieval Desert City/Prefabs/prefab_props/boat_02.prefab using Guid(571a69f902adb9846a5eabd744415ecc) Importer(815301076,1909f56bfc062723c751e8b465ee728b)  -> (artifact id: '0970a83aeb15ca5e880715a1e94b448b') in 0.043236 seconds 
========================================================================
Received Import Request.
  Time since last request: 0.000032 seconds.
  path: Assets/ThirdPart/Polylised - Medieval Desert City/Prefabs/prefab_props/boat_01.prefab
  artifactKey: Guid(c3f5eece0f81b3944990d6c0d91d442f) Importer(815301076,1909f56bfc062723c751e8b465ee728b)
Start importing Assets/ThirdPart/Polylised - Medieval Desert City/Prefabs/prefab_props/boat_01.prefab using Guid(c3f5eece0f81b3944990d6c0d91d442f) Importer(815301076,1909f56bfc062723c751e8b465ee728b)  -> (artifact id: 'd6102e3919a6d40ba06bf8f90de6512f') in 0.054260 seconds 
========================================================================
Received Import Request.
  Time since last request: 1.063110 seconds.
  path: Assets/ThirdPart/Wand and Circles/Polygon City Free Pack - Environment and Interior/Prefabs/Props/Box.prefab
  artifactKey: Guid(a647882968665e14d8ed54bbf178a156) Importer(815301076,1909f56bfc062723c751e8b465ee728b)
Start importing Assets/ThirdPart/Wand and Circles/Polygon City Free Pack - Environment and Interior/Prefabs/Props/Box.prefab using Guid(a647882968665e14d8ed54bbf178a156) Importer(815301076,1909f56bfc062723c751e8b465ee728b)  -> (artifact id: '26a624a361557d308c342b35d9df6dad') in 0.045834 seconds 
========================================================================
Received Import Request.
  Time since last request: 0.000039 seconds.
  path: Assets/ThirdPart/Forest Arena/PrefabsBlue/BrazierBlue.prefab
  artifactKey: Guid(7a2445eeeefa4ca4281192481822c931) Importer(815301076,1909f56bfc062723c751e8b465ee728b)
Start importing Assets/ThirdPart/Forest Arena/PrefabsBlue/BrazierBlue.prefab using Guid(7a2445eeeefa4ca4281192481822c931) Importer(815301076,1909f56bfc062723c751e8b465ee728b)  -> (artifact id: 'da6244f904064b59187302a546157d58') in 0.157987 seconds 
========================================================================
Received Import Request.
  Time since last request: 0.000046 seconds.
  path: Assets/ThirdPart/Forest Arena/PrefabsRed/BrazierRed.prefab
  artifactKey: Guid(58f0887a7c695b847ae818a5c213c0e7) Importer(815301076,1909f56bfc062723c751e8b465ee728b)
Start importing Assets/ThirdPart/Forest Arena/PrefabsRed/BrazierRed.prefab using Guid(58f0887a7c695b847ae818a5c213c0e7) Importer(815301076,1909f56bfc062723c751e8b465ee728b)  -> (artifact id: 'cf463d62747ef36d3a531178899fff5d') in 0.061111 seconds 
========================================================================
Received Import Request.
  Time since last request: 0.000031 seconds.
  path: Assets/ThirdPart/Wand and Circles/Polygon City Free Pack - Environment and Interior/Prefabs/Props/Box cap.prefab
  artifactKey: Guid(ec267ebad9ef10c45bc6b17ee8de56c4) Importer(815301076,1909f56bfc062723c751e8b465ee728b)
Start importing Assets/ThirdPart/Wand and Circles/Polygon City Free Pack - Environment and Interior/Prefabs/Props/Box cap.prefab using Guid(ec267ebad9ef10c45bc6b17ee8de56c4) Importer(815301076,1909f56bfc062723c751e8b465ee728b)  -> (artifact id: '4f73656e2084d371c91c927abdfdaa9f') in 0.071109 seconds 
========================================================================
Received Import Request.
  Time since last request: 0.000039 seconds.
  path: Assets/ThirdPart/Wand and Circles/Polygon City Free Pack - Environment and Interior/Prefabs/Props/Box 3.prefab
  artifactKey: Guid(e789afaff5a84fc4d97c4b23d69ccb47) Importer(815301076,1909f56bfc062723c751e8b465ee728b)
Start importing Assets/ThirdPart/Wand and Circles/Polygon City Free Pack - Environment and Interior/Prefabs/Props/Box 3.prefab using Guid(e789afaff5a84fc4d97c4b23d69ccb47) Importer(815301076,1909f56bfc062723c751e8b465ee728b)  -> (artifact id: '9a75d981399c7ce6183f5bb12d951c2d') in 0.050378 seconds 
========================================================================
Received Import Request.
  Time since last request: 0.057169 seconds.
  path: Assets/ThirdPart/Polylised - Medieval Desert City/Prefabs/prefab_unique_buildings/castle_gate_a.prefab
  artifactKey: Guid(a8df532e065d8c644a1f2aad6c8ad88d) Importer(815301076,1909f56bfc062723c751e8b465ee728b)
Start importing Assets/ThirdPart/Polylised - Medieval Desert City/Prefabs/prefab_unique_buildings/castle_gate_a.prefab using Guid(a8df532e065d8c644a1f2aad6c8ad88d) Importer(815301076,1909f56bfc062723c751e8b465ee728b)  -> (artifact id: '08c33dc56ea69abbf0a73a82bd49d5c8') in 0.042753 seconds 
========================================================================
Received Import Request.
  Time since last request: 0.000033 seconds.
  path: Assets/ThirdPart/Polylised - Medieval Desert City/Prefabs/prefab_unique_buildings/castle_tower_rectangular.prefab
  artifactKey: Guid(f26b24b97b5031e4d8984eb41762eda1) Importer(815301076,1909f56bfc062723c751e8b465ee728b)
Start importing Assets/ThirdPart/Polylised - Medieval Desert City/Prefabs/prefab_unique_buildings/castle_tower_rectangular.prefab using Guid(f26b24b97b5031e4d8984eb41762eda1) Importer(815301076,1909f56bfc062723c751e8b465ee728b)  -> (artifact id: '5f099988401289a7ca4a47ff74215622') in 0.048500 seconds 
========================================================================
Received Import Request.
  Time since last request: 0.001092 seconds.
  path: Assets/ThirdPart/Polylised - Medieval Desert City/Prefabs/prefab_unique_buildings/castle_wall_2,5m.prefab
  artifactKey: Guid(430f6f101fc52be4d9169a97e35a8355) Importer(815301076,1909f56bfc062723c751e8b465ee728b)
Start importing Assets/ThirdPart/Polylised - Medieval Desert City/Prefabs/prefab_unique_buildings/castle_wall_2,5m.prefab using Guid(430f6f101fc52be4d9169a97e35a8355) Importer(815301076,1909f56bfc062723c751e8b465ee728b)  -> (artifact id: 'fcd87e19e4c9b0801970132b3831be1b') in 0.043027 seconds 
========================================================================
Received Import Request.
  Time since last request: 0.000037 seconds.
  path: Assets/ThirdPart/Polylised - Medieval Desert City/Prefabs/prefab_unique_buildings/castle_tower_round.prefab
  artifactKey: Guid(d4bbfcf82f1bd6f43a1ef19c811777fa) Importer(815301076,1909f56bfc062723c751e8b465ee728b)
Start importing Assets/ThirdPart/Polylised - Medieval Desert City/Prefabs/prefab_unique_buildings/castle_tower_round.prefab using Guid(d4bbfcf82f1bd6f43a1ef19c811777fa) Importer(815301076,1909f56bfc062723c751e8b465ee728b)  -> (artifact id: '2ac982eab507f6590e4cffb3e9469421') in 0.049897 seconds 
========================================================================
Received Import Request.
  Time since last request: 0.000039 seconds.
  path: Assets/ThirdPart/Polylised - Medieval Desert City/Prefabs/prefab_unique_buildings/castle_wall_15m.prefab
  artifactKey: Guid(52b2dd90b973b4b4cae0206dc54205e3) Importer(815301076,1909f56bfc062723c751e8b465ee728b)
Start importing Assets/ThirdPart/Polylised - Medieval Desert City/Prefabs/prefab_unique_buildings/castle_wall_15m.prefab using Guid(52b2dd90b973b4b4cae0206dc54205e3) Importer(815301076,1909f56bfc062723c751e8b465ee728b)  -> (artifact id: '864af10c4ac92ac0d04376c6ff5a6a35') in 0.053093 seconds 
========================================================================
Received Import Request.
  Time since last request: 0.000035 seconds.
  path: Assets/ThirdPart/Polylised - Medieval Desert City/Prefabs/prefab_unique_buildings/castle_wall_10m.prefab
  artifactKey: Guid(cc7ebc849fa32c34f8182aecf45c5bd6) Importer(815301076,1909f56bfc062723c751e8b465ee728b)
Start importing Assets/ThirdPart/Polylised - Medieval Desert City/Prefabs/prefab_unique_buildings/castle_wall_10m.prefab using Guid(cc7ebc849fa32c34f8182aecf45c5bd6) Importer(815301076,1909f56bfc062723c751e8b465ee728b)  -> (artifact id: '8961a843d16ce14cc26cd95d3700abb9') in 0.043887 seconds 
========================================================================
Received Import Request.
  Time since last request: 8.499954 seconds.
  path: Assets/ThirdPart/Polylised - Medieval Desert City/Prefabs/prefab_unique_buildings/castle_wall_corner_b.prefab
  artifactKey: Guid(68a304d5c1fe096449cbba55ea58ffc0) Importer(815301076,1909f56bfc062723c751e8b465ee728b)
Start importing Assets/ThirdPart/Polylised - Medieval Desert City/Prefabs/prefab_unique_buildings/castle_wall_corner_b.prefab using Guid(68a304d5c1fe096449cbba55ea58ffc0) Importer(815301076,1909f56bfc062723c751e8b465ee728b)  -> (artifact id: '8551a78ca3d25b2c2c6edae6fd636d1d') in 0.037937 seconds 
========================================================================
Received Import Request.
  Time since last request: 0.000034 seconds.
  path: Assets/ThirdPart/Polylised - Medieval Desert City/Models/Unique_Buildings/citadel_wall_a.FBX
  artifactKey: Guid(0d2f9593c52242b4da8e97c09e209d51) Importer(815301076,1909f56bfc062723c751e8b465ee728b)
Start importing Assets/ThirdPart/Polylised - Medieval Desert City/Models/Unique_Buildings/citadel_wall_a.FBX using Guid(0d2f9593c52242b4da8e97c09e209d51) Importer(815301076,1909f56bfc062723c751e8b465ee728b)  -> (artifact id: '643f58b1bdda3455123c1e7f61460ca3') in 0.075971 seconds 
========================================================================
Received Import Request.
  Time since last request: 0.000045 seconds.
  path: Assets/ThirdPart/Polylised - Medieval Desert City/Models/Unique_Buildings/citadel_wall_b.FBX
  artifactKey: Guid(d2aafee231e260e449516838ffcdb3ed) Importer(815301076,1909f56bfc062723c751e8b465ee728b)
Start importing Assets/ThirdPart/Polylised - Medieval Desert City/Models/Unique_Buildings/citadel_wall_b.FBX using Guid(d2aafee231e260e449516838ffcdb3ed) Importer(815301076,1909f56bfc062723c751e8b465ee728b)  -> (artifact id: '9ed22ef648b7b50517b001d7d50a4d4f') in 0.053151 seconds 
========================================================================
Received Import Request.
  Time since last request: 0.962766 seconds.
  path: Assets/ThirdPart/MegaPack1Lite/GreekPack1Lite/Models/Materials/Greek_Water.mat
  artifactKey: Guid(f0e758c4a7b8b41a782a0384069954b4) Importer(815301076,1909f56bfc062723c751e8b465ee728b)
Start importing Assets/ThirdPart/MegaPack1Lite/GreekPack1Lite/Models/Materials/Greek_Water.mat using Guid(f0e758c4a7b8b41a782a0384069954b4) Importer(815301076,1909f56bfc062723c751e8b465ee728b)  -> (artifact id: 'a1dbe96982f2e1e27d67b8c5fa1ad9c8') in 0.268065 seconds 
========================================================================
Received Import Request.
  Time since last request: 0.000037 seconds.
  path: Assets/ThirdPart/MegaPack1Lite/Steampunk/Models/Materials/Steampunk_Water.mat
  artifactKey: Guid(43c1566ff6bfa4b0eab85faa4e19a992) Importer(815301076,1909f56bfc062723c751e8b465ee728b)
Start importing Assets/ThirdPart/MegaPack1Lite/Steampunk/Models/Materials/Steampunk_Water.mat using Guid(43c1566ff6bfa4b0eab85faa4e19a992) Importer(815301076,1909f56bfc062723c751e8b465ee728b)  -> (artifact id: 'ca43a5ddfaa788eef017f681f20b30dd') in 0.057799 seconds 
========================================================================
Received Import Request.
  Time since last request: 0.000046 seconds.
  path: Assets/ThirdPart/MegaPack1Lite/EnchantedForestPack1/Materials/Water.mat
  artifactKey: Guid(6134e50ab2c954e1f802b5544ce1fc08) Importer(815301076,1909f56bfc062723c751e8b465ee728b)
Start importing Assets/ThirdPart/MegaPack1Lite/EnchantedForestPack1/Materials/Water.mat using Guid(6134e50ab2c954e1f802b5544ce1fc08) Importer(815301076,1909f56bfc062723c751e8b465ee728b)  -> (artifact id: 'f87cbfa1a9702611c679140c18c0a65a') in 0.429929 seconds 
========================================================================
Received Import Request.
  Time since last request: 0.000043 seconds.
  path: Assets/ThirdPart/Nature pack extended/naturePack_126.obj
  artifactKey: Guid(f878e7284121b084980a1c28b38da710) Importer(815301076,1909f56bfc062723c751e8b465ee728b)
Start importing Assets/ThirdPart/Nature pack extended/naturePack_126.obj using Guid(f878e7284121b084980a1c28b38da710) Importer(815301076,1909f56bfc062723c751e8b465ee728b)  -> (artifact id: 'da5c4868eb772020ee9d424dc0ed13cc') in 0.114158 seconds 
========================================================================
Received Import Request.
  Time since last request: 0.000046 seconds.
  path: Assets/ThirdPart/Forest Arena/Textures/WaterMaterialpsd.psd
  artifactKey: Guid(25315fb78afed0e4b9a0e1681097767f) Importer(815301076,1909f56bfc062723c751e8b465ee728b)
Start importing Assets/ThirdPart/Forest Arena/Textures/WaterMaterialpsd.psd using Guid(25315fb78afed0e4b9a0e1681097767f) Importer(815301076,1909f56bfc062723c751e8b465ee728b)  -> (artifact id: '8a3f62852a29c7861f90c5868cdf10cf') in 0.105859 seconds 
========================================================================
Received Import Request.
  Time since last request: 0.000032 seconds.
  path: Assets/ThirdPart/Nature pack extended/naturePack_141.obj
  artifactKey: Guid(d39ce949c5d60e54ab6d553531a531db) Importer(815301076,1909f56bfc062723c751e8b465ee728b)
Start importing Assets/ThirdPart/Nature pack extended/naturePack_141.obj using Guid(d39ce949c5d60e54ab6d553531a531db) Importer(815301076,1909f56bfc062723c751e8b465ee728b)  -> (artifact id: 'f7638745519fa93bd413eed8fb23c603') in 0.100009 seconds 
========================================================================
Received Import Request.
  Time since last request: 0.000040 seconds.
  path: Assets/ThirdPart/Forest Arena/PrefabsGeneral/WaterQuad.prefab
  artifactKey: Guid(358cf835a1cf6dc44be7c394778cb1ce) Importer(815301076,1909f56bfc062723c751e8b465ee728b)
Start importing Assets/ThirdPart/Forest Arena/PrefabsGeneral/WaterQuad.prefab using Guid(358cf835a1cf6dc44be7c394778cb1ce) Importer(815301076,1909f56bfc062723c751e8b465ee728b)  -> (artifact id: '126557896a1af01e9da5ee3461181b39') in 0.046428 seconds 
========================================================================
Received Import Request.
  Time since last request: 0.000057 seconds.
  path: Assets/ThirdPart/Nature pack extended/naturePack_110.obj
  artifactKey: Guid(cbf652cb03a424d41b36f42b31c84370) Importer(815301076,1909f56bfc062723c751e8b465ee728b)
Start importing Assets/ThirdPart/Nature pack extended/naturePack_110.obj using Guid(cbf652cb03a424d41b36f42b31c84370) Importer(815301076,1909f56bfc062723c751e8b465ee728b)  -> (artifact id: 'ac1f471e9edad04db5cac4caf21b1faa') in 0.092838 seconds 
========================================================================
Received Import Request.
  Time since last request: 0.000035 seconds.
  path: Assets/ThirdPart/MegaPack1Lite/RomanCityPack1Lite/Models/Roman/Materials/Water.mat
  artifactKey: Guid(8ebf96c45c48444ba98d45c7407c2561) Importer(815301076,1909f56bfc062723c751e8b465ee728b)
Start importing Assets/ThirdPart/MegaPack1Lite/RomanCityPack1Lite/Models/Roman/Materials/Water.mat using Guid(8ebf96c45c48444ba98d45c7407c2561) Importer(815301076,1909f56bfc062723c751e8b465ee728b)  -> (artifact id: '4302c568987f19c19109a36dd4187202') in 0.042202 seconds 
========================================================================
Received Import Request.
  Time since last request: 0.000033 seconds.
  path: Assets/ThirdPart/MegaPack1Lite/EnchantedForestPack1/Models/Materials/Water.mat
  artifactKey: Guid(30776a0ef7ee3410483c4d27ac662b0a) Importer(815301076,1909f56bfc062723c751e8b465ee728b)
Start importing Assets/ThirdPart/MegaPack1Lite/EnchantedForestPack1/Models/Materials/Water.mat using Guid(30776a0ef7ee3410483c4d27ac662b0a) Importer(815301076,1909f56bfc062723c751e8b465ee728b)  -> (artifact id: '99b08a71c5823e4ef64df39fc3ad8047') in 0.038049 seconds 
========================================================================
Received Import Request.
  Time since last request: 0.000040 seconds.
  path: Assets/ThirdPart/Nature pack extended/Materials/Mesh1_Brown_Waterfall_Top_ModelMat.mat
  artifactKey: Guid(657b98124866a794aa979b3757bc8ccf) Importer(815301076,1909f56bfc062723c751e8b465ee728b)
Start importing Assets/ThirdPart/Nature pack extended/Materials/Mesh1_Brown_Waterfall_Top_ModelMat.mat using Guid(657b98124866a794aa979b3757bc8ccf) Importer(815301076,1909f56bfc062723c751e8b465ee728b)  -> (artifact id: '88645f3c4ca8feedaed5bb154c047a99') in 0.041894 seconds 
========================================================================
Received Import Request.
  Time since last request: 0.000064 seconds.
  path: Assets/ThirdPart/Nature pack extended/naturePack_125.obj
  artifactKey: Guid(abf139aba1ab1014981b5a8c1e56a642) Importer(815301076,1909f56bfc062723c751e8b465ee728b)
Start importing Assets/ThirdPart/Nature pack extended/naturePack_125.obj using Guid(abf139aba1ab1014981b5a8c1e56a642) Importer(815301076,1909f56bfc062723c751e8b465ee728b)  -> (artifact id: 'defbf488e715dd33a2b3ccc3a79a6ba5') in 0.076212 seconds 
========================================================================
Received Import Request.
  Time since last request: 0.000050 seconds.
  path: Assets/ThirdPart/Forest Arena/Materials/WaterTile.mat
  artifactKey: Guid(3f14906e08078944dab937a623780258) Importer(815301076,1909f56bfc062723c751e8b465ee728b)
Start importing Assets/ThirdPart/Forest Arena/Materials/WaterTile.mat using Guid(3f14906e08078944dab937a623780258) Importer(815301076,1909f56bfc062723c751e8b465ee728b)  -> (artifact id: '69b38355c8c1d23306cd35e5c820dd75') in 0.044172 seconds 
========================================================================
Received Prepare
Registering precompiled user dll's ...
Registered in 0.011714 seconds.
Begin MonoManager ReloadAssembly
Symbol file LoadedFromMemory doesn't match image C:\Users\Algo\Documents\GitHub\project-3d\Library\PackageCache\com.unity.visualscripting@1.7.8\Editor\VisualScripting.Core\Dependencies\YamlDotNet\Unity.VisualScripting.YamlDotNet.dll
Symbol file LoadedFromMemory doesn't match image C:\Users\Algo\Documents\GitHub\project-3d\Library\PackageCache\com.unity.visualscripting@1.7.8\Editor\VisualScripting.Core\Dependencies\DotNetZip\Unity.VisualScripting.IonicZip.dll
Native extension for WindowsStandalone target not found
Refreshing native plugins compatible for Editor in 1.20 ms, found 3 plugins.
Preloading 0 native plugins for Editor in 0.00 ms.
Mono: successfully reloaded assembly
- Completed reload, in  2.405 seconds
Domain Reload Profiling:
	ReloadAssembly (2407ms)
		BeginReloadAssembly (272ms)
			ExecutionOrderSort (0ms)
			DisableScriptedObjects (9ms)
			BackupInstance (0ms)
			ReleaseScriptingObjects (0ms)
			CreateAndSetChildDomain (72ms)
		EndReloadAssembly (1943ms)
			LoadAssemblies (166ms)
			RebuildTransferFunctionScriptingTraits (0ms)
			SetupTypeCache (566ms)
			ReleaseScriptCaches (1ms)
			RebuildScriptCaches (83ms)
			SetupLoadedEditorAssemblies (988ms)
				LogAssemblyErrors (0ms)
				InitializePlatformSupportModulesInManaged (26ms)
				SetLoadedEditorAssemblies (1ms)
				RefreshPlugins (1ms)
				BeforeProcessingInitializeOnLoad (166ms)
				ProcessInitializeOnLoadAttributes (663ms)
				ProcessInitializeOnLoadMethodAttributes (108ms)
				AfterProcessingInitializeOnLoad (22ms)
				EditorAssembliesLoaded (1ms)
			ExecutionOrderSort2 (0ms)
			AwakeInstancesAfterBackupRestoration (28ms)
Platform modules already initialized, skipping
Refreshing native plugins compatible for Editor in 4.00 ms, found 3 plugins.
Preloading 0 native plugins for Editor in 0.00 ms.
Unloading 3373 Unused Serialized files (Serialized files now loaded: 0)
Unloading 20 unused Assets / (79.5 KB). Loaded Objects now: 3908.
Memory consumption went from 138.0 MB to 137.9 MB.
Total: 7.151000 ms (FindLiveObjects: 0.405300 ms CreateObjectMapping: 0.523100 ms MarkObjects: 6.065800 ms  DeleteObjects: 0.154800 ms)

AssetImportParameters requested are different than current active one (requested -> active):
  custom:video-decoder-ogg-theora: a1e56fd34408186e4bbccfd4996cb3dc -> 
  custom:container-muxer-webm: aa71ff27fc2769a1b78a27578f13a17b -> 
  custom:container-demuxer-webm: 4f35f7cbe854078d1ac9338744f61a02 -> 
  custom:video-encoder-webm-vp8: eb34c28f22e8b96e1ab97ce403110664 -> 
  custom:audio-encoder-webm-vorbis: bf7c407c2cedff20999df2af8eb42d56 -> 
  custom:framework-win-MediaFoundation: 216162199b28c13a410421893ffa2e32 -> 
  custom:container-demuxer-ogg: 62fdf1f143b41e24485cea50d1cbac27 -> 
  custom:video-decoder-webm-vp8: 9c59270c3fd7afecdb556c50c9e8de78 -> 
  custom:audio-decoder-ogg-vorbis: bf7c407c2cedff20999df2af8eb42d56 -> 
========================================================================
Received Prepare
Registering precompiled user dll's ...
Registered in 0.012884 seconds.
Begin MonoManager ReloadAssembly
Symbol file LoadedFromMemory doesn't match image C:\Users\Algo\Documents\GitHub\project-3d\Library\PackageCache\com.unity.visualscripting@1.7.8\Editor\VisualScripting.Core\Dependencies\YamlDotNet\Unity.VisualScripting.YamlDotNet.dll
Symbol file LoadedFromMemory doesn't match image C:\Users\Algo\Documents\GitHub\project-3d\Library\PackageCache\com.unity.visualscripting@1.7.8\Editor\VisualScripting.Core\Dependencies\DotNetZip\Unity.VisualScripting.IonicZip.dll
Native extension for WindowsStandalone target not found
Refreshing native plugins compatible for Editor in 0.98 ms, found 3 plugins.
Preloading 0 native plugins for Editor in 0.00 ms.
Mono: successfully reloaded assembly
- Completed reload, in  2.669 seconds
Domain Reload Profiling:
	ReloadAssembly (2671ms)
		BeginReloadAssembly (251ms)
			ExecutionOrderSort (0ms)
			DisableScriptedObjects (11ms)
			BackupInstance (0ms)
			ReleaseScriptingObjects (0ms)
			CreateAndSetChildDomain (64ms)
		EndReloadAssembly (2200ms)
			LoadAssemblies (166ms)
			RebuildTransferFunctionScriptingTraits (0ms)
			SetupTypeCache (550ms)
			ReleaseScriptCaches (2ms)
			RebuildScriptCaches (85ms)
			SetupLoadedEditorAssemblies (1074ms)
				LogAssemblyErrors (0ms)
				InitializePlatformSupportModulesInManaged (23ms)
				SetLoadedEditorAssemblies (1ms)
				RefreshPlugins (1ms)
				BeforeProcessingInitializeOnLoad (153ms)
				ProcessInitializeOnLoadAttributes (711ms)
				ProcessInitializeOnLoadMethodAttributes (96ms)
				AfterProcessingInitializeOnLoad (64ms)
				EditorAssembliesLoaded (24ms)
			ExecutionOrderSort2 (0ms)
			AwakeInstancesAfterBackupRestoration (84ms)
Platform modules already initialized, skipping
Refreshing native plugins compatible for Editor in 14.77 ms, found 3 plugins.
Preloading 0 native plugins for Editor in 0.00 ms.
Unloading 3373 Unused Serialized files (Serialized files now loaded: 0)
Unloading 20 unused Assets / (79.5 KB). Loaded Objects now: 3911.
Memory consumption went from 138.0 MB to 137.9 MB.
Total: 22.606700 ms (FindLiveObjects: 1.779300 ms CreateObjectMapping: 0.520800 ms MarkObjects: 20.048000 ms  DeleteObjects: 0.256800 ms)

AssetImportParameters requested are different than current active one (requested -> active):
  custom:video-decoder-ogg-theora: a1e56fd34408186e4bbccfd4996cb3dc -> 
  custom:container-muxer-webm: aa71ff27fc2769a1b78a27578f13a17b -> 
  custom:container-demuxer-webm: 4f35f7cbe854078d1ac9338744f61a02 -> 
  custom:video-encoder-webm-vp8: eb34c28f22e8b96e1ab97ce403110664 -> 
  custom:audio-encoder-webm-vorbis: bf7c407c2cedff20999df2af8eb42d56 -> 
  custom:framework-win-MediaFoundation: 216162199b28c13a410421893ffa2e32 -> 
  custom:container-demuxer-ogg: 62fdf1f143b41e24485cea50d1cbac27 -> 
  custom:video-decoder-webm-vp8: 9c59270c3fd7afecdb556c50c9e8de78 -> 
  custom:audio-decoder-ogg-vorbis: bf7c407c2cedff20999df2af8eb42d56 -> 
========================================================================
Received Import Request.
  Time since last request: 165.634023 seconds.
  path: Assets/Code/Tp.cs
  artifactKey: Guid(d548afe0e568ce1498610d1268f284a5) Importer(815301076,1909f56bfc062723c751e8b465ee728b)
Start importing Assets/Code/Tp.cs using Guid(d548afe0e568ce1498610d1268f284a5) Importer(815301076,1909f56bfc062723c751e8b465ee728b)  -> (artifact id: 'b8253246acf217b3b2d6ad9e7e41ab60') in 0.027269 seconds 
========================================================================
Received Prepare
Registering precompiled user dll's ...
Registered in 0.014775 seconds.
Begin MonoManager ReloadAssembly
Symbol file LoadedFromMemory doesn't match image C:\Users\Algo\Documents\GitHub\project-3d\Library\PackageCache\com.unity.visualscripting@1.7.8\Editor\VisualScripting.Core\Dependencies\YamlDotNet\Unity.VisualScripting.YamlDotNet.dll
Symbol file LoadedFromMemory doesn't match image C:\Users\Algo\Documents\GitHub\project-3d\Library\PackageCache\com.unity.visualscripting@1.7.8\Editor\VisualScripting.Core\Dependencies\DotNetZip\Unity.VisualScripting.IonicZip.dll
Native extension for WindowsStandalone target not found
Refreshing native plugins compatible for Editor in 0.97 ms, found 3 plugins.
Preloading 0 native plugins for Editor in 0.00 ms.
Mono: successfully reloaded assembly
- Completed reload, in  2.303 seconds
Domain Reload Profiling:
	ReloadAssembly (2308ms)
		BeginReloadAssembly (536ms)
			ExecutionOrderSort (0ms)
			DisableScriptedObjects (15ms)
			BackupInstance (0ms)
			ReleaseScriptingObjects (0ms)
			CreateAndSetChildDomain (171ms)
		EndReloadAssembly (1507ms)
			LoadAssemblies (308ms)
			RebuildTransferFunctionScriptingTraits (0ms)
			SetupTypeCache (565ms)
			ReleaseScriptCaches (1ms)
			RebuildScriptCaches (75ms)
			SetupLoadedEditorAssemblies (563ms)
				LogAssemblyErrors (0ms)
				InitializePlatformSupportModulesInManaged (21ms)
				SetLoadedEditorAssemblies (1ms)
				RefreshPlugins (1ms)
				BeforeProcessingInitializeOnLoad (103ms)
				ProcessInitializeOnLoadAttributes (358ms)
				ProcessInitializeOnLoadMethodAttributes (63ms)
				AfterProcessingInitializeOnLoad (17ms)
				EditorAssembliesLoaded (0ms)
			ExecutionOrderSort2 (0ms)
			AwakeInstancesAfterBackupRestoration (16ms)
Platform modules already initialized, skipping
Refreshing native plugins compatible for Editor in 4.22 ms, found 3 plugins.
Preloading 0 native plugins for Editor in 0.00 ms.
Unloading 3374 Unused Serialized files (Serialized files now loaded: 0)
Unloading 20 unused Assets / (79.6 KB). Loaded Objects now: 3915.
Memory consumption went from 138.0 MB to 138.0 MB.
Total: 9.800600 ms (FindLiveObjects: 0.484400 ms CreateObjectMapping: 0.490700 ms MarkObjects: 8.494900 ms  DeleteObjects: 0.329000 ms)

AssetImportParameters requested are different than current active one (requested -> active):
  custom:video-decoder-ogg-theora: a1e56fd34408186e4bbccfd4996cb3dc -> 
  custom:container-muxer-webm: aa71ff27fc2769a1b78a27578f13a17b -> 
  custom:container-demuxer-webm: 4f35f7cbe854078d1ac9338744f61a02 -> 
  custom:video-encoder-webm-vp8: eb34c28f22e8b96e1ab97ce403110664 -> 
  custom:audio-encoder-webm-vorbis: bf7c407c2cedff20999df2af8eb42d56 -> 
  custom:framework-win-MediaFoundation: 216162199b28c13a410421893ffa2e32 -> 
  custom:container-demuxer-ogg: 62fdf1f143b41e24485cea50d1cbac27 -> 
  custom:video-decoder-webm-vp8: 9c59270c3fd7afecdb556c50c9e8de78 -> 
  custom:audio-decoder-ogg-vorbis: bf7c407c2cedff20999df2af8eb42d56 -> 
========================================================================
Received Prepare
Registering precompiled user dll's ...
Registered in 0.018904 seconds.
Begin MonoManager ReloadAssembly
Symbol file LoadedFromMemory doesn't match image C:\Users\Algo\Documents\GitHub\project-3d\Library\PackageCache\com.unity.visualscripting@1.7.8\Editor\VisualScripting.Core\Dependencies\YamlDotNet\Unity.VisualScripting.YamlDotNet.dll
Symbol file LoadedFromMemory doesn't match image C:\Users\Algo\Documents\GitHub\project-3d\Library\PackageCache\com.unity.visualscripting@1.7.8\Editor\VisualScripting.Core\Dependencies\DotNetZip\Unity.VisualScripting.IonicZip.dll
Native extension for WindowsStandalone target not found
Refreshing native plugins compatible for Editor in 1.01 ms, found 3 plugins.
Preloading 0 native plugins for Editor in 0.00 ms.
Mono: successfully reloaded assembly
- Completed reload, in  1.702 seconds
Domain Reload Profiling:
	ReloadAssembly (1703ms)
		BeginReloadAssembly (258ms)
			ExecutionOrderSort (0ms)
			DisableScriptedObjects (10ms)
			BackupInstance (0ms)
			ReleaseScriptingObjects (0ms)
			CreateAndSetChildDomain (77ms)
		EndReloadAssembly (1287ms)
			LoadAssemblies (160ms)
			RebuildTransferFunctionScriptingTraits (0ms)
			SetupTypeCache (410ms)
			ReleaseScriptCaches (1ms)
			RebuildScriptCaches (65ms)
			SetupLoadedEditorAssemblies (606ms)
				LogAssemblyErrors (0ms)
				InitializePlatformSupportModulesInManaged (20ms)
				SetLoadedEditorAssemblies (1ms)
				RefreshPlugins (1ms)
				BeforeProcessingInitializeOnLoad (112ms)
				ProcessInitializeOnLoadAttributes (410ms)
				ProcessInitializeOnLoadMethodAttributes (50ms)
				AfterProcessingInitializeOnLoad (12ms)
				EditorAssembliesLoaded (0ms)
			ExecutionOrderSort2 (0ms)
			AwakeInstancesAfterBackupRestoration (10ms)
Platform modules already initialized, skipping
Refreshing native plugins compatible for Editor in 3.64 ms, found 3 plugins.
Preloading 0 native plugins for Editor in 0.00 ms.
Unloading 3374 Unused Serialized files (Serialized files now loaded: 0)
Unloading 20 unused Assets / (79.5 KB). Loaded Objects now: 3918.
Memory consumption went from 138.0 MB to 138.0 MB.
Total: 5.673900 ms (FindLiveObjects: 0.336000 ms CreateObjectMapping: 0.217000 ms MarkObjects: 4.966100 ms  DeleteObjects: 0.152500 ms)

AssetImportParameters requested are different than current active one (requested -> active):
  custom:video-decoder-ogg-theora: a1e56fd34408186e4bbccfd4996cb3dc -> 
  custom:container-muxer-webm: aa71ff27fc2769a1b78a27578f13a17b -> 
  custom:container-demuxer-webm: 4f35f7cbe854078d1ac9338744f61a02 -> 
  custom:video-encoder-webm-vp8: eb34c28f22e8b96e1ab97ce403110664 -> 
  custom:audio-encoder-webm-vorbis: bf7c407c2cedff20999df2af8eb42d56 -> 
  custom:framework-win-MediaFoundation: 216162199b28c13a410421893ffa2e32 -> 
  custom:container-demuxer-ogg: 62fdf1f143b41e24485cea50d1cbac27 -> 
  custom:video-decoder-webm-vp8: 9c59270c3fd7afecdb556c50c9e8de78 -> 
  custom:audio-decoder-ogg-vorbis: bf7c407c2cedff20999df2af8eb42d56 -> 
========================================================================
Received Prepare
Registering precompiled user dll's ...
Registered in 0.016855 seconds.
Begin MonoManager ReloadAssembly
Symbol file LoadedFromMemory doesn't match image C:\Users\Algo\Documents\GitHub\project-3d\Library\PackageCache\com.unity.visualscripting@1.7.8\Editor\VisualScripting.Core\Dependencies\YamlDotNet\Unity.VisualScripting.YamlDotNet.dll
Symbol file LoadedFromMemory doesn't match image C:\Users\Algo\Documents\GitHub\project-3d\Library\PackageCache\com.unity.visualscripting@1.7.8\Editor\VisualScripting.Core\Dependencies\DotNetZip\Unity.VisualScripting.IonicZip.dll
Native extension for WindowsStandalone target not found
Refreshing native plugins compatible for Editor in 0.99 ms, found 3 plugins.
Preloading 0 native plugins for Editor in 0.00 ms.
Mono: successfully reloaded assembly
- Completed reload, in  2.555 seconds
Domain Reload Profiling:
	ReloadAssembly (2556ms)
		BeginReloadAssembly (288ms)
			ExecutionOrderSort (0ms)
			DisableScriptedObjects (12ms)
			BackupInstance (0ms)
			ReleaseScriptingObjects (0ms)
			CreateAndSetChildDomain (107ms)
		EndReloadAssembly (2075ms)
			LoadAssemblies (164ms)
			RebuildTransferFunctionScriptingTraits (0ms)
			SetupTypeCache (550ms)
			ReleaseScriptCaches (2ms)
			RebuildScriptCaches (81ms)
			SetupLoadedEditorAssemblies (1146ms)
				LogAssemblyErrors (0ms)
				InitializePlatformSupportModulesInManaged (36ms)
				SetLoadedEditorAssemblies (1ms)
				RefreshPlugins (1ms)
				BeforeProcessingInitializeOnLoad (193ms)
				ProcessInitializeOnLoadAttributes (779ms)
				ProcessInitializeOnLoadMethodAttributes (105ms)
				AfterProcessingInitializeOnLoad (31ms)
				EditorAssembliesLoaded (0ms)
			ExecutionOrderSort2 (0ms)
			AwakeInstancesAfterBackupRestoration (20ms)
Platform modules already initialized, skipping
Refreshing native plugins compatible for Editor in 3.83 ms, found 3 plugins.
Preloading 0 native plugins for Editor in 0.00 ms.
Unloading 3374 Unused Serialized files (Serialized files now loaded: 0)
Unloading 20 unused Assets / (79.5 KB). Loaded Objects now: 3921.
Memory consumption went from 138.1 MB to 138.0 MB.
Total: 5.567200 ms (FindLiveObjects: 0.426600 ms CreateObjectMapping: 0.356700 ms MarkObjects: 4.598200 ms  DeleteObjects: 0.183900 ms)

AssetImportParameters requested are different than current active one (requested -> active):
  custom:video-decoder-ogg-theora: a1e56fd34408186e4bbccfd4996cb3dc -> 
  custom:container-muxer-webm: aa71ff27fc2769a1b78a27578f13a17b -> 
  custom:container-demuxer-webm: 4f35f7cbe854078d1ac9338744f61a02 -> 
  custom:video-encoder-webm-vp8: eb34c28f22e8b96e1ab97ce403110664 -> 
  custom:audio-encoder-webm-vorbis: bf7c407c2cedff20999df2af8eb42d56 -> 
  custom:framework-win-MediaFoundation: 216162199b28c13a410421893ffa2e32 -> 
  custom:container-demuxer-ogg: 62fdf1f143b41e24485cea50d1cbac27 -> 
  custom:video-decoder-webm-vp8: 9c59270c3fd7afecdb556c50c9e8de78 -> 
  custom:audio-decoder-ogg-vorbis: bf7c407c2cedff20999df2af8eb42d56 -> 
========================================================================
Received Prepare
Registering precompiled user dll's ...
Registered in 0.019325 seconds.
Begin MonoManager ReloadAssembly
Symbol file LoadedFromMemory doesn't match image C:\Users\Algo\Documents\GitHub\project-3d\Library\PackageCache\com.unity.visualscripting@1.7.8\Editor\VisualScripting.Core\Dependencies\YamlDotNet\Unity.VisualScripting.YamlDotNet.dll
Symbol file LoadedFromMemory doesn't match image C:\Users\Algo\Documents\GitHub\project-3d\Library\PackageCache\com.unity.visualscripting@1.7.8\Editor\VisualScripting.Core\Dependencies\DotNetZip\Unity.VisualScripting.IonicZip.dll
Native extension for WindowsStandalone target not found
Refreshing native plugins compatible for Editor in 1.56 ms, found 3 plugins.
Preloading 0 native plugins for Editor in 0.00 ms.
Mono: successfully reloaded assembly
- Completed reload, in  2.498 seconds
Domain Reload Profiling:
	ReloadAssembly (2501ms)
		BeginReloadAssembly (278ms)
			ExecutionOrderSort (0ms)
			DisableScriptedObjects (34ms)
			BackupInstance (0ms)
			ReleaseScriptingObjects (0ms)
			CreateAndSetChildDomain (74ms)
		EndReloadAssembly (2022ms)
			LoadAssemblies (164ms)
			RebuildTransferFunctionScriptingTraits (0ms)
			SetupTypeCache (603ms)
			ReleaseScriptCaches (3ms)
			RebuildScriptCaches (86ms)
			SetupLoadedEditorAssemblies (981ms)
				LogAssemblyErrors (0ms)
				InitializePlatformSupportModulesInManaged (37ms)
				SetLoadedEditorAssemblies (1ms)
				RefreshPlugins (2ms)
				BeforeProcessingInitializeOnLoad (134ms)
				ProcessInitializeOnLoadAttributes (686ms)
				ProcessInitializeOnLoadMethodAttributes (91ms)
				AfterProcessingInitializeOnLoad (29ms)
				EditorAssembliesLoaded (1ms)
			ExecutionOrderSort2 (0ms)
			AwakeInstancesAfterBackupRestoration (26ms)
Platform modules already initialized, skipping
Refreshing native plugins compatible for Editor in 4.53 ms, found 3 plugins.
Preloading 0 native plugins for Editor in 0.00 ms.
Unloading 3374 Unused Serialized files (Serialized files now loaded: 0)
Unloading 20 unused Assets / (79.6 KB). Loaded Objects now: 3924.
Memory consumption went from 138.1 MB to 138.0 MB.
Total: 7.300200 ms (FindLiveObjects: 0.531800 ms CreateObjectMapping: 0.402400 ms MarkObjects: 6.169200 ms  DeleteObjects: 0.195000 ms)

AssetImportParameters requested are different than current active one (requested -> active):
  custom:video-decoder-ogg-theora: a1e56fd34408186e4bbccfd4996cb3dc -> 
  custom:container-muxer-webm: aa71ff27fc2769a1b78a27578f13a17b -> 
  custom:container-demuxer-webm: 4f35f7cbe854078d1ac9338744f61a02 -> 
  custom:video-encoder-webm-vp8: eb34c28f22e8b96e1ab97ce403110664 -> 
  custom:audio-encoder-webm-vorbis: bf7c407c2cedff20999df2af8eb42d56 -> 
  custom:framework-win-MediaFoundation: 216162199b28c13a410421893ffa2e32 -> 
  custom:container-demuxer-ogg: 62fdf1f143b41e24485cea50d1cbac27 -> 
  custom:video-decoder-webm-vp8: 9c59270c3fd7afecdb556c50c9e8de78 -> 
  custom:audio-decoder-ogg-vorbis: bf7c407c2cedff20999df2af8eb42d56 -> 
