Using pre-set license
Built from '2021.3/staging' branch; Version is '2021.3.5f1 (40eb3a945986) revision 4254522'; Using compiler version '192829333'; Build Type 'Release'
OS: 'Windows 10  (10.0.19045) 64bit Professional' Language: 'ru' Physical Memory: 8097 MB
BatchMode: 1, IsHumanControllingUs: 0, StartBugReporterOnCrash: 0, Is64bit: 1, IsPro: 1

COMMAND LINE ARGUMENTS:
C:\Program Files\Unity\Hub\Editor\2021.3.5f1\Editor\Unity.exe
-adb2
-batchMode
-noUpm
-name
AssetImportWorker1
-projectPath
C:/Users/Algo/Documents/GitHub/project-3d
-logFile
Logs/AssetImportWorker1.log
-srvPort
63910
Successfully changed project path to: C:/Users/Algo/Documents/GitHub/project-3d
C:/Users/Algo/Documents/GitHub/project-3d
[UnityMemory] Configuration Parameters - Can be set up in boot.config
    "memorysetup-bucket-allocator-granularity=16"
    "memorysetup-bucket-allocator-bucket-count=8"
    "memorysetup-bucket-allocator-block-size=33554432"
    "memorysetup-bucket-allocator-block-count=8"
    "memorysetup-main-allocator-block-size=16777216"
    "memorysetup-thread-allocator-block-size=16777216"
    "memorysetup-gfx-main-allocator-block-size=16777216"
    "memorysetup-gfx-thread-allocator-block-size=16777216"
    "memorysetup-cache-allocator-block-size=4194304"
    "memorysetup-typetree-allocator-block-size=2097152"
    "memorysetup-profiler-bucket-allocator-granularity=16"
    "memorysetup-profiler-bucket-allocator-bucket-count=8"
    "memorysetup-profiler-bucket-allocator-block-size=33554432"
    "memorysetup-profiler-bucket-allocator-block-count=8"
    "memorysetup-profiler-allocator-block-size=16777216"
    "memorysetup-profiler-editor-allocator-block-size=1048576"
    "memorysetup-temp-allocator-size-main=16777216"
    "memorysetup-job-temp-allocator-block-size=2097152"
    "memorysetup-job-temp-allocator-block-size-background=1048576"
    "memorysetup-job-temp-allocator-reduction-small-platforms=262144"
    "memorysetup-temp-allocator-size-background-worker=32768"
    "memorysetup-temp-allocator-size-job-worker=262144"
    "memorysetup-temp-allocator-size-preload-manager=33554432"
    "memorysetup-temp-allocator-size-nav-mesh-worker=65536"
    "memorysetup-temp-allocator-size-audio-worker=65536"
    "memorysetup-temp-allocator-size-cloud-worker=32768"
    "memorysetup-temp-allocator-size-gi-baking-worker=262144"
    "memorysetup-temp-allocator-size-gfx=262144"
Refreshing native plugins compatible for Editor in 201.33 ms, found 3 plugins.
Preloading 0 native plugins for Editor in 0.00 ms.
Initialize engine version: 2021.3.5f1 (40eb3a945986)
[Subsystems] Discovering subsystems at path C:/Program Files/Unity/Hub/Editor/2021.3.5f1/Editor/Data/Resources/UnitySubsystems
[Subsystems] Discovering subsystems at path C:/Users/Algo/Documents/GitHub/project-3d/Assets
GfxDevice: creating device client; threaded=0; jobified=0
Direct3D:
    Version:  Direct3D 11.0 [level 11.0]
    Renderer: NVIDIA GeForce 920MX (ID=0x134f)
    Vendor:   NVIDIA
    VRAM:     2020 MB
    Driver:   22.21.13.8264
Initialize mono
Mono path[0] = 'C:/Program Files/Unity/Hub/Editor/2021.3.5f1/Editor/Data/Managed'
Mono path[1] = 'C:/Program Files/Unity/Hub/Editor/2021.3.5f1/Editor/Data/MonoBleedingEdge/lib/mono/unityjit-win32'
Mono config path = 'C:/Program Files/Unity/Hub/Editor/2021.3.5f1/Editor/Data/MonoBleedingEdge/etc'
Using monoOptions --debugger-agent=transport=dt_socket,embedding=1,server=y,suspend=n,address=127.0.0.1:56884
Begin MonoManager ReloadAssembly
Registering precompiled unity dll's ...
Register platform support module: C:/Program Files/Unity/Hub/Editor/2021.3.5f1/Editor/Data/PlaybackEngines/WindowsStandaloneSupport/UnityEditor.WindowsStandalone.Extensions.dll
Registered in 0.013705 seconds.
Native extension for WindowsStandalone target not found
Refreshing native plugins compatible for Editor in 186.66 ms, found 3 plugins.
Preloading 0 native plugins for Editor in 0.00 ms.
Mono: successfully reloaded assembly
- Completed reload, in  1.210 seconds
Domain Reload Profiling:
	ReloadAssembly (1211ms)
		BeginReloadAssembly (173ms)
			ExecutionOrderSort (0ms)
			DisableScriptedObjects (0ms)
			BackupInstance (0ms)
			ReleaseScriptingObjects (0ms)
			CreateAndSetChildDomain (1ms)
		EndReloadAssembly (843ms)
			LoadAssemblies (169ms)
			RebuildTransferFunctionScriptingTraits (0ms)
			SetupTypeCache (196ms)
			ReleaseScriptCaches (0ms)
			RebuildScriptCaches (58ms)
			SetupLoadedEditorAssemblies (505ms)
				LogAssemblyErrors (0ms)
				InitializePlatformSupportModulesInManaged (18ms)
				SetLoadedEditorAssemblies (0ms)
				RefreshPlugins (187ms)
				BeforeProcessingInitializeOnLoad (2ms)
				ProcessInitializeOnLoadAttributes (212ms)
				ProcessInitializeOnLoadMethodAttributes (85ms)
				AfterProcessingInitializeOnLoad (0ms)
				EditorAssembliesLoaded (0ms)
			ExecutionOrderSort2 (0ms)
			AwakeInstancesAfterBackupRestoration (0ms)
Platform modules already initialized, skipping
Registering precompiled user dll's ...
Registered in 0.011611 seconds.
Begin MonoManager ReloadAssembly
Symbol file LoadedFromMemory doesn't match image C:\Users\Algo\Documents\GitHub\project-3d\Library\PackageCache\com.unity.visualscripting@1.7.8\Editor\VisualScripting.Core\Dependencies\YamlDotNet\Unity.VisualScripting.YamlDotNet.dll
Symbol file LoadedFromMemory doesn't match image C:\Users\Algo\Documents\GitHub\project-3d\Library\PackageCache\com.unity.visualscripting@1.7.8\Editor\VisualScripting.Core\Dependencies\DotNetZip\Unity.VisualScripting.IonicZip.dll
Native extension for WindowsStandalone target not found
Refreshing native plugins compatible for Editor in 1.16 ms, found 3 plugins.
Preloading 0 native plugins for Editor in 0.00 ms.
Mono: successfully reloaded assembly
- Completed reload, in  1.816 seconds
Domain Reload Profiling:
	ReloadAssembly (1817ms)
		BeginReloadAssembly (213ms)
			ExecutionOrderSort (0ms)
			DisableScriptedObjects (14ms)
			BackupInstance (0ms)
			ReleaseScriptingObjects (0ms)
			CreateAndSetChildDomain (35ms)
		EndReloadAssembly (1412ms)
			LoadAssemblies (160ms)
			RebuildTransferFunctionScriptingTraits (0ms)
			SetupTypeCache (483ms)
			ReleaseScriptCaches (1ms)
			RebuildScriptCaches (86ms)
			SetupLoadedEditorAssemblies (616ms)
				LogAssemblyErrors (0ms)
				InitializePlatformSupportModulesInManaged (10ms)
				SetLoadedEditorAssemblies (1ms)
				RefreshPlugins (1ms)
				BeforeProcessingInitializeOnLoad (154ms)
				ProcessInitializeOnLoadAttributes (392ms)
				ProcessInitializeOnLoadMethodAttributes (45ms)
				AfterProcessingInitializeOnLoad (13ms)
				EditorAssembliesLoaded (0ms)
			ExecutionOrderSort2 (0ms)
			AwakeInstancesAfterBackupRestoration (11ms)
Platform modules already initialized, skipping
========================================================================
Worker process is ready to serve import requests
Launched and connected shader compiler UnityShaderCompiler.exe after 0.08 seconds
Refreshing native plugins compatible for Editor in 1.68 ms, found 3 plugins.
Preloading 0 native plugins for Editor in 0.00 ms.
Unloading 3378 Unused Serialized files (Serialized files now loaded: 0)
Unloading 27 unused Assets / (111.5 KB). Loaded Objects now: 3842.
Memory consumption went from 120.3 MB to 120.2 MB.
Total: 5.886600 ms (FindLiveObjects: 0.407300 ms CreateObjectMapping: 0.305200 ms MarkObjects: 4.977200 ms  DeleteObjects: 0.195000 ms)

AssetImportParameters requested are different than current active one (requested -> active):
  custom:video-decoder-ogg-theora: a1e56fd34408186e4bbccfd4996cb3dc -> 
  custom:container-muxer-webm: aa71ff27fc2769a1b78a27578f13a17b -> 
  custom:container-demuxer-webm: 4f35f7cbe854078d1ac9338744f61a02 -> 
  custom:video-encoder-webm-vp8: eb34c28f22e8b96e1ab97ce403110664 -> 
  custom:audio-encoder-webm-vorbis: bf7c407c2cedff20999df2af8eb42d56 -> 
  custom:framework-win-MediaFoundation: 216162199b28c13a410421893ffa2e32 -> 
  custom:container-demuxer-ogg: 62fdf1f143b41e24485cea50d1cbac27 -> 
  custom:video-decoder-webm-vp8: 9c59270c3fd7afecdb556c50c9e8de78 -> 
  custom:audio-decoder-ogg-vorbis: bf7c407c2cedff20999df2af8eb42d56 -> 
========================================================================
Received Prepare
Registering precompiled user dll's ...
Registered in 0.013844 seconds.
Begin MonoManager ReloadAssembly
Symbol file LoadedFromMemory doesn't match image C:\Users\Algo\Documents\GitHub\project-3d\Library\PackageCache\com.unity.visualscripting@1.7.8\Editor\VisualScripting.Core\Dependencies\YamlDotNet\Unity.VisualScripting.YamlDotNet.dll
Symbol file LoadedFromMemory doesn't match image C:\Users\Algo\Documents\GitHub\project-3d\Library\PackageCache\com.unity.visualscripting@1.7.8\Editor\VisualScripting.Core\Dependencies\DotNetZip\Unity.VisualScripting.IonicZip.dll
Native extension for WindowsStandalone target not found
Refreshing native plugins compatible for Editor in 0.95 ms, found 3 plugins.
Preloading 0 native plugins for Editor in 0.00 ms.
Mono: successfully reloaded assembly
- Completed reload, in  2.190 seconds
Domain Reload Profiling:
	ReloadAssembly (2192ms)
		BeginReloadAssembly (380ms)
			ExecutionOrderSort (0ms)
			DisableScriptedObjects (10ms)
			BackupInstance (0ms)
			ReleaseScriptingObjects (0ms)
			CreateAndSetChildDomain (67ms)
		EndReloadAssembly (1493ms)
			LoadAssemblies (285ms)
			RebuildTransferFunctionScriptingTraits (0ms)
			SetupTypeCache (572ms)
			ReleaseScriptCaches (2ms)
			RebuildScriptCaches (80ms)
			SetupLoadedEditorAssemblies (614ms)
				LogAssemblyErrors (0ms)
				InitializePlatformSupportModulesInManaged (25ms)
				SetLoadedEditorAssemblies (1ms)
				RefreshPlugins (1ms)
				BeforeProcessingInitializeOnLoad (144ms)
				ProcessInitializeOnLoadAttributes (375ms)
				ProcessInitializeOnLoadMethodAttributes (57ms)
				AfterProcessingInitializeOnLoad (11ms)
				EditorAssembliesLoaded (0ms)
			ExecutionOrderSort2 (0ms)
			AwakeInstancesAfterBackupRestoration (10ms)
Platform modules already initialized, skipping
Refreshing native plugins compatible for Editor in 4.47 ms, found 3 plugins.
Preloading 0 native plugins for Editor in 0.00 ms.
Unloading 3373 Unused Serialized files (Serialized files now loaded: 0)
Unloading 20 unused Assets / (79.2 KB). Loaded Objects now: 3846.
Memory consumption went from 120.2 MB to 120.1 MB.
Total: 5.410400 ms (FindLiveObjects: 0.342300 ms CreateObjectMapping: 0.229600 ms MarkObjects: 4.690500 ms  DeleteObjects: 0.146500 ms)

AssetImportParameters requested are different than current active one (requested -> active):
  custom:video-decoder-ogg-theora: a1e56fd34408186e4bbccfd4996cb3dc -> 
  custom:container-muxer-webm: aa71ff27fc2769a1b78a27578f13a17b -> 
  custom:container-demuxer-webm: 4f35f7cbe854078d1ac9338744f61a02 -> 
  custom:video-encoder-webm-vp8: eb34c28f22e8b96e1ab97ce403110664 -> 
  custom:audio-encoder-webm-vorbis: bf7c407c2cedff20999df2af8eb42d56 -> 
  custom:framework-win-MediaFoundation: 216162199b28c13a410421893ffa2e32 -> 
  custom:container-demuxer-ogg: 62fdf1f143b41e24485cea50d1cbac27 -> 
  custom:video-decoder-webm-vp8: 9c59270c3fd7afecdb556c50c9e8de78 -> 
  custom:audio-decoder-ogg-vorbis: bf7c407c2cedff20999df2af8eb42d56 -> 
========================================================================
Received Import Request.
  Time since last request: 320282.056249 seconds.
  path: Assets/Levels/Models/Button.fbx
  artifactKey: Guid(ae19129b164823c4bbc9aa892a02373d) Importer(815301076,1909f56bfc062723c751e8b465ee728b)
Start importing Assets/Levels/Models/Button.fbx using Guid(ae19129b164823c4bbc9aa892a02373d) Importer(815301076,1909f56bfc062723c751e8b465ee728b)  -> (artifact id: 'fcd574f751861eed10b0b5ffe5069fee') in 0.357440 seconds 
========================================================================
Received Import Request.
  Time since last request: 0.000061 seconds.
  path: Assets/Levels/Models/Teleport.fbx
  artifactKey: Guid(310f165473f5a8c47a2c24aab13240eb) Importer(815301076,1909f56bfc062723c751e8b465ee728b)
Start importing Assets/Levels/Models/Teleport.fbx using Guid(310f165473f5a8c47a2c24aab13240eb) Importer(815301076,1909f56bfc062723c751e8b465ee728b)  -> (artifact id: '8f740fbc2fc1ba11569f0544de07130c') in 0.105077 seconds 
========================================================================
Received Import Request.
  Time since last request: 4.652278 seconds.
  path: Assets/Levels/Prefabs/BlueGates.prefab
  artifactKey: Guid(6d4adee7951e59d478d49fddb94de6e2) Importer(815301076,1909f56bfc062723c751e8b465ee728b)
Start importing Assets/Levels/Prefabs/BlueGates.prefab using Guid(6d4adee7951e59d478d49fddb94de6e2) Importer(815301076,1909f56bfc062723c751e8b465ee728b)  -> (artifact id: '70a0bdc98d2a7d0b394da751fa4b8e22') in 0.059068 seconds 
========================================================================
Received Import Request.
  Time since last request: 0.000029 seconds.
  path: Assets/Levels/Prefabs/Teleport.prefab
  artifactKey: Guid(f7561678644751e4abe467d7b03d0861) Importer(815301076,1909f56bfc062723c751e8b465ee728b)
Start importing Assets/Levels/Prefabs/Teleport.prefab using Guid(f7561678644751e4abe467d7b03d0861) Importer(815301076,1909f56bfc062723c751e8b465ee728b)  -> (artifact id: '204099b2c76cf4da54d8ac4dd743cc3b') in 0.092566 seconds 
========================================================================
Received Import Request.
  Time since last request: 0.000037 seconds.
  path: Assets/Levels/Prefabs/Coins.prefab
  artifactKey: Guid(847c70734c2b0c9418766b728607559d) Importer(815301076,1909f56bfc062723c751e8b465ee728b)
Start importing Assets/Levels/Prefabs/Coins.prefab using Guid(847c70734c2b0c9418766b728607559d) Importer(815301076,1909f56bfc062723c751e8b465ee728b)  -> (artifact id: '7f896ad011104b2244153938b6f4d0ba') in 0.098033 seconds 
========================================================================
Received Import Request.
  Time since last request: 0.000084 seconds.
  path: Assets/Levels/Prefabs/Haystack.prefab
  artifactKey: Guid(95ce408c142f8f0428defd20b4442781) Importer(815301076,1909f56bfc062723c751e8b465ee728b)
Start importing Assets/Levels/Prefabs/Haystack.prefab using Guid(95ce408c142f8f0428defd20b4442781) Importer(815301076,1909f56bfc062723c751e8b465ee728b)  -> (artifact id: '95386a325c1e6a836fa745ed87fab00f') in 0.078571 seconds 
========================================================================
Received Prepare
Registering precompiled user dll's ...
Registered in 0.011697 seconds.
Begin MonoManager ReloadAssembly
Symbol file LoadedFromMemory doesn't match image C:\Users\Algo\Documents\GitHub\project-3d\Library\PackageCache\com.unity.visualscripting@1.7.8\Editor\VisualScripting.Core\Dependencies\YamlDotNet\Unity.VisualScripting.YamlDotNet.dll
Symbol file LoadedFromMemory doesn't match image C:\Users\Algo\Documents\GitHub\project-3d\Library\PackageCache\com.unity.visualscripting@1.7.8\Editor\VisualScripting.Core\Dependencies\DotNetZip\Unity.VisualScripting.IonicZip.dll
Native extension for WindowsStandalone target not found
Refreshing native plugins compatible for Editor in 1.70 ms, found 3 plugins.
Preloading 0 native plugins for Editor in 0.00 ms.
Mono: successfully reloaded assembly
- Completed reload, in  1.809 seconds
Domain Reload Profiling:
	ReloadAssembly (1810ms)
		BeginReloadAssembly (251ms)
			ExecutionOrderSort (0ms)
			DisableScriptedObjects (10ms)
			BackupInstance (0ms)
			ReleaseScriptingObjects (0ms)
			CreateAndSetChildDomain (62ms)
		EndReloadAssembly (1345ms)
			LoadAssemblies (170ms)
			RebuildTransferFunctionScriptingTraits (0ms)
			SetupTypeCache (503ms)
			ReleaseScriptCaches (1ms)
			RebuildScriptCaches (66ms)
			SetupLoadedEditorAssemblies (556ms)
				LogAssemblyErrors (0ms)
				InitializePlatformSupportModulesInManaged (23ms)
				SetLoadedEditorAssemblies (1ms)
				RefreshPlugins (2ms)
				BeforeProcessingInitializeOnLoad (111ms)
				ProcessInitializeOnLoadAttributes (357ms)
				ProcessInitializeOnLoadMethodAttributes (49ms)
				AfterProcessingInitializeOnLoad (13ms)
				EditorAssembliesLoaded (0ms)
			ExecutionOrderSort2 (0ms)
			AwakeInstancesAfterBackupRestoration (13ms)
Platform modules already initialized, skipping
Refreshing native plugins compatible for Editor in 5.33 ms, found 3 plugins.
Preloading 0 native plugins for Editor in 0.00 ms.
Unloading 3373 Unused Serialized files (Serialized files now loaded: 0)
Unloading 20 unused Assets / (79.1 KB). Loaded Objects now: 3859.
Memory consumption went from 124.8 MB to 124.7 MB.
Total: 4.932200 ms (FindLiveObjects: 0.320300 ms CreateObjectMapping: 0.201800 ms MarkObjects: 4.244500 ms  DeleteObjects: 0.163500 ms)

AssetImportParameters requested are different than current active one (requested -> active):
  custom:video-decoder-ogg-theora: a1e56fd34408186e4bbccfd4996cb3dc -> 
  custom:container-muxer-webm: aa71ff27fc2769a1b78a27578f13a17b -> 
  custom:container-demuxer-webm: 4f35f7cbe854078d1ac9338744f61a02 -> 
  custom:video-encoder-webm-vp8: eb34c28f22e8b96e1ab97ce403110664 -> 
  custom:audio-encoder-webm-vorbis: bf7c407c2cedff20999df2af8eb42d56 -> 
  custom:framework-win-MediaFoundation: 216162199b28c13a410421893ffa2e32 -> 
  custom:container-demuxer-ogg: 62fdf1f143b41e24485cea50d1cbac27 -> 
  custom:video-decoder-webm-vp8: 9c59270c3fd7afecdb556c50c9e8de78 -> 
  custom:audio-decoder-ogg-vorbis: bf7c407c2cedff20999df2af8eb42d56 -> 
========================================================================
Received Import Request.
  Time since last request: 221.901794 seconds.
  path: Assets/Levels/Prefabs/Spikes.prefab
  artifactKey: Guid(541e74e9c769f0447b1b65516b61b526) Importer(815301076,1909f56bfc062723c751e8b465ee728b)
Start importing Assets/Levels/Prefabs/Spikes.prefab using Guid(541e74e9c769f0447b1b65516b61b526) Importer(815301076,1909f56bfc062723c751e8b465ee728b)  -> (artifact id: '704ec0cf8f52096736c3416fef64b39d') in 0.108790 seconds 
========================================================================
Received Import Request.
  Time since last request: 10.294041 seconds.
  path: Assets/ThirdPart/Wand and Circles/Polygon City Free Pack - Environment and Interior/Prefabs/Props/Awning 1.prefab
  artifactKey: Guid(07bf097e10bf7f04eacc639499655663) Importer(815301076,1909f56bfc062723c751e8b465ee728b)
Start importing Assets/ThirdPart/Wand and Circles/Polygon City Free Pack - Environment and Interior/Prefabs/Props/Awning 1.prefab using Guid(07bf097e10bf7f04eacc639499655663) Importer(815301076,1909f56bfc062723c751e8b465ee728b)  -> (artifact id: 'd74d526fece666c72c31601cc6ba9f64') in 0.326285 seconds 
========================================================================
Received Import Request.
  Time since last request: 0.000036 seconds.
  path: Assets/ThirdPart/Wand and Circles/Polygon City Free Pack - Environment and Interior/Prefabs/Props/Bench 1.prefab
  artifactKey: Guid(0f0554495f4250448907c4ed18b9c25e) Importer(815301076,1909f56bfc062723c751e8b465ee728b)
Start importing Assets/ThirdPart/Wand and Circles/Polygon City Free Pack - Environment and Interior/Prefabs/Props/Bench 1.prefab using Guid(0f0554495f4250448907c4ed18b9c25e) Importer(815301076,1909f56bfc062723c751e8b465ee728b)  -> (artifact id: '16ad64def9b74a335e01ca5c5e0b030a') in 0.043393 seconds 
========================================================================
Received Import Request.
  Time since last request: 0.000046 seconds.
  path: Assets/ThirdPart/Forest Arena/PrefabsGeneral/Barrel.prefab
  artifactKey: Guid(3d24331bc1ecbd541a094dfc9f7596e9) Importer(815301076,1909f56bfc062723c751e8b465ee728b)
Start importing Assets/ThirdPart/Forest Arena/PrefabsGeneral/Barrel.prefab using Guid(3d24331bc1ecbd541a094dfc9f7596e9) Importer(815301076,1909f56bfc062723c751e8b465ee728b)  -> (artifact id: '48f2e436970491ee18c03bb85d7c4553') in 0.073082 seconds 
========================================================================
Received Import Request.
  Time since last request: 0.000029 seconds.
  path: Assets/ThirdPart/Forest Arena/PrefabsGeneral/BlockLightHalf.prefab
  artifactKey: Guid(164f40f9be002e044bc4f7cbf8bb3348) Importer(815301076,1909f56bfc062723c751e8b465ee728b)
Start importing Assets/ThirdPart/Forest Arena/PrefabsGeneral/BlockLightHalf.prefab using Guid(164f40f9be002e044bc4f7cbf8bb3348) Importer(815301076,1909f56bfc062723c751e8b465ee728b)  -> (artifact id: 'ccf7acb01a2361bd459780849d2dc404') in 0.069300 seconds 
========================================================================
Received Import Request.
  Time since last request: 0.000034 seconds.
  path: Assets/ThirdPart/Wand and Circles/Polygon City Free Pack - Environment and Interior/Prefabs/Stones/Big Stones/Big stone_1.prefab
  artifactKey: Guid(b23e5be9ef1ac4c45b532fb7fb0f7edf) Importer(815301076,1909f56bfc062723c751e8b465ee728b)
Start importing Assets/ThirdPart/Wand and Circles/Polygon City Free Pack - Environment and Interior/Prefabs/Stones/Big Stones/Big stone_1.prefab using Guid(b23e5be9ef1ac4c45b532fb7fb0f7edf) Importer(815301076,1909f56bfc062723c751e8b465ee728b)  -> (artifact id: '66e91e791816808ce38f9d2cdb937a43') in 0.046667 seconds 
========================================================================
Received Import Request.
  Time since last request: 0.000089 seconds.
  path: Assets/ThirdPart/Polylised - Medieval Desert City/Prefabs/prefab_props/barrel_group.prefab
  artifactKey: Guid(84573fa2e72500d49835406b46d71622) Importer(815301076,1909f56bfc062723c751e8b465ee728b)
Start importing Assets/ThirdPart/Polylised - Medieval Desert City/Prefabs/prefab_props/barrel_group.prefab using Guid(84573fa2e72500d49835406b46d71622) Importer(815301076,1909f56bfc062723c751e8b465ee728b)  -> (artifact id: '5c72d785a436a1946fc71e64f91be905') in 0.052945 seconds 
========================================================================
Received Import Request.
  Time since last request: 0.000066 seconds.
  path: Assets/ThirdPart/Polylised - Medieval Desert City/Prefabs/prefab_props/barrel.prefab
  artifactKey: Guid(55eac99f5049e5045a42f2528f476504) Importer(815301076,1909f56bfc062723c751e8b465ee728b)
Start importing Assets/ThirdPart/Polylised - Medieval Desert City/Prefabs/prefab_props/barrel.prefab using Guid(55eac99f5049e5045a42f2528f476504) Importer(815301076,1909f56bfc062723c751e8b465ee728b)  -> (artifact id: 'bc3dab6e9a4cc1cfdee137324a8eb95a') in 0.063575 seconds 
========================================================================
Received Import Request.
  Time since last request: 0.000037 seconds.
  path: Assets/ThirdPart/Polylised - Medieval Desert City/Prefabs/prefab_civilian_buildings/balcony_2.prefab
  artifactKey: Guid(d9994290a3429744c9b00201ba123d54) Importer(815301076,1909f56bfc062723c751e8b465ee728b)
Start importing Assets/ThirdPart/Polylised - Medieval Desert City/Prefabs/prefab_civilian_buildings/balcony_2.prefab using Guid(d9994290a3429744c9b00201ba123d54) Importer(815301076,1909f56bfc062723c751e8b465ee728b)  -> (artifact id: '0fb9853e747fa69e0f92e3a452ae2081') in 0.047790 seconds 
========================================================================
Received Import Request.
  Time since last request: 0.000035 seconds.
  path: Assets/ThirdPart/Forest Arena/PrefabsBlue/Pieces/BannerBlue.prefab
  artifactKey: Guid(db102576eb836d94a857fa67e5db659e) Importer(815301076,1909f56bfc062723c751e8b465ee728b)
Start importing Assets/ThirdPart/Forest Arena/PrefabsBlue/Pieces/BannerBlue.prefab using Guid(db102576eb836d94a857fa67e5db659e) Importer(815301076,1909f56bfc062723c751e8b465ee728b)  -> (artifact id: '79022e594f558af11507246c74e0d69c') in 0.141225 seconds 
========================================================================
Received Import Request.
  Time since last request: 0.000045 seconds.
  path: Assets/ThirdPart/Wand and Circles/Polygon City Free Pack - Environment and Interior/Prefabs/Props/Bed.prefab
  artifactKey: Guid(2bb28de3bad3c464d9eac3553f03a80d) Importer(815301076,1909f56bfc062723c751e8b465ee728b)
Start importing Assets/ThirdPart/Wand and Circles/Polygon City Free Pack - Environment and Interior/Prefabs/Props/Bed.prefab using Guid(2bb28de3bad3c464d9eac3553f03a80d) Importer(815301076,1909f56bfc062723c751e8b465ee728b)  -> (artifact id: '674e27ed87e63d4aa202e56d2c480aec') in 0.050603 seconds 
========================================================================
Received Import Request.
  Time since last request: 0.000051 seconds.
  path: Assets/ThirdPart/Wand and Circles/Polygon City Free Pack - Environment and Interior/Prefabs/Stones/Big Stones/Big stone.prefab
  artifactKey: Guid(001f45d171dd9a3489fcc609fbe7856e) Importer(815301076,1909f56bfc062723c751e8b465ee728b)
Start importing Assets/ThirdPart/Wand and Circles/Polygon City Free Pack - Environment and Interior/Prefabs/Stones/Big Stones/Big stone.prefab using Guid(001f45d171dd9a3489fcc609fbe7856e) Importer(815301076,1909f56bfc062723c751e8b465ee728b)  -> (artifact id: 'cbcf48ed2d29685eb306d57e2ae3a4c8') in 0.056510 seconds 
========================================================================
Received Import Request.
  Time since last request: 0.000037 seconds.
  path: Assets/ThirdPart/Forest Arena/PrefabsBlue/Pieces/BannerBlueSmall.prefab
  artifactKey: Guid(f052ac6475e6a724199c149b29960b95) Importer(815301076,1909f56bfc062723c751e8b465ee728b)
Start importing Assets/ThirdPart/Forest Arena/PrefabsBlue/Pieces/BannerBlueSmall.prefab using Guid(f052ac6475e6a724199c149b29960b95) Importer(815301076,1909f56bfc062723c751e8b465ee728b)  -> (artifact id: '0eaf46fdb52a633abd98ee589855965c') in 0.069553 seconds 
========================================================================
Received Import Request.
  Time since last request: 0.000031 seconds.
  path: Assets/ThirdPart/Wand and Circles/Polygon City Free Pack - Environment and Interior/Prefabs/Props/Barrel 3.prefab
  artifactKey: Guid(98f66ccba0443a14a8dffc0d78794889) Importer(815301076,1909f56bfc062723c751e8b465ee728b)
Start importing Assets/ThirdPart/Wand and Circles/Polygon City Free Pack - Environment and Interior/Prefabs/Props/Barrel 3.prefab using Guid(98f66ccba0443a14a8dffc0d78794889) Importer(815301076,1909f56bfc062723c751e8b465ee728b)  -> (artifact id: '177403917f1b7a951e2a089578e81451') in 0.071107 seconds 
========================================================================
Received Import Request.
  Time since last request: 0.000040 seconds.
  path: Assets/ThirdPart/Forest Arena/PrefabsGeneral/BlocklDarkHalf.prefab
  artifactKey: Guid(ee41e64e77206e94eb0a27e41dceea53) Importer(815301076,1909f56bfc062723c751e8b465ee728b)
Start importing Assets/ThirdPart/Forest Arena/PrefabsGeneral/BlocklDarkHalf.prefab using Guid(ee41e64e77206e94eb0a27e41dceea53) Importer(815301076,1909f56bfc062723c751e8b465ee728b)  -> (artifact id: 'e76cd62bf0916e573e43f90827e0c073') in 0.064363 seconds 
========================================================================
Received Import Request.
  Time since last request: 0.000056 seconds.
  path: Assets/ThirdPart/MegaPack1Lite/ToolsAndWeapons/Prefabs/axe.prefab
  artifactKey: Guid(9719a2da3351343c0adf6630d134714d) Importer(815301076,1909f56bfc062723c751e8b465ee728b)
Start importing Assets/ThirdPart/MegaPack1Lite/ToolsAndWeapons/Prefabs/axe.prefab using Guid(9719a2da3351343c0adf6630d134714d) Importer(815301076,1909f56bfc062723c751e8b465ee728b)  -> (artifact id: '366a2ef6237cab25f66af3d99dee0112') in 0.584372 seconds 
========================================================================
Received Import Request.
  Time since last request: 0.000046 seconds.
  path: Assets/ThirdPart/Wand and Circles/Polygon City Free Pack - Environment and Interior/Prefabs/Props/Barrel 1.prefab
  artifactKey: Guid(fff4e5e4aefa66e4b9dfcbe9839a687e) Importer(815301076,1909f56bfc062723c751e8b465ee728b)
Start importing Assets/ThirdPart/Wand and Circles/Polygon City Free Pack - Environment and Interior/Prefabs/Props/Barrel 1.prefab using Guid(fff4e5e4aefa66e4b9dfcbe9839a687e) Importer(815301076,1909f56bfc062723c751e8b465ee728b)  -> (artifact id: 'a9e8b3f5a158df5f3de95ed8b5e7ca85') in 0.051164 seconds 
========================================================================
Received Import Request.
  Time since last request: 0.000076 seconds.
  path: Assets/ThirdPart/MegaPack1Lite/ToolsAndWeapons/Prefabs/battle_axe.prefab
  artifactKey: Guid(4ae6742f50b4c4d91be50bcbadb35fbd) Importer(815301076,1909f56bfc062723c751e8b465ee728b)
Start importing Assets/ThirdPart/MegaPack1Lite/ToolsAndWeapons/Prefabs/battle_axe.prefab using Guid(4ae6742f50b4c4d91be50bcbadb35fbd) Importer(815301076,1909f56bfc062723c751e8b465ee728b)  -> (artifact id: 'f0ea44fe3faf9cf2447b039f4bf343a7') in 0.065759 seconds 
========================================================================
Received Prepare
Registering precompiled user dll's ...
Registered in 0.012899 seconds.
Begin MonoManager ReloadAssembly
Symbol file LoadedFromMemory doesn't match image C:\Users\Algo\Documents\GitHub\project-3d\Library\PackageCache\com.unity.visualscripting@1.7.8\Editor\VisualScripting.Core\Dependencies\YamlDotNet\Unity.VisualScripting.YamlDotNet.dll
Symbol file LoadedFromMemory doesn't match image C:\Users\Algo\Documents\GitHub\project-3d\Library\PackageCache\com.unity.visualscripting@1.7.8\Editor\VisualScripting.Core\Dependencies\DotNetZip\Unity.VisualScripting.IonicZip.dll
Native extension for WindowsStandalone target not found
Refreshing native plugins compatible for Editor in 1.94 ms, found 3 plugins.
Preloading 0 native plugins for Editor in 0.00 ms.
Mono: successfully reloaded assembly
- Completed reload, in  2.683 seconds
Domain Reload Profiling:
	ReloadAssembly (2687ms)
		BeginReloadAssembly (262ms)
			ExecutionOrderSort (0ms)
			DisableScriptedObjects (9ms)
			BackupInstance (0ms)
			ReleaseScriptingObjects (0ms)
			CreateAndSetChildDomain (70ms)
		EndReloadAssembly (2223ms)
			LoadAssemblies (154ms)
			RebuildTransferFunctionScriptingTraits (0ms)
			SetupTypeCache (589ms)
			ReleaseScriptCaches (4ms)
			RebuildScriptCaches (88ms)
			SetupLoadedEditorAssemblies (1174ms)
				LogAssemblyErrors (0ms)
				InitializePlatformSupportModulesInManaged (47ms)
				SetLoadedEditorAssemblies (4ms)
				RefreshPlugins (2ms)
				BeforeProcessingInitializeOnLoad (241ms)
				ProcessInitializeOnLoadAttributes (731ms)
				ProcessInitializeOnLoadMethodAttributes (113ms)
				AfterProcessingInitializeOnLoad (35ms)
				EditorAssembliesLoaded (0ms)
			ExecutionOrderSort2 (0ms)
			AwakeInstancesAfterBackupRestoration (39ms)
Platform modules already initialized, skipping
Refreshing native plugins compatible for Editor in 5.98 ms, found 3 plugins.
Preloading 0 native plugins for Editor in 0.00 ms.
Unloading 3373 Unused Serialized files (Serialized files now loaded: 0)
Unloading 20 unused Assets / (79.3 KB). Loaded Objects now: 3863.
Memory consumption went from 137.6 MB to 137.5 MB.
Total: 8.197700 ms (FindLiveObjects: 1.228500 ms CreateObjectMapping: 0.629400 ms MarkObjects: 6.182400 ms  DeleteObjects: 0.155100 ms)

AssetImportParameters requested are different than current active one (requested -> active):
  custom:video-decoder-ogg-theora: a1e56fd34408186e4bbccfd4996cb3dc -> 
  custom:container-muxer-webm: aa71ff27fc2769a1b78a27578f13a17b -> 
  custom:container-demuxer-webm: 4f35f7cbe854078d1ac9338744f61a02 -> 
  custom:video-encoder-webm-vp8: eb34c28f22e8b96e1ab97ce403110664 -> 
  custom:audio-encoder-webm-vorbis: bf7c407c2cedff20999df2af8eb42d56 -> 
  custom:framework-win-MediaFoundation: 216162199b28c13a410421893ffa2e32 -> 
  custom:container-demuxer-ogg: 62fdf1f143b41e24485cea50d1cbac27 -> 
  custom:video-decoder-webm-vp8: 9c59270c3fd7afecdb556c50c9e8de78 -> 
  custom:audio-decoder-ogg-vorbis: bf7c407c2cedff20999df2af8eb42d56 -> 
========================================================================
Received Prepare
Registering precompiled user dll's ...
Registered in 0.012944 seconds.
Begin MonoManager ReloadAssembly
Symbol file LoadedFromMemory doesn't match image C:\Users\Algo\Documents\GitHub\project-3d\Library\PackageCache\com.unity.visualscripting@1.7.8\Editor\VisualScripting.Core\Dependencies\YamlDotNet\Unity.VisualScripting.YamlDotNet.dll
Symbol file LoadedFromMemory doesn't match image C:\Users\Algo\Documents\GitHub\project-3d\Library\PackageCache\com.unity.visualscripting@1.7.8\Editor\VisualScripting.Core\Dependencies\DotNetZip\Unity.VisualScripting.IonicZip.dll
Native extension for WindowsStandalone target not found
Refreshing native plugins compatible for Editor in 1.85 ms, found 3 plugins.
Preloading 0 native plugins for Editor in 0.00 ms.
Mono: successfully reloaded assembly
- Completed reload, in  2.788 seconds
Domain Reload Profiling:
	ReloadAssembly (2790ms)
		BeginReloadAssembly (239ms)
			ExecutionOrderSort (0ms)
			DisableScriptedObjects (11ms)
			BackupInstance (0ms)
			ReleaseScriptingObjects (0ms)
			CreateAndSetChildDomain (60ms)
		EndReloadAssembly (2315ms)
			LoadAssemblies (169ms)
			RebuildTransferFunctionScriptingTraits (0ms)
			SetupTypeCache (550ms)
			ReleaseScriptCaches (3ms)
			RebuildScriptCaches (92ms)
			SetupLoadedEditorAssemblies (1350ms)
				LogAssemblyErrors (0ms)
				InitializePlatformSupportModulesInManaged (23ms)
				SetLoadedEditorAssemblies (2ms)
				RefreshPlugins (2ms)
				BeforeProcessingInitializeOnLoad (270ms)
				ProcessInitializeOnLoadAttributes (912ms)
				ProcessInitializeOnLoadMethodAttributes (97ms)
				AfterProcessingInitializeOnLoad (43ms)
				EditorAssembliesLoaded (1ms)
			ExecutionOrderSort2 (0ms)
			AwakeInstancesAfterBackupRestoration (29ms)
Platform modules already initialized, skipping
Refreshing native plugins compatible for Editor in 8.10 ms, found 3 plugins.
Preloading 0 native plugins for Editor in 0.00 ms.
Unloading 3373 Unused Serialized files (Serialized files now loaded: 0)
Unloading 20 unused Assets / (79.5 KB). Loaded Objects now: 3866.
Memory consumption went from 137.6 MB to 137.5 MB.
Total: 6.644900 ms (FindLiveObjects: 0.476300 ms CreateObjectMapping: 0.368300 ms MarkObjects: 5.656100 ms  DeleteObjects: 0.142300 ms)

AssetImportParameters requested are different than current active one (requested -> active):
  custom:video-decoder-ogg-theora: a1e56fd34408186e4bbccfd4996cb3dc -> 
  custom:container-muxer-webm: aa71ff27fc2769a1b78a27578f13a17b -> 
  custom:container-demuxer-webm: 4f35f7cbe854078d1ac9338744f61a02 -> 
  custom:video-encoder-webm-vp8: eb34c28f22e8b96e1ab97ce403110664 -> 
  custom:audio-encoder-webm-vorbis: bf7c407c2cedff20999df2af8eb42d56 -> 
  custom:framework-win-MediaFoundation: 216162199b28c13a410421893ffa2e32 -> 
  custom:container-demuxer-ogg: 62fdf1f143b41e24485cea50d1cbac27 -> 
  custom:video-decoder-webm-vp8: 9c59270c3fd7afecdb556c50c9e8de78 -> 
  custom:audio-decoder-ogg-vorbis: bf7c407c2cedff20999df2af8eb42d56 -> 
========================================================================
Received Prepare
Registering precompiled user dll's ...
Registered in 0.011183 seconds.
Begin MonoManager ReloadAssembly
Symbol file LoadedFromMemory doesn't match image C:\Users\Algo\Documents\GitHub\project-3d\Library\PackageCache\com.unity.visualscripting@1.7.8\Editor\VisualScripting.Core\Dependencies\YamlDotNet\Unity.VisualScripting.YamlDotNet.dll
Symbol file LoadedFromMemory doesn't match image C:\Users\Algo\Documents\GitHub\project-3d\Library\PackageCache\com.unity.visualscripting@1.7.8\Editor\VisualScripting.Core\Dependencies\DotNetZip\Unity.VisualScripting.IonicZip.dll
Native extension for WindowsStandalone target not found
Refreshing native plugins compatible for Editor in 3.99 ms, found 3 plugins.
Preloading 0 native plugins for Editor in 0.00 ms.
Mono: successfully reloaded assembly
- Completed reload, in  2.621 seconds
Domain Reload Profiling:
	ReloadAssembly (2624ms)
		BeginReloadAssembly (241ms)
			ExecutionOrderSort (0ms)
			DisableScriptedObjects (11ms)
			BackupInstance (0ms)
			ReleaseScriptingObjects (0ms)
			CreateAndSetChildDomain (62ms)
		EndReloadAssembly (2175ms)
			LoadAssemblies (170ms)
			RebuildTransferFunctionScriptingTraits (0ms)
			SetupTypeCache (578ms)
			ReleaseScriptCaches (2ms)
			RebuildScriptCaches (96ms)
			SetupLoadedEditorAssemblies (1178ms)
				LogAssemblyErrors (0ms)
				InitializePlatformSupportModulesInManaged (25ms)
				SetLoadedEditorAssemblies (1ms)
				RefreshPlugins (4ms)
				BeforeProcessingInitializeOnLoad (258ms)
				ProcessInitializeOnLoadAttributes (736ms)
				ProcessInitializeOnLoadMethodAttributes (106ms)
				AfterProcessingInitializeOnLoad (47ms)
				EditorAssembliesLoaded (0ms)
			ExecutionOrderSort2 (0ms)
			AwakeInstancesAfterBackupRestoration (33ms)
Platform modules already initialized, skipping
Refreshing native plugins compatible for Editor in 18.31 ms, found 3 plugins.
Preloading 0 native plugins for Editor in 0.00 ms.
Unloading 3373 Unused Serialized files (Serialized files now loaded: 0)
Unloading 20 unused Assets / (79.6 KB). Loaded Objects now: 3869.
Memory consumption went from 137.6 MB to 137.5 MB.
Total: 7.647300 ms (FindLiveObjects: 0.372500 ms CreateObjectMapping: 0.417200 ms MarkObjects: 6.692100 ms  DeleteObjects: 0.163900 ms)

AssetImportParameters requested are different than current active one (requested -> active):
  custom:video-decoder-ogg-theora: a1e56fd34408186e4bbccfd4996cb3dc -> 
  custom:container-muxer-webm: aa71ff27fc2769a1b78a27578f13a17b -> 
  custom:container-demuxer-webm: 4f35f7cbe854078d1ac9338744f61a02 -> 
  custom:video-encoder-webm-vp8: eb34c28f22e8b96e1ab97ce403110664 -> 
  custom:audio-encoder-webm-vorbis: bf7c407c2cedff20999df2af8eb42d56 -> 
  custom:framework-win-MediaFoundation: 216162199b28c13a410421893ffa2e32 -> 
  custom:container-demuxer-ogg: 62fdf1f143b41e24485cea50d1cbac27 -> 
  custom:video-decoder-webm-vp8: 9c59270c3fd7afecdb556c50c9e8de78 -> 
  custom:audio-decoder-ogg-vorbis: bf7c407c2cedff20999df2af8eb42d56 -> 
========================================================================
Received Import Request.
  Time since last request: 256.031034 seconds.
  path: Assets/ThirdPart/Polylised - Medieval Desert City/Models/Civilian_Buildings/balcony_1.FBX
  artifactKey: Guid(269b5344acfba9d4bb2c82f0a705b850) Importer(815301076,1909f56bfc062723c751e8b465ee728b)
Start importing Assets/ThirdPart/Polylised - Medieval Desert City/Models/Civilian_Buildings/balcony_1.FBX using Guid(269b5344acfba9d4bb2c82f0a705b850) Importer(815301076,1909f56bfc062723c751e8b465ee728b)  -> (artifact id: 'd723d8e51796a63f354d84436c4d0c87') in 0.167823 seconds 
========================================================================
Received Import Request.
  Time since last request: 0.000039 seconds.
  path: Assets/ThirdPart/Forest Arena/Models/BlockFBX.fbx
  artifactKey: Guid(b184070692d060a40b91b42c697c4f23) Importer(815301076,1909f56bfc062723c751e8b465ee728b)
Start importing Assets/ThirdPart/Forest Arena/Models/BlockFBX.fbx using Guid(b184070692d060a40b91b42c697c4f23) Importer(815301076,1909f56bfc062723c751e8b465ee728b)  -> (artifact id: '82596ee14c8a573358e2f4abdca9f0ff') in 0.055411 seconds 
========================================================================
Received Import Request.
  Time since last request: 0.000039 seconds.
  path: Assets/ThirdPart/Polylised - Medieval Desert City/Models/Props/barrel.FBX
  artifactKey: Guid(b899b109968a14f4797d7cd111cb647b) Importer(815301076,1909f56bfc062723c751e8b465ee728b)
Start importing Assets/ThirdPart/Polylised - Medieval Desert City/Models/Props/barrel.FBX using Guid(b899b109968a14f4797d7cd111cb647b) Importer(815301076,1909f56bfc062723c751e8b465ee728b)  -> (artifact id: '0dbfbe38e7fe2c8f8002e85903d2d459') in 0.055198 seconds 
========================================================================
Received Import Request.
  Time since last request: 0.000031 seconds.
  path: Assets/ThirdPart/Polylised - Medieval Desert City/Models/Props/boat_03.FBX
  artifactKey: Guid(1fc714e0ee6763a43b1700e624f9a488) Importer(815301076,1909f56bfc062723c751e8b465ee728b)
Start importing Assets/ThirdPart/Polylised - Medieval Desert City/Models/Props/boat_03.FBX using Guid(1fc714e0ee6763a43b1700e624f9a488) Importer(815301076,1909f56bfc062723c751e8b465ee728b)  -> (artifact id: 'cc1b44895378c387f7159d9f17c83b64') in 0.064246 seconds 
========================================================================
Received Import Request.
  Time since last request: 0.000035 seconds.
  path: Assets/ThirdPart/Polylised - Medieval Desert City/Models/Props/banner.FBX
  artifactKey: Guid(653a77d8711adf3429a390ba25ee55c8) Importer(815301076,1909f56bfc062723c751e8b465ee728b)
Start importing Assets/ThirdPart/Polylised - Medieval Desert City/Models/Props/banner.FBX using Guid(653a77d8711adf3429a390ba25ee55c8) Importer(815301076,1909f56bfc062723c751e8b465ee728b)  -> (artifact id: '1aff719a67219a639bf6f4c3122d9ee9') in 0.047392 seconds 
========================================================================
Received Import Request.
  Time since last request: 0.000032 seconds.
  path: Assets/ThirdPart/Polylised - Medieval Desert City/Models/Props/box.FBX
  artifactKey: Guid(1bcb7811de1531641a7547be7bf01fe6) Importer(815301076,1909f56bfc062723c751e8b465ee728b)
Start importing Assets/ThirdPart/Polylised - Medieval Desert City/Models/Props/box.FBX using Guid(1bcb7811de1531641a7547be7bf01fe6) Importer(815301076,1909f56bfc062723c751e8b465ee728b)  -> (artifact id: '8160d0b481e6dc861c0eef8e76059c7f') in 0.049866 seconds 
========================================================================
Received Import Request.
  Time since last request: 0.000038 seconds.
  path: Assets/ThirdPart/Polylised - Medieval Desert City/Models/Unique_Buildings/castle_tower_octagon.FBX
  artifactKey: Guid(d7668ad5f64a7ed4683c61ca91f3a439) Importer(815301076,1909f56bfc062723c751e8b465ee728b)
Start importing Assets/ThirdPart/Polylised - Medieval Desert City/Models/Unique_Buildings/castle_tower_octagon.FBX using Guid(d7668ad5f64a7ed4683c61ca91f3a439) Importer(815301076,1909f56bfc062723c751e8b465ee728b)  -> (artifact id: '69cd0350376303e662c1fd982120bdf2') in 0.235126 seconds 
========================================================================
Received Import Request.
  Time since last request: 0.000045 seconds.
  path: Assets/ThirdPart/Polylised - Medieval Desert City/Models/Unique_Buildings/castle_wall_5m.FBX
  artifactKey: Guid(c6f3987abbd0feb46968e26bb27a6835) Importer(815301076,1909f56bfc062723c751e8b465ee728b)
Start importing Assets/ThirdPart/Polylised - Medieval Desert City/Models/Unique_Buildings/castle_wall_5m.FBX using Guid(c6f3987abbd0feb46968e26bb27a6835) Importer(815301076,1909f56bfc062723c751e8b465ee728b)  -> (artifact id: '9c90e5a6ce41c19bbb22f200ab51dc95') in 0.062983 seconds 
========================================================================
Received Import Request.
  Time since last request: 0.000028 seconds.
  path: Assets/ThirdPart/Forest Arena/Models/BridgeFBX.fbx
  artifactKey: Guid(de100a797b84b154fa5fa5330ceab733) Importer(815301076,1909f56bfc062723c751e8b465ee728b)
Start importing Assets/ThirdPart/Forest Arena/Models/BridgeFBX.fbx using Guid(de100a797b84b154fa5fa5330ceab733) Importer(815301076,1909f56bfc062723c751e8b465ee728b)  -> (artifact id: '0d0708c867fef1881a784cfb33a9a302') in 0.071850 seconds 
========================================================================
Received Import Request.
  Time since last request: 0.000036 seconds.
  path: Assets/ThirdPart/Polylised - Medieval Desert City/Models/Unique_Buildings/castle_wall_incline_uper.FBX
  artifactKey: Guid(28952de306378314aaa188484ad62067) Importer(815301076,1909f56bfc062723c751e8b465ee728b)
Start importing Assets/ThirdPart/Polylised - Medieval Desert City/Models/Unique_Buildings/castle_wall_incline_uper.FBX using Guid(28952de306378314aaa188484ad62067) Importer(815301076,1909f56bfc062723c751e8b465ee728b)  -> (artifact id: '18c528284bef4452cedbe4a225836076') in 0.081737 seconds 
========================================================================
Received Import Request.
  Time since last request: 0.000042 seconds.
  path: Assets/ThirdPart/Polylised - Medieval Desert City/Models/Unique_Buildings/castle_gate_b.FBX
  artifactKey: Guid(261ac25f752551549bff78e81d317cb7) Importer(815301076,1909f56bfc062723c751e8b465ee728b)
Start importing Assets/ThirdPart/Polylised - Medieval Desert City/Models/Unique_Buildings/castle_gate_b.FBX using Guid(261ac25f752551549bff78e81d317cb7) Importer(815301076,1909f56bfc062723c751e8b465ee728b)  -> (artifact id: '448a184f685fe984fb6d5de01e97ffc0') in 0.076967 seconds 
========================================================================
Received Import Request.
  Time since last request: 0.000048 seconds.
  path: Assets/ThirdPart/Polylised - Medieval Desert City/Models/Unique_Buildings/castle_wall_incline_lower.FBX
  artifactKey: Guid(0204f868ad22d9f45a5b4b577e99d1cf) Importer(815301076,1909f56bfc062723c751e8b465ee728b)
Start importing Assets/ThirdPart/Polylised - Medieval Desert City/Models/Unique_Buildings/castle_wall_incline_lower.FBX using Guid(0204f868ad22d9f45a5b4b577e99d1cf) Importer(815301076,1909f56bfc062723c751e8b465ee728b)  -> (artifact id: '8c708c9df92c8f2fb8146ece0ed0a7b3') in 0.072131 seconds 
========================================================================
Received Import Request.
  Time since last request: 0.000031 seconds.
  path: Assets/ThirdPart/Polylised - Medieval Desert City/Models/Unique_Buildings/castle_wall_2,5m.FBX
  artifactKey: Guid(b2127b9d6c51ab04bbc99c49ad0bb883) Importer(815301076,1909f56bfc062723c751e8b465ee728b)
Start importing Assets/ThirdPart/Polylised - Medieval Desert City/Models/Unique_Buildings/castle_wall_2,5m.FBX using Guid(b2127b9d6c51ab04bbc99c49ad0bb883) Importer(815301076,1909f56bfc062723c751e8b465ee728b)  -> (artifact id: '02c6b862bfb25790a9cb845100d7503b') in 0.076887 seconds 
========================================================================
Received Import Request.
  Time since last request: 0.000050 seconds.
  path: Assets/ThirdPart/Polylised - Medieval Desert City/Models/Unique_Buildings/castle_gate_a.FBX
  artifactKey: Guid(ee05a5bc585b53f459ae5c3a598aa081) Importer(815301076,1909f56bfc062723c751e8b465ee728b)
Start importing Assets/ThirdPart/Polylised - Medieval Desert City/Models/Unique_Buildings/castle_gate_a.FBX using Guid(ee05a5bc585b53f459ae5c3a598aa081) Importer(815301076,1909f56bfc062723c751e8b465ee728b)  -> (artifact id: '7bd352e5dc73e2052e1ac7308bce2949') in 0.088620 seconds 
========================================================================
Received Import Request.
  Time since last request: 0.000044 seconds.
  path: Assets/ThirdPart/Polylised - Medieval Desert City/Models/Unique_Buildings/castle_tower_rectangular.FBX
  artifactKey: Guid(c5d5cab5fabe2444796202d232b7c886) Importer(815301076,1909f56bfc062723c751e8b465ee728b)
Start importing Assets/ThirdPart/Polylised - Medieval Desert City/Models/Unique_Buildings/castle_tower_rectangular.FBX using Guid(c5d5cab5fabe2444796202d232b7c886) Importer(815301076,1909f56bfc062723c751e8b465ee728b)  -> (artifact id: '3d1f3c4b062cafffd377594092074549') in 0.069149 seconds 
========================================================================
Received Import Request.
  Time since last request: 0.000049 seconds.
  path: Assets/ThirdPart/Forest Arena/Models/BannerFBX.fbx
  artifactKey: Guid(4ef489b8ae82cd047a8ed515ced2b578) Importer(815301076,1909f56bfc062723c751e8b465ee728b)
Start importing Assets/ThirdPart/Forest Arena/Models/BannerFBX.fbx using Guid(4ef489b8ae82cd047a8ed515ced2b578) Importer(815301076,1909f56bfc062723c751e8b465ee728b)  -> (artifact id: '25399a7ebfdd131c265768d8355d2f8c') in 0.094285 seconds 
========================================================================
Received Import Request.
  Time since last request: 0.000036 seconds.
  path: Assets/ThirdPart/Polylised - Medieval Desert City/Models/Civilian_Buildings/balcony_2.FBX
  artifactKey: Guid(342cdcf438ec40640a2560974332a8f6) Importer(815301076,1909f56bfc062723c751e8b465ee728b)
Start importing Assets/ThirdPart/Polylised - Medieval Desert City/Models/Civilian_Buildings/balcony_2.FBX using Guid(342cdcf438ec40640a2560974332a8f6) Importer(815301076,1909f56bfc062723c751e8b465ee728b)  -> (artifact id: '34c8d48311a967779b3c7ebe736f4fe9') in 0.068498 seconds 
========================================================================
Received Import Request.
  Time since last request: 0.000038 seconds.
  path: Assets/ThirdPart/Forest Arena/Models/BarrelFBX.fbx
  artifactKey: Guid(f13e00e63037dfb40a65dfddf09803a1) Importer(815301076,1909f56bfc062723c751e8b465ee728b)
Start importing Assets/ThirdPart/Forest Arena/Models/BarrelFBX.fbx using Guid(f13e00e63037dfb40a65dfddf09803a1) Importer(815301076,1909f56bfc062723c751e8b465ee728b)  -> (artifact id: '2ee1968473593ef512e9124638cea435') in 0.070292 seconds 
========================================================================
Received Import Request.
  Time since last request: 0.000040 seconds.
  path: Assets/ThirdPart/Polylised - Medieval Desert City/Models/Unique_Buildings/castle_wall_5m_h21m.FBX
  artifactKey: Guid(a9040f687666f174cbcf96375234bb36) Importer(815301076,1909f56bfc062723c751e8b465ee728b)
Start importing Assets/ThirdPart/Polylised - Medieval Desert City/Models/Unique_Buildings/castle_wall_5m_h21m.FBX using Guid(a9040f687666f174cbcf96375234bb36) Importer(815301076,1909f56bfc062723c751e8b465ee728b)  -> (artifact id: '6497034c717a4a8c6f84410466eb2bcf') in 0.068794 seconds 
========================================================================
Received Import Request.
  Time since last request: 0.764087 seconds.
  path: Assets/ThirdPart/Forest Arena/PrefabsGeneral/BlockSmallLight.prefab
  artifactKey: Guid(7eb92ee718f0080428801c449e4c5f46) Importer(815301076,1909f56bfc062723c751e8b465ee728b)
Start importing Assets/ThirdPart/Forest Arena/PrefabsGeneral/BlockSmallLight.prefab using Guid(7eb92ee718f0080428801c449e4c5f46) Importer(815301076,1909f56bfc062723c751e8b465ee728b)  -> (artifact id: '87d60f851a1b37c0e5563eb3b0d3ea51') in 0.041184 seconds 
========================================================================
Received Import Request.
  Time since last request: 0.000034 seconds.
  path: Assets/ThirdPart/Wand and Circles/Polygon City Free Pack - Environment and Interior/Prefabs/Props/Book.prefab
  artifactKey: Guid(1e8790faf0b1ad046b1707b8700fa39b) Importer(815301076,1909f56bfc062723c751e8b465ee728b)
Start importing Assets/ThirdPart/Wand and Circles/Polygon City Free Pack - Environment and Interior/Prefabs/Props/Book.prefab using Guid(1e8790faf0b1ad046b1707b8700fa39b) Importer(815301076,1909f56bfc062723c751e8b465ee728b)  -> (artifact id: '6f500e9cf5928d7ca83bd50fd9555d47') in 0.070382 seconds 
========================================================================
Received Import Request.
  Time since last request: 0.000036 seconds.
  path: Assets/ThirdPart/Wand and Circles/Polygon City Free Pack - Environment and Interior/Prefabs/Props/Bottle.prefab
  artifactKey: Guid(8575136039de953429462a2d62d64eb4) Importer(815301076,1909f56bfc062723c751e8b465ee728b)
Start importing Assets/ThirdPart/Wand and Circles/Polygon City Free Pack - Environment and Interior/Prefabs/Props/Bottle.prefab using Guid(8575136039de953429462a2d62d64eb4) Importer(815301076,1909f56bfc062723c751e8b465ee728b)  -> (artifact id: 'e25f65d5de618abf26b0f83d9e03de26') in 0.083798 seconds 
========================================================================
Received Import Request.
  Time since last request: 0.000046 seconds.
  path: Assets/ThirdPart/Polylised - Medieval Desert City/Prefabs/prefab_props/box.prefab
  artifactKey: Guid(07a4904133d4b4142b6e071d776d66e4) Importer(815301076,1909f56bfc062723c751e8b465ee728b)
Start importing Assets/ThirdPart/Polylised - Medieval Desert City/Prefabs/prefab_props/box.prefab using Guid(07a4904133d4b4142b6e071d776d66e4) Importer(815301076,1909f56bfc062723c751e8b465ee728b)  -> (artifact id: '75a35a8ef33ec36743b6796e8e0f949e') in 0.051884 seconds 
========================================================================
Received Import Request.
  Time since last request: 0.000061 seconds.
  path: Assets/ThirdPart/Wand and Circles/Polygon City Free Pack - Environment and Interior/Prefabs/Props/Bottle 1.prefab
  artifactKey: Guid(1d644aa325163a44bb8a197a3f996219) Importer(815301076,1909f56bfc062723c751e8b465ee728b)
Start importing Assets/ThirdPart/Wand and Circles/Polygon City Free Pack - Environment and Interior/Prefabs/Props/Bottle 1.prefab using Guid(1d644aa325163a44bb8a197a3f996219) Importer(815301076,1909f56bfc062723c751e8b465ee728b)  -> (artifact id: '0b43b6c198ab6f8dc75d7b98b594f250') in 0.047217 seconds 
========================================================================
Received Import Request.
  Time since last request: 1.081061 seconds.
  path: Assets/ThirdPart/Wand and Circles/Polygon City Free Pack - Environment and Interior/Prefabs/Props/Box 1.prefab
  artifactKey: Guid(03696568ac2c4044b987f5a9954f80c1) Importer(815301076,1909f56bfc062723c751e8b465ee728b)
Start importing Assets/ThirdPart/Wand and Circles/Polygon City Free Pack - Environment and Interior/Prefabs/Props/Box 1.prefab using Guid(03696568ac2c4044b987f5a9954f80c1) Importer(815301076,1909f56bfc062723c751e8b465ee728b)  -> (artifact id: 'bd56482e8dba09cade253a12a72a34d5') in 0.040808 seconds 
========================================================================
Received Import Request.
  Time since last request: 0.000039 seconds.
  path: Assets/ThirdPart/Polylised - Medieval Desert City/Prefabs/prefab_unique_buildings/building_base_a.prefab
  artifactKey: Guid(2be032c219a3b6141b44c75798f7b7e9) Importer(815301076,1909f56bfc062723c751e8b465ee728b)
Start importing Assets/ThirdPart/Polylised - Medieval Desert City/Prefabs/prefab_unique_buildings/building_base_a.prefab using Guid(2be032c219a3b6141b44c75798f7b7e9) Importer(815301076,1909f56bfc062723c751e8b465ee728b)  -> (artifact id: 'e8827023342394c0272c5de6a6263a42') in 0.055796 seconds 
========================================================================
Received Import Request.
  Time since last request: 0.000228 seconds.
  path: Assets/ThirdPart/Polylised - Medieval Desert City/Prefabs/prefab_unique_buildings/castle_door_1.prefab
  artifactKey: Guid(400b8778c89ead84e80de7c245ff38b9) Importer(815301076,1909f56bfc062723c751e8b465ee728b)
Start importing Assets/ThirdPart/Polylised - Medieval Desert City/Prefabs/prefab_unique_buildings/castle_door_1.prefab using Guid(400b8778c89ead84e80de7c245ff38b9) Importer(815301076,1909f56bfc062723c751e8b465ee728b)  -> (artifact id: 'e8dff9a1259657cb1ab3f69dbc1bf318') in 0.106879 seconds 
========================================================================
Received Import Request.
  Time since last request: 0.000027 seconds.
  path: Assets/ThirdPart/Forest Arena/PrefabsGeneral/Bridge.prefab
  artifactKey: Guid(cff8881ef19f0f648a2f7f6b027acf7a) Importer(815301076,1909f56bfc062723c751e8b465ee728b)
Start importing Assets/ThirdPart/Forest Arena/PrefabsGeneral/Bridge.prefab using Guid(cff8881ef19f0f648a2f7f6b027acf7a) Importer(815301076,1909f56bfc062723c751e8b465ee728b)  -> (artifact id: 'fc09b8bb8838e0d93ddaa023de627a8a') in 0.069619 seconds 
========================================================================
Received Import Request.
  Time since last request: 0.000038 seconds.
  path: Assets/ThirdPart/Wand and Circles/Polygon City Free Pack - Environment and Interior/Prefabs/Props/Box 2.prefab
  artifactKey: Guid(95d6657cddf8d8045adf9eb975d04854) Importer(815301076,1909f56bfc062723c751e8b465ee728b)
Start importing Assets/ThirdPart/Wand and Circles/Polygon City Free Pack - Environment and Interior/Prefabs/Props/Box 2.prefab using Guid(95d6657cddf8d8045adf9eb975d04854) Importer(815301076,1909f56bfc062723c751e8b465ee728b)  -> (artifact id: 'b7f60a61a04f06721076809c966da725') in 0.068049 seconds 
========================================================================
Received Import Request.
  Time since last request: 0.000050 seconds.
  path: Assets/ThirdPart/Polylised - Medieval Desert City/Prefabs/prefab_unique_buildings/building_base_b.prefab
  artifactKey: Guid(acbf4a0f34d82894e994f6afd624e722) Importer(815301076,1909f56bfc062723c751e8b465ee728b)
Start importing Assets/ThirdPart/Polylised - Medieval Desert City/Prefabs/prefab_unique_buildings/building_base_b.prefab using Guid(acbf4a0f34d82894e994f6afd624e722) Importer(815301076,1909f56bfc062723c751e8b465ee728b)  -> (artifact id: 'cbd3e86e4de32418376510a8227951bd') in 0.055331 seconds 
========================================================================
Received Import Request.
  Time since last request: 0.035323 seconds.
  path: Assets/ThirdPart/Polylised - Medieval Desert City/Prefabs/prefab_unique_buildings/castle_gate_b.prefab
  artifactKey: Guid(c469cf09f09915a42b708588a9ae16a4) Importer(815301076,1909f56bfc062723c751e8b465ee728b)
Start importing Assets/ThirdPart/Polylised - Medieval Desert City/Prefabs/prefab_unique_buildings/castle_gate_b.prefab using Guid(c469cf09f09915a42b708588a9ae16a4) Importer(815301076,1909f56bfc062723c751e8b465ee728b)  -> (artifact id: '5925c62295e2da4260db4f176219286a') in 0.040842 seconds 
========================================================================
Received Import Request.
  Time since last request: 0.000026 seconds.
  path: Assets/ThirdPart/Polylised - Medieval Desert City/Prefabs/prefab_unique_buildings/castle_portcullis.prefab
  artifactKey: Guid(f457757cb02425744b1b55994756c4f7) Importer(815301076,1909f56bfc062723c751e8b465ee728b)
Start importing Assets/ThirdPart/Polylised - Medieval Desert City/Prefabs/prefab_unique_buildings/castle_portcullis.prefab using Guid(f457757cb02425744b1b55994756c4f7) Importer(815301076,1909f56bfc062723c751e8b465ee728b)  -> (artifact id: 'a452c1ba0001a944410623ad2f66d36e') in 0.047749 seconds 
========================================================================
Received Import Request.
  Time since last request: 0.000061 seconds.
  path: Assets/ThirdPart/Polylised - Medieval Desert City/Prefabs/prefab_unique_buildings/castle_tower_octagon.prefab
  artifactKey: Guid(3d5764d3cca272942b5087884ae75b75) Importer(815301076,1909f56bfc062723c751e8b465ee728b)
Start importing Assets/ThirdPart/Polylised - Medieval Desert City/Prefabs/prefab_unique_buildings/castle_tower_octagon.prefab using Guid(3d5764d3cca272942b5087884ae75b75) Importer(815301076,1909f56bfc062723c751e8b465ee728b)  -> (artifact id: 'ea47fe62a4785e8d30ae9b451dc81f95') in 0.045811 seconds 
========================================================================
Received Import Request.
  Time since last request: 0.000046 seconds.
  path: Assets/ThirdPart/Polylised - Medieval Desert City/Prefabs/prefab_unique_buildings/castle_wall_5m_h21m.prefab
  artifactKey: Guid(f0cdf773223c8bd49ad0cb82eb59e3ac) Importer(815301076,1909f56bfc062723c751e8b465ee728b)
Start importing Assets/ThirdPart/Polylised - Medieval Desert City/Prefabs/prefab_unique_buildings/castle_wall_5m_h21m.prefab using Guid(f0cdf773223c8bd49ad0cb82eb59e3ac) Importer(815301076,1909f56bfc062723c751e8b465ee728b)  -> (artifact id: '68ed072b545d5e2489b0846eefd05faa') in 0.043207 seconds 
========================================================================
Received Import Request.
  Time since last request: 0.000029 seconds.
  path: Assets/ThirdPart/Polylised - Medieval Desert City/Prefabs/prefab_unique_buildings/castle_wall_corner_a.prefab
  artifactKey: Guid(91f1d84678abb9c4898d530e4a3338ee) Importer(815301076,1909f56bfc062723c751e8b465ee728b)
Start importing Assets/ThirdPart/Polylised - Medieval Desert City/Prefabs/prefab_unique_buildings/castle_wall_corner_a.prefab using Guid(91f1d84678abb9c4898d530e4a3338ee) Importer(815301076,1909f56bfc062723c751e8b465ee728b)  -> (artifact id: 'ef7c0784ffbcd917fc0a9c0d57099551') in 0.040058 seconds 
========================================================================
Received Import Request.
  Time since last request: 0.000034 seconds.
  path: Assets/ThirdPart/Polylised - Medieval Desert City/Prefabs/prefab_unique_buildings/castle_wall_5m.prefab
  artifactKey: Guid(263aefa800a1fe74f92bb203147304d3) Importer(815301076,1909f56bfc062723c751e8b465ee728b)
Start importing Assets/ThirdPart/Polylised - Medieval Desert City/Prefabs/prefab_unique_buildings/castle_wall_5m.prefab using Guid(263aefa800a1fe74f92bb203147304d3) Importer(815301076,1909f56bfc062723c751e8b465ee728b)  -> (artifact id: 'daddc76d7d76e635baa7a18471bf33e7') in 0.038713 seconds 
========================================================================
Received Import Request.
  Time since last request: 8.528367 seconds.
  path: Assets/ThirdPart/Polylised - Medieval Desert City/Prefabs/prefab_unique_buildings/castle_wall_incline_lower.prefab
  artifactKey: Guid(f4a0e82704596ec4cb1fb2b1fb1e6285) Importer(815301076,1909f56bfc062723c751e8b465ee728b)
Start importing Assets/ThirdPart/Polylised - Medieval Desert City/Prefabs/prefab_unique_buildings/castle_wall_incline_lower.prefab using Guid(f4a0e82704596ec4cb1fb2b1fb1e6285) Importer(815301076,1909f56bfc062723c751e8b465ee728b)  -> (artifact id: 'd1ad82cabba92c5c13b77750d6f39aa4') in 0.042423 seconds 
========================================================================
Received Import Request.
  Time since last request: 0.000034 seconds.
  path: Assets/ThirdPart/Polylised - Medieval Desert City/Prefabs/prefab_unique_buildings/citadel_wall_b.prefab
  artifactKey: Guid(b0b614057f82758419565fb514ebd466) Importer(815301076,1909f56bfc062723c751e8b465ee728b)
Start importing Assets/ThirdPart/Polylised - Medieval Desert City/Prefabs/prefab_unique_buildings/citadel_wall_b.prefab using Guid(b0b614057f82758419565fb514ebd466) Importer(815301076,1909f56bfc062723c751e8b465ee728b)  -> (artifact id: '3b0c981958ce2261de3ce456f86386b1') in 0.078656 seconds 
========================================================================
Received Import Request.
  Time since last request: 0.000050 seconds.
  path: Assets/ThirdPart/Polylised - Medieval Desert City/Prefabs/prefab_unique_buildings/citadel_wall_a.prefab
  artifactKey: Guid(1a21ac63d1f3f8f469c6fa25adbfb1c1) Importer(815301076,1909f56bfc062723c751e8b465ee728b)
Start importing Assets/ThirdPart/Polylised - Medieval Desert City/Prefabs/prefab_unique_buildings/citadel_wall_a.prefab using Guid(1a21ac63d1f3f8f469c6fa25adbfb1c1) Importer(815301076,1909f56bfc062723c751e8b465ee728b)  -> (artifact id: '6f195db146f6906f0fc42b38fbbadee0') in 0.044919 seconds 
========================================================================
Received Import Request.
  Time since last request: 0.000033 seconds.
  path: Assets/ThirdPart/Polylised - Medieval Desert City/Prefabs/prefab_unique_buildings/castle_wall_incline_uper.prefab
  artifactKey: Guid(08527eefb817b6342b9e1864101eb44b) Importer(815301076,1909f56bfc062723c751e8b465ee728b)
Start importing Assets/ThirdPart/Polylised - Medieval Desert City/Prefabs/prefab_unique_buildings/castle_wall_incline_uper.prefab using Guid(08527eefb817b6342b9e1864101eb44b) Importer(815301076,1909f56bfc062723c751e8b465ee728b)  -> (artifact id: '368df556ff63dafc5ca21cb894bb2867') in 0.033081 seconds 
========================================================================
Received Import Request.
  Time since last request: 0.924642 seconds.
  path: Assets/ThirdPart/MegaPack1Lite/TropicalIslandPack1/Terrain/island_water.fbx
  artifactKey: Guid(5228c672ceca84bc1b15a9d52d5844dc) Importer(815301076,1909f56bfc062723c751e8b465ee728b)
Start importing Assets/ThirdPart/MegaPack1Lite/TropicalIslandPack1/Terrain/island_water.fbx using Guid(5228c672ceca84bc1b15a9d52d5844dc) Importer(815301076,1909f56bfc062723c751e8b465ee728b)  -> (artifact id: 'a2e06fb90a9b26b3c0a4f5b987793982') in 0.072227 seconds 
========================================================================
Received Import Request.
  Time since last request: 0.000035 seconds.
  path: Assets/ThirdPart/Forest Arena/PrefabsGeneral/WaterFall.prefab
  artifactKey: Guid(5aca75d7ac357c648b7496032069f9d1) Importer(815301076,1909f56bfc062723c751e8b465ee728b)
Start importing Assets/ThirdPart/Forest Arena/PrefabsGeneral/WaterFall.prefab using Guid(5aca75d7ac357c648b7496032069f9d1) Importer(815301076,1909f56bfc062723c751e8b465ee728b)  -> (artifact id: '45bc2e6c083f2719cefcc19896525e8b') in 0.093992 seconds 
========================================================================
Received Import Request.
  Time since last request: 0.000047 seconds.
  path: Assets/ThirdPart/Forest Arena/Materials/Water.mat
  artifactKey: Guid(db6fe5b017a481740b6a70f2ea5860d5) Importer(815301076,1909f56bfc062723c751e8b465ee728b)
Start importing Assets/ThirdPart/Forest Arena/Materials/Water.mat using Guid(db6fe5b017a481740b6a70f2ea5860d5) Importer(815301076,1909f56bfc062723c751e8b465ee728b)  -> (artifact id: 'bc09ba9af3e01df72952ca2e3b47d894') in 0.167268 seconds 
========================================================================
Received Import Request.
  Time since last request: 0.000059 seconds.
  path: Assets/ThirdPart/Nature pack extended/Materials/Mesh1_Brown_Waterfall_ModelMat.mat
  artifactKey: Guid(756715458dca10c438597535324f5088) Importer(815301076,1909f56bfc062723c751e8b465ee728b)
Start importing Assets/ThirdPart/Nature pack extended/Materials/Mesh1_Brown_Waterfall_ModelMat.mat using Guid(756715458dca10c438597535324f5088) Importer(815301076,1909f56bfc062723c751e8b465ee728b)  -> (artifact id: 'b0f4bf69c047ee16bdac08e763f89545') in 0.068041 seconds 
========================================================================
Received Import Request.
  Time since last request: 0.000039 seconds.
  path: Assets/ThirdPart/Nature pack extended/Materials/Mesh1_Water_lily_ModelMat.mat
  artifactKey: Guid(82588077a34c5744e86ec39c85111627) Importer(815301076,1909f56bfc062723c751e8b465ee728b)
Start importing Assets/ThirdPart/Nature pack extended/Materials/Mesh1_Water_lily_ModelMat.mat using Guid(82588077a34c5744e86ec39c85111627) Importer(815301076,1909f56bfc062723c751e8b465ee728b)  -> (artifact id: 'bc58fb2ba44725a60b5cc72739fc5b81') in 0.051296 seconds 
========================================================================
Received Import Request.
  Time since last request: 0.000053 seconds.
  path: Assets/ThirdPart/Nature pack extended/naturePack_143.obj
  artifactKey: Guid(f5df55304d0c05a45913158665cf4064) Importer(815301076,1909f56bfc062723c751e8b465ee728b)
Start importing Assets/ThirdPart/Nature pack extended/naturePack_143.obj using Guid(f5df55304d0c05a45913158665cf4064) Importer(815301076,1909f56bfc062723c751e8b465ee728b)  -> (artifact id: '7a3e99055d574f5ae6cba7537ca8082d') in 0.071706 seconds 
========================================================================
Received Import Request.
  Time since last request: 0.000029 seconds.
  path: Assets/ThirdPart/Polylised - Medieval Desert City/Models/Unique_Buildings/Materials/Water_0.mat
  artifactKey: Guid(f786eb509e963bc4792fc8fa845908d4) Importer(815301076,1909f56bfc062723c751e8b465ee728b)
Start importing Assets/ThirdPart/Polylised - Medieval Desert City/Models/Unique_Buildings/Materials/Water_0.mat using Guid(f786eb509e963bc4792fc8fa845908d4) Importer(815301076,1909f56bfc062723c751e8b465ee728b)  -> (artifact id: '5038138a1a8770576c7dba6b0eae5315') in 0.197664 seconds 
========================================================================
Received Import Request.
  Time since last request: 0.000043 seconds.
  path: Assets/ThirdPart/Polylised - Medieval Desert City/Models/Props/Materials/Water_0.mat
  artifactKey: Guid(36876bde56cb0e34f86803b419d3a767) Importer(815301076,1909f56bfc062723c751e8b465ee728b)
Start importing Assets/ThirdPart/Polylised - Medieval Desert City/Models/Props/Materials/Water_0.mat using Guid(36876bde56cb0e34f86803b419d3a767) Importer(815301076,1909f56bfc062723c751e8b465ee728b)  -> (artifact id: 'e2be3de389dcad41765b830b3ddfe18a') in 0.036915 seconds 
========================================================================
Received Import Request.
  Time since last request: 0.000046 seconds.
  path: Assets/ThirdPart/Polylised - Medieval Desert City/Models/Civilian_Buildings/Materials/Water_0.mat
  artifactKey: Guid(daa0d85512ba7c542ab87da197dcbd3e) Importer(815301076,1909f56bfc062723c751e8b465ee728b)
Start importing Assets/ThirdPart/Polylised - Medieval Desert City/Models/Civilian_Buildings/Materials/Water_0.mat using Guid(daa0d85512ba7c542ab87da197dcbd3e) Importer(815301076,1909f56bfc062723c751e8b465ee728b)  -> (artifact id: '33c5de0d2e6fb9089bb5dd7222e30cf2') in 0.055393 seconds 
========================================================================
Received Import Request.
  Time since last request: 0.000031 seconds.
  path: Assets/ThirdPart/Forest Arena/PrefabsGeneral/WaterPixies.prefab
  artifactKey: Guid(4d1a1b8720d1bc3438a87ab19ed6593a) Importer(815301076,1909f56bfc062723c751e8b465ee728b)
Start importing Assets/ThirdPart/Forest Arena/PrefabsGeneral/WaterPixies.prefab using Guid(4d1a1b8720d1bc3438a87ab19ed6593a) Importer(815301076,1909f56bfc062723c751e8b465ee728b)  -> (artifact id: '1736452ef14f9e50620b8b772ead6387') in 0.130389 seconds 
========================================================================
Received Import Request.
  Time since last request: 0.000058 seconds.
  path: Assets/ThirdPart/Nature pack extended/Materials/Water.mat
  artifactKey: Guid(3d0e7d54132636f4aaee7efd23ed8f36) Importer(815301076,1909f56bfc062723c751e8b465ee728b)
Start importing Assets/ThirdPart/Nature pack extended/Materials/Water.mat using Guid(3d0e7d54132636f4aaee7efd23ed8f36) Importer(815301076,1909f56bfc062723c751e8b465ee728b)  -> (artifact id: '68b6dfd5775409723404283cf2b167c8') in 0.041881 seconds 
========================================================================
Received Import Request.
  Time since last request: 0.000051 seconds.
  path: Assets/ThirdPart/Nature pack extended/Materials/Mesh1_Grey_Waterfall_ModelMat.mat
  artifactKey: Guid(b2941f5a09263a0449d856fef5dd3bb7) Importer(815301076,1909f56bfc062723c751e8b465ee728b)
Start importing Assets/ThirdPart/Nature pack extended/Materials/Mesh1_Grey_Waterfall_ModelMat.mat using Guid(b2941f5a09263a0449d856fef5dd3bb7) Importer(815301076,1909f56bfc062723c751e8b465ee728b)  -> (artifact id: '98bbc32a041c2bbf49c00d93a259d3a6') in 0.050807 seconds 
========================================================================
Received Import Request.
  Time since last request: 0.000039 seconds.
  path: Assets/ThirdPart/Nature pack extended/Materials/Mesh1_Grey_Waterfall_Top_ModelMat.mat
  artifactKey: Guid(4655e97d69e49bb4cae5710116071720) Importer(815301076,1909f56bfc062723c751e8b465ee728b)
Start importing Assets/ThirdPart/Nature pack extended/Materials/Mesh1_Grey_Waterfall_Top_ModelMat.mat using Guid(4655e97d69e49bb4cae5710116071720) Importer(815301076,1909f56bfc062723c751e8b465ee728b)  -> (artifact id: 'd9a1e1d3d5deb3682df6d0740b39eee1') in 0.063549 seconds 
========================================================================
Received Import Request.
  Time since last request: 0.000044 seconds.
  path: Assets/ThirdPart/MegaPack1Lite/TropicalIslandPack1/Terrain/Materials/Water 1.mat
  artifactKey: Guid(81625a86f3e53441b81e5057e20c620f) Importer(815301076,1909f56bfc062723c751e8b465ee728b)
Start importing Assets/ThirdPart/MegaPack1Lite/TropicalIslandPack1/Terrain/Materials/Water 1.mat using Guid(81625a86f3e53441b81e5057e20c620f) Importer(815301076,1909f56bfc062723c751e8b465ee728b)  -> (artifact id: 'da59a362bc889dbcdc18e37c3ee93801') in 0.503855 seconds 
========================================================================
Received Prepare
Registering precompiled user dll's ...
Registered in 0.010244 seconds.
Begin MonoManager ReloadAssembly
Symbol file LoadedFromMemory doesn't match image C:\Users\Algo\Documents\GitHub\project-3d\Library\PackageCache\com.unity.visualscripting@1.7.8\Editor\VisualScripting.Core\Dependencies\YamlDotNet\Unity.VisualScripting.YamlDotNet.dll
Symbol file LoadedFromMemory doesn't match image C:\Users\Algo\Documents\GitHub\project-3d\Library\PackageCache\com.unity.visualscripting@1.7.8\Editor\VisualScripting.Core\Dependencies\DotNetZip\Unity.VisualScripting.IonicZip.dll
Native extension for WindowsStandalone target not found
Refreshing native plugins compatible for Editor in 1.53 ms, found 3 plugins.
Preloading 0 native plugins for Editor in 0.00 ms.
Mono: successfully reloaded assembly
- Completed reload, in  2.275 seconds
Domain Reload Profiling:
	ReloadAssembly (2277ms)
		BeginReloadAssembly (263ms)
			ExecutionOrderSort (0ms)
			DisableScriptedObjects (6ms)
			BackupInstance (0ms)
			ReleaseScriptingObjects (0ms)
			CreateAndSetChildDomain (77ms)
		EndReloadAssembly (1815ms)
			LoadAssemblies (183ms)
			RebuildTransferFunctionScriptingTraits (0ms)
			SetupTypeCache (506ms)
			ReleaseScriptCaches (2ms)
			RebuildScriptCaches (97ms)
			SetupLoadedEditorAssemblies (924ms)
				LogAssemblyErrors (0ms)
				InitializePlatformSupportModulesInManaged (23ms)
				SetLoadedEditorAssemblies (1ms)
				RefreshPlugins (2ms)
				BeforeProcessingInitializeOnLoad (135ms)
				ProcessInitializeOnLoadAttributes (654ms)
				ProcessInitializeOnLoadMethodAttributes (89ms)
				AfterProcessingInitializeOnLoad (20ms)
				EditorAssembliesLoaded (0ms)
			ExecutionOrderSort2 (0ms)
			AwakeInstancesAfterBackupRestoration (26ms)
Platform modules already initialized, skipping
Refreshing native plugins compatible for Editor in 3.82 ms, found 3 plugins.
Preloading 0 native plugins for Editor in 0.00 ms.
Unloading 3373 Unused Serialized files (Serialized files now loaded: 0)
Unloading 22 unused Assets / (80.5 KB). Loaded Objects now: 3906.
Memory consumption went from 138.0 MB to 137.9 MB.
Total: 5.802700 ms (FindLiveObjects: 0.433800 ms CreateObjectMapping: 0.423500 ms MarkObjects: 4.766400 ms  DeleteObjects: 0.177200 ms)

AssetImportParameters requested are different than current active one (requested -> active):
  custom:video-decoder-ogg-theora: a1e56fd34408186e4bbccfd4996cb3dc -> 
  custom:container-muxer-webm: aa71ff27fc2769a1b78a27578f13a17b -> 
  custom:container-demuxer-webm: 4f35f7cbe854078d1ac9338744f61a02 -> 
  custom:video-encoder-webm-vp8: eb34c28f22e8b96e1ab97ce403110664 -> 
  custom:audio-encoder-webm-vorbis: bf7c407c2cedff20999df2af8eb42d56 -> 
  custom:framework-win-MediaFoundation: 216162199b28c13a410421893ffa2e32 -> 
  custom:container-demuxer-ogg: 62fdf1f143b41e24485cea50d1cbac27 -> 
  custom:video-decoder-webm-vp8: 9c59270c3fd7afecdb556c50c9e8de78 -> 
  custom:audio-decoder-ogg-vorbis: bf7c407c2cedff20999df2af8eb42d56 -> 
========================================================================
Received Prepare
Registering precompiled user dll's ...
Registered in 0.011471 seconds.
Begin MonoManager ReloadAssembly
Symbol file LoadedFromMemory doesn't match image C:\Users\Algo\Documents\GitHub\project-3d\Library\PackageCache\com.unity.visualscripting@1.7.8\Editor\VisualScripting.Core\Dependencies\YamlDotNet\Unity.VisualScripting.YamlDotNet.dll
Symbol file LoadedFromMemory doesn't match image C:\Users\Algo\Documents\GitHub\project-3d\Library\PackageCache\com.unity.visualscripting@1.7.8\Editor\VisualScripting.Core\Dependencies\DotNetZip\Unity.VisualScripting.IonicZip.dll
Native extension for WindowsStandalone target not found
Refreshing native plugins compatible for Editor in 1.50 ms, found 3 plugins.
Preloading 0 native plugins for Editor in 0.00 ms.
Mono: successfully reloaded assembly
- Completed reload, in  2.557 seconds
Domain Reload Profiling:
	ReloadAssembly (2559ms)
		BeginReloadAssembly (235ms)
			ExecutionOrderSort (0ms)
			DisableScriptedObjects (9ms)
			BackupInstance (0ms)
			ReleaseScriptingObjects (0ms)
			CreateAndSetChildDomain (57ms)
		EndReloadAssembly (2126ms)
			LoadAssemblies (166ms)
			RebuildTransferFunctionScriptingTraits (0ms)
			SetupTypeCache (567ms)
			ReleaseScriptCaches (3ms)
			RebuildScriptCaches (80ms)
			SetupLoadedEditorAssemblies (1018ms)
				LogAssemblyErrors (0ms)
				InitializePlatformSupportModulesInManaged (25ms)
				SetLoadedEditorAssemblies (1ms)
				RefreshPlugins (2ms)
				BeforeProcessingInitializeOnLoad (163ms)
				ProcessInitializeOnLoadAttributes (706ms)
				ProcessInitializeOnLoadMethodAttributes (94ms)
				AfterProcessingInitializeOnLoad (26ms)
				EditorAssembliesLoaded (0ms)
			ExecutionOrderSort2 (0ms)
			AwakeInstancesAfterBackupRestoration (90ms)
Platform modules already initialized, skipping
Refreshing native plugins compatible for Editor in 19.46 ms, found 3 plugins.
Preloading 0 native plugins for Editor in 0.00 ms.
Unloading 3373 Unused Serialized files (Serialized files now loaded: 0)
Unloading 20 unused Assets / (79.6 KB). Loaded Objects now: 3909.
Memory consumption went from 138.0 MB to 137.9 MB.
Total: 5.831200 ms (FindLiveObjects: 0.444100 ms CreateObjectMapping: 0.485500 ms MarkObjects: 4.720000 ms  DeleteObjects: 0.179900 ms)

AssetImportParameters requested are different than current active one (requested -> active):
  custom:video-decoder-ogg-theora: a1e56fd34408186e4bbccfd4996cb3dc -> 
  custom:container-muxer-webm: aa71ff27fc2769a1b78a27578f13a17b -> 
  custom:container-demuxer-webm: 4f35f7cbe854078d1ac9338744f61a02 -> 
  custom:video-encoder-webm-vp8: eb34c28f22e8b96e1ab97ce403110664 -> 
  custom:audio-encoder-webm-vorbis: bf7c407c2cedff20999df2af8eb42d56 -> 
  custom:framework-win-MediaFoundation: 216162199b28c13a410421893ffa2e32 -> 
  custom:container-demuxer-ogg: 62fdf1f143b41e24485cea50d1cbac27 -> 
  custom:video-decoder-webm-vp8: 9c59270c3fd7afecdb556c50c9e8de78 -> 
  custom:audio-decoder-ogg-vorbis: bf7c407c2cedff20999df2af8eb42d56 -> 
========================================================================
Received Prepare
Registering precompiled user dll's ...
Registered in 0.017034 seconds.
Begin MonoManager ReloadAssembly
Symbol file LoadedFromMemory doesn't match image C:\Users\Algo\Documents\GitHub\project-3d\Library\PackageCache\com.unity.visualscripting@1.7.8\Editor\VisualScripting.Core\Dependencies\YamlDotNet\Unity.VisualScripting.YamlDotNet.dll
Symbol file LoadedFromMemory doesn't match image C:\Users\Algo\Documents\GitHub\project-3d\Library\PackageCache\com.unity.visualscripting@1.7.8\Editor\VisualScripting.Core\Dependencies\DotNetZip\Unity.VisualScripting.IonicZip.dll
Native extension for WindowsStandalone target not found
Refreshing native plugins compatible for Editor in 0.96 ms, found 3 plugins.
Preloading 0 native plugins for Editor in 0.00 ms.
Mono: successfully reloaded assembly
- Completed reload, in  2.267 seconds
Domain Reload Profiling:
	ReloadAssembly (2269ms)
		BeginReloadAssembly (492ms)
			ExecutionOrderSort (0ms)
			DisableScriptedObjects (13ms)
			BackupInstance (0ms)
			ReleaseScriptingObjects (0ms)
			CreateAndSetChildDomain (228ms)
		EndReloadAssembly (1502ms)
			LoadAssemblies (286ms)
			RebuildTransferFunctionScriptingTraits (0ms)
			SetupTypeCache (525ms)
			ReleaseScriptCaches (1ms)
			RebuildScriptCaches (69ms)
			SetupLoadedEditorAssemblies (576ms)
				LogAssemblyErrors (0ms)
				InitializePlatformSupportModulesInManaged (19ms)
				SetLoadedEditorAssemblies (1ms)
				RefreshPlugins (1ms)
				BeforeProcessingInitializeOnLoad (101ms)
				ProcessInitializeOnLoadAttributes (374ms)
				ProcessInitializeOnLoadMethodAttributes (61ms)
				AfterProcessingInitializeOnLoad (18ms)
				EditorAssembliesLoaded (1ms)
			ExecutionOrderSort2 (0ms)
			AwakeInstancesAfterBackupRestoration (13ms)
Platform modules already initialized, skipping
Refreshing native plugins compatible for Editor in 3.77 ms, found 3 plugins.
Preloading 0 native plugins for Editor in 0.00 ms.
Unloading 3374 Unused Serialized files (Serialized files now loaded: 0)
Unloading 20 unused Assets / (79.4 KB). Loaded Objects now: 3913.
Memory consumption went from 138.0 MB to 138.0 MB.
Total: 5.374400 ms (FindLiveObjects: 0.313200 ms CreateObjectMapping: 0.218700 ms MarkObjects: 4.714000 ms  DeleteObjects: 0.126400 ms)

AssetImportParameters requested are different than current active one (requested -> active):
  custom:video-decoder-ogg-theora: a1e56fd34408186e4bbccfd4996cb3dc -> 
  custom:container-muxer-webm: aa71ff27fc2769a1b78a27578f13a17b -> 
  custom:container-demuxer-webm: 4f35f7cbe854078d1ac9338744f61a02 -> 
  custom:video-encoder-webm-vp8: eb34c28f22e8b96e1ab97ce403110664 -> 
  custom:audio-encoder-webm-vorbis: bf7c407c2cedff20999df2af8eb42d56 -> 
  custom:framework-win-MediaFoundation: 216162199b28c13a410421893ffa2e32 -> 
  custom:container-demuxer-ogg: 62fdf1f143b41e24485cea50d1cbac27 -> 
  custom:video-decoder-webm-vp8: 9c59270c3fd7afecdb556c50c9e8de78 -> 
  custom:audio-decoder-ogg-vorbis: bf7c407c2cedff20999df2af8eb42d56 -> 
========================================================================
Received Prepare
Registering precompiled user dll's ...
Registered in 0.011199 seconds.
Begin MonoManager ReloadAssembly
Symbol file LoadedFromMemory doesn't match image C:\Users\Algo\Documents\GitHub\project-3d\Library\PackageCache\com.unity.visualscripting@1.7.8\Editor\VisualScripting.Core\Dependencies\YamlDotNet\Unity.VisualScripting.YamlDotNet.dll
Symbol file LoadedFromMemory doesn't match image C:\Users\Algo\Documents\GitHub\project-3d\Library\PackageCache\com.unity.visualscripting@1.7.8\Editor\VisualScripting.Core\Dependencies\DotNetZip\Unity.VisualScripting.IonicZip.dll
Native extension for WindowsStandalone target not found
Refreshing native plugins compatible for Editor in 1.11 ms, found 3 plugins.
Preloading 0 native plugins for Editor in 0.00 ms.
Mono: successfully reloaded assembly
- Completed reload, in  1.692 seconds
Domain Reload Profiling:
	ReloadAssembly (1694ms)
		BeginReloadAssembly (259ms)
			ExecutionOrderSort (0ms)
			DisableScriptedObjects (10ms)
			BackupInstance (0ms)
			ReleaseScriptingObjects (0ms)
			CreateAndSetChildDomain (78ms)
		EndReloadAssembly (1277ms)
			LoadAssemblies (153ms)
			RebuildTransferFunctionScriptingTraits (0ms)
			SetupTypeCache (410ms)
			ReleaseScriptCaches (1ms)
			RebuildScriptCaches (66ms)
			SetupLoadedEditorAssemblies (599ms)
				LogAssemblyErrors (0ms)
				InitializePlatformSupportModulesInManaged (20ms)
				SetLoadedEditorAssemblies (1ms)
				RefreshPlugins (1ms)
				BeforeProcessingInitializeOnLoad (113ms)
				ProcessInitializeOnLoadAttributes (400ms)
				ProcessInitializeOnLoadMethodAttributes (49ms)
				AfterProcessingInitializeOnLoad (14ms)
				EditorAssembliesLoaded (0ms)
			ExecutionOrderSort2 (0ms)
			AwakeInstancesAfterBackupRestoration (11ms)
Platform modules already initialized, skipping
Refreshing native plugins compatible for Editor in 6.80 ms, found 3 plugins.
Preloading 0 native plugins for Editor in 0.00 ms.
Unloading 3374 Unused Serialized files (Serialized files now loaded: 0)
Unloading 20 unused Assets / (79.5 KB). Loaded Objects now: 3916.
Memory consumption went from 138.0 MB to 138.0 MB.
Total: 5.496200 ms (FindLiveObjects: 0.345100 ms CreateObjectMapping: 0.234500 ms MarkObjects: 4.792700 ms  DeleteObjects: 0.122600 ms)

AssetImportParameters requested are different than current active one (requested -> active):
  custom:video-decoder-ogg-theora: a1e56fd34408186e4bbccfd4996cb3dc -> 
  custom:container-muxer-webm: aa71ff27fc2769a1b78a27578f13a17b -> 
  custom:container-demuxer-webm: 4f35f7cbe854078d1ac9338744f61a02 -> 
  custom:video-encoder-webm-vp8: eb34c28f22e8b96e1ab97ce403110664 -> 
  custom:audio-encoder-webm-vorbis: bf7c407c2cedff20999df2af8eb42d56 -> 
  custom:framework-win-MediaFoundation: 216162199b28c13a410421893ffa2e32 -> 
  custom:container-demuxer-ogg: 62fdf1f143b41e24485cea50d1cbac27 -> 
  custom:video-decoder-webm-vp8: 9c59270c3fd7afecdb556c50c9e8de78 -> 
  custom:audio-decoder-ogg-vorbis: bf7c407c2cedff20999df2af8eb42d56 -> 
========================================================================
Received Import Request.
  Time since last request: 715.846428 seconds.
  path: Assets/Code/Tp.cs
  artifactKey: Guid(d548afe0e568ce1498610d1268f284a5) Importer(815301076,1909f56bfc062723c751e8b465ee728b)
Start importing Assets/Code/Tp.cs using Guid(d548afe0e568ce1498610d1268f284a5) Importer(815301076,1909f56bfc062723c751e8b465ee728b)  -> (artifact id: 'a66401ad333462938d01f7987002dc84') in 0.012437 seconds 
========================================================================
Received Prepare
Registering precompiled user dll's ...
Registered in 0.011108 seconds.
Begin MonoManager ReloadAssembly
Symbol file LoadedFromMemory doesn't match image C:\Users\Algo\Documents\GitHub\project-3d\Library\PackageCache\com.unity.visualscripting@1.7.8\Editor\VisualScripting.Core\Dependencies\YamlDotNet\Unity.VisualScripting.YamlDotNet.dll
Symbol file LoadedFromMemory doesn't match image C:\Users\Algo\Documents\GitHub\project-3d\Library\PackageCache\com.unity.visualscripting@1.7.8\Editor\VisualScripting.Core\Dependencies\DotNetZip\Unity.VisualScripting.IonicZip.dll
Native extension for WindowsStandalone target not found
Refreshing native plugins compatible for Editor in 1.14 ms, found 3 plugins.
Preloading 0 native plugins for Editor in 0.00 ms.
Mono: successfully reloaded assembly
- Completed reload, in  2.575 seconds
Domain Reload Profiling:
	ReloadAssembly (2576ms)
		BeginReloadAssembly (256ms)
			ExecutionOrderSort (0ms)
			DisableScriptedObjects (9ms)
			BackupInstance (0ms)
			ReleaseScriptingObjects (0ms)
			CreateAndSetChildDomain (75ms)
		EndReloadAssembly (2112ms)
			LoadAssemblies (183ms)
			RebuildTransferFunctionScriptingTraits (0ms)
			SetupTypeCache (557ms)
			ReleaseScriptCaches (2ms)
			RebuildScriptCaches (78ms)
			SetupLoadedEditorAssemblies (1123ms)
				LogAssemblyErrors (0ms)
				InitializePlatformSupportModulesInManaged (27ms)
				SetLoadedEditorAssemblies (1ms)
				RefreshPlugins (1ms)
				BeforeProcessingInitializeOnLoad (207ms)
				ProcessInitializeOnLoadAttributes (755ms)
				ProcessInitializeOnLoadMethodAttributes (106ms)
				AfterProcessingInitializeOnLoad (27ms)
				EditorAssembliesLoaded (1ms)
			ExecutionOrderSort2 (0ms)
			AwakeInstancesAfterBackupRestoration (26ms)
Platform modules already initialized, skipping
Refreshing native plugins compatible for Editor in 4.01 ms, found 3 plugins.
Preloading 0 native plugins for Editor in 0.00 ms.
Unloading 3374 Unused Serialized files (Serialized files now loaded: 0)
Unloading 20 unused Assets / (79.5 KB). Loaded Objects now: 3919.
Memory consumption went from 138.1 MB to 138.0 MB.
Total: 5.921100 ms (FindLiveObjects: 0.401200 ms CreateObjectMapping: 0.356600 ms MarkObjects: 4.944000 ms  DeleteObjects: 0.216800 ms)

AssetImportParameters requested are different than current active one (requested -> active):
  custom:video-decoder-ogg-theora: a1e56fd34408186e4bbccfd4996cb3dc -> 
  custom:container-muxer-webm: aa71ff27fc2769a1b78a27578f13a17b -> 
  custom:container-demuxer-webm: 4f35f7cbe854078d1ac9338744f61a02 -> 
  custom:video-encoder-webm-vp8: eb34c28f22e8b96e1ab97ce403110664 -> 
  custom:audio-encoder-webm-vorbis: bf7c407c2cedff20999df2af8eb42d56 -> 
  custom:framework-win-MediaFoundation: 216162199b28c13a410421893ffa2e32 -> 
  custom:container-demuxer-ogg: 62fdf1f143b41e24485cea50d1cbac27 -> 
  custom:video-decoder-webm-vp8: 9c59270c3fd7afecdb556c50c9e8de78 -> 
  custom:audio-decoder-ogg-vorbis: bf7c407c2cedff20999df2af8eb42d56 -> 
========================================================================
Received Prepare
Registering precompiled user dll's ...
Registered in 0.011479 seconds.
Begin MonoManager ReloadAssembly
Symbol file LoadedFromMemory doesn't match image C:\Users\Algo\Documents\GitHub\project-3d\Library\PackageCache\com.unity.visualscripting@1.7.8\Editor\VisualScripting.Core\Dependencies\YamlDotNet\Unity.VisualScripting.YamlDotNet.dll
Symbol file LoadedFromMemory doesn't match image C:\Users\Algo\Documents\GitHub\project-3d\Library\PackageCache\com.unity.visualscripting@1.7.8\Editor\VisualScripting.Core\Dependencies\DotNetZip\Unity.VisualScripting.IonicZip.dll
Native extension for WindowsStandalone target not found
Refreshing native plugins compatible for Editor in 1.04 ms, found 3 plugins.
Preloading 0 native plugins for Editor in 0.00 ms.
Mono: successfully reloaded assembly
- Completed reload, in  2.389 seconds
Domain Reload Profiling:
	ReloadAssembly (2391ms)
		BeginReloadAssembly (296ms)
			ExecutionOrderSort (0ms)
			DisableScriptedObjects (11ms)
			BackupInstance (0ms)
			ReleaseScriptingObjects (0ms)
			CreateAndSetChildDomain (75ms)
		EndReloadAssembly (1899ms)
			LoadAssemblies (191ms)
			RebuildTransferFunctionScriptingTraits (0ms)
			SetupTypeCache (545ms)
			ReleaseScriptCaches (2ms)
			RebuildScriptCaches (86ms)
			SetupLoadedEditorAssemblies (986ms)
				LogAssemblyErrors (0ms)
				InitializePlatformSupportModulesInManaged (20ms)
				SetLoadedEditorAssemblies (1ms)
				RefreshPlugins (1ms)
				BeforeProcessingInitializeOnLoad (168ms)
				ProcessInitializeOnLoadAttributes (673ms)
				ProcessInitializeOnLoadMethodAttributes (101ms)
				AfterProcessingInitializeOnLoad (23ms)
				EditorAssembliesLoaded (1ms)
			ExecutionOrderSort2 (0ms)
			AwakeInstancesAfterBackupRestoration (25ms)
Platform modules already initialized, skipping
Refreshing native plugins compatible for Editor in 5.95 ms, found 3 plugins.
Preloading 0 native plugins for Editor in 0.00 ms.
Unloading 3374 Unused Serialized files (Serialized files now loaded: 0)
Unloading 20 unused Assets / (79.4 KB). Loaded Objects now: 3922.
Memory consumption went from 138.1 MB to 138.0 MB.
Total: 8.327900 ms (FindLiveObjects: 0.422200 ms CreateObjectMapping: 0.407000 ms MarkObjects: 7.308000 ms  DeleteObjects: 0.188300 ms)

AssetImportParameters requested are different than current active one (requested -> active):
  custom:video-decoder-ogg-theora: a1e56fd34408186e4bbccfd4996cb3dc -> 
  custom:container-muxer-webm: aa71ff27fc2769a1b78a27578f13a17b -> 
  custom:container-demuxer-webm: 4f35f7cbe854078d1ac9338744f61a02 -> 
  custom:video-encoder-webm-vp8: eb34c28f22e8b96e1ab97ce403110664 -> 
  custom:audio-encoder-webm-vorbis: bf7c407c2cedff20999df2af8eb42d56 -> 
  custom:framework-win-MediaFoundation: 216162199b28c13a410421893ffa2e32 -> 
  custom:container-demuxer-ogg: 62fdf1f143b41e24485cea50d1cbac27 -> 
  custom:video-decoder-webm-vp8: 9c59270c3fd7afecdb556c50c9e8de78 -> 
  custom:audio-decoder-ogg-vorbis: bf7c407c2cedff20999df2af8eb42d56 -> 
